info: ::1 - - [13/Mar/2022:10:01:51 +0000] "GET /notes HTTP/1.1" 404 47 "-" "Mozilla/5.0 (Windows NT 10.0; Win64; x64) AppleWebKit/537.36 (KHTML, like Gecko) Chrome/99.0.4844.51 Safari/537.36"

info: ::1 - - [13/Mar/2022:10:01:51 +0000] "GET /favicon.ico HTTP/1.1" 404 47 "-" "Mozilla/5.0 (Windows NT 10.0; Win64; x64) AppleWebKit/537.36 (KHTML, like Gecko) Chrome/99.0.4844.51 Safari/537.36"

info: ::1 - - [13/Mar/2022:10:01:55 +0000] "GET /notes HTTP/1.1" 404 47 "-" "Mozilla/5.0 (Windows NT 10.0; Win64; x64) AppleWebKit/537.36 (KHTML, like Gecko) Chrome/99.0.4844.51 Safari/537.36"

info: ::1 - - [13/Mar/2022:10:01:56 +0000] "GET /notes HTTP/1.1" 404 47 "-" "Mozilla/5.0 (Windows NT 10.0; Win64; x64) AppleWebKit/537.36 (KHTML, like Gecko) Chrome/99.0.4844.51 Safari/537.36"

info: ::1 - - [13/Mar/2022:10:01:56 +0000] "GET /notes HTTP/1.1" 404 47 "-" "Mozilla/5.0 (Windows NT 10.0; Win64; x64) AppleWebKit/537.36 (KHTML, like Gecko) Chrome/99.0.4844.51 Safari/537.36"

info: ::1 - - [13/Mar/2022:10:01:56 +0000] "GET /notes HTTP/1.1" 404 47 "-" "Mozilla/5.0 (Windows NT 10.0; Win64; x64) AppleWebKit/537.36 (KHTML, like Gecko) Chrome/99.0.4844.51 Safari/537.36"

info: ::1 - - [13/Mar/2022:10:02:12 +0000] "POST /notes HTTP/1.1" 404 47 "-" "PostmanRuntime/7.29.0"

info: ::1 - - [13/Mar/2022:10:03:09 +0000] "GET /notes HTTP/1.1" 404 47 "-" "PostmanRuntime/7.29.0"

info: ::1 - - [13/Mar/2022:10:03:51 +0000] "GET /notes HTTP/1.1" 404 47 "-" "PostmanRuntime/7.29.0"

info: ::1 - - [13/Mar/2022:10:03:57 +0000] "POST /notes HTTP/1.1" 404 47 "-" "PostmanRuntime/7.29.0"

info: ::1 - - [13/Mar/2022:10:04:20 +0000] "GET /notes HTTP/1.1" 404 47 "-" "Mozilla/5.0 (Windows NT 10.0; Win64; x64) AppleWebKit/537.36 (KHTML, like Gecko) Chrome/99.0.4844.51 Safari/537.36"

info: ::1 - - [13/Mar/2022:10:05:29 +0000] "GET /notes HTTP/1.1" 404 47 "-" "Mozilla/5.0 (Windows NT 10.0; Win64; x64) AppleWebKit/537.36 (KHTML, like Gecko) Chrome/99.0.4844.51 Safari/537.36"

info: ::1 - - [13/Mar/2022:10:06:20 +0000] "POST / HTTP/1.1" 404 47 "-" "PostmanRuntime/7.29.0"

info: ::1 - - [13/Mar/2022:10:07:05 +0000] "POST /users HTTP/1.1" 404 47 "-" "PostmanRuntime/7.29.0"

info: ::1 - - [13/Mar/2022:10:09:18 +0000] "POST /users HTTP/1.1" 404 47 "-" "PostmanRuntime/7.29.0"

info: ::1 - - [13/Mar/2022:10:11:39 +0000] "POST /api/v1/ HTTP/1.1" 404 47 "-" "PostmanRuntime/7.29.0"

info: ::1 - - [13/Mar/2022:10:12:07 +0000] "POST /api/v1/ HTTP/1.1" 404 47 "-" "PostmanRuntime/7.29.0"

info: ::1 - - [13/Mar/2022:10:12:17 +0000] "POST / HTTP/1.1" 404 47 "-" "PostmanRuntime/7.29.0"

info: ::1 - - [13/Mar/2022:10:12:46 +0000] "POST /users HTTP/1.1" 404 47 "-" "PostmanRuntime/7.29.0"

info: ::1 - - [13/Mar/2022:10:19:37 +0000] "GET /notes HTTP/1.1" 404 47 "-" "Mozilla/5.0 (Windows NT 10.0; Win64; x64) AppleWebKit/537.36 (KHTML, like Gecko) Chrome/99.0.4844.51 Safari/537.36"

info: ::1 - - [13/Mar/2022:10:19:37 +0000] "GET /notes HTTP/1.1" 404 47 "-" "Mozilla/5.0 (Windows NT 10.0; Win64; x64) AppleWebKit/537.36 (KHTML, like Gecko) Chrome/99.0.4844.51 Safari/537.36"

info: ::1 - - [13/Mar/2022:10:19:38 +0000] "GET /notes HTTP/1.1" 404 47 "-" "Mozilla/5.0 (Windows NT 10.0; Win64; x64) AppleWebKit/537.36 (KHTML, like Gecko) Chrome/99.0.4844.51 Safari/537.36"

info: ::1 - - [13/Mar/2022:10:19:38 +0000] "GET /notes HTTP/1.1" 404 47 "-" "Mozilla/5.0 (Windows NT 10.0; Win64; x64) AppleWebKit/537.36 (KHTML, like Gecko) Chrome/99.0.4844.51 Safari/537.36"

info: ::1 - - [13/Mar/2022:10:19:39 +0000] "GET /notes HTTP/1.1" 404 47 "-" "Mozilla/5.0 (Windows NT 10.0; Win64; x64) AppleWebKit/537.36 (KHTML, like Gecko) Chrome/99.0.4844.51 Safari/537.36"

info: ::1 - - [13/Mar/2022:10:19:39 +0000] "GET /notes HTTP/1.1" 404 47 "-" "Mozilla/5.0 (Windows NT 10.0; Win64; x64) AppleWebKit/537.36 (KHTML, like Gecko) Chrome/99.0.4844.51 Safari/537.36"

info: ::1 - - [13/Mar/2022:10:19:39 +0000] "GET /notes HTTP/1.1" 404 47 "-" "Mozilla/5.0 (Windows NT 10.0; Win64; x64) AppleWebKit/537.36 (KHTML, like Gecko) Chrome/99.0.4844.51 Safari/537.36"

info: ::1 - - [13/Mar/2022:10:19:39 +0000] "GET /notes HTTP/1.1" 404 47 "-" "Mozilla/5.0 (Windows NT 10.0; Win64; x64) AppleWebKit/537.36 (KHTML, like Gecko) Chrome/99.0.4844.51 Safari/537.36"

info: ::1 - - [13/Mar/2022:10:19:39 +0000] "GET /notes HTTP/1.1" 404 47 "-" "Mozilla/5.0 (Windows NT 10.0; Win64; x64) AppleWebKit/537.36 (KHTML, like Gecko) Chrome/99.0.4844.51 Safari/537.36"

info: ::1 - - [13/Mar/2022:10:19:40 +0000] "GET /notes HTTP/1.1" 404 47 "-" "Mozilla/5.0 (Windows NT 10.0; Win64; x64) AppleWebKit/537.36 (KHTML, like Gecko) Chrome/99.0.4844.51 Safari/537.36"

info: ::1 - - [13/Mar/2022:10:19:40 +0000] "GET /notes HTTP/1.1" 404 47 "-" "Mozilla/5.0 (Windows NT 10.0; Win64; x64) AppleWebKit/537.36 (KHTML, like Gecko) Chrome/99.0.4844.51 Safari/537.36"

info: ::1 - - [13/Mar/2022:10:19:40 +0000] "GET /notes HTTP/1.1" 404 47 "-" "Mozilla/5.0 (Windows NT 10.0; Win64; x64) AppleWebKit/537.36 (KHTML, like Gecko) Chrome/99.0.4844.51 Safari/537.36"

info: ::1 - - [13/Mar/2022:10:19:40 +0000] "GET /notes HTTP/1.1" 404 47 "-" "Mozilla/5.0 (Windows NT 10.0; Win64; x64) AppleWebKit/537.36 (KHTML, like Gecko) Chrome/99.0.4844.51 Safari/537.36"

info: ::1 - - [13/Mar/2022:10:19:40 +0000] "GET /notes HTTP/1.1" 404 47 "-" "Mozilla/5.0 (Windows NT 10.0; Win64; x64) AppleWebKit/537.36 (KHTML, like Gecko) Chrome/99.0.4844.51 Safari/537.36"

info: ::1 - - [13/Mar/2022:10:19:40 +0000] "GET /notes HTTP/1.1" 404 47 "-" "Mozilla/5.0 (Windows NT 10.0; Win64; x64) AppleWebKit/537.36 (KHTML, like Gecko) Chrome/99.0.4844.51 Safari/537.36"

info: ::1 - - [13/Mar/2022:10:19:41 +0000] "GET /notes HTTP/1.1" 404 47 "-" "Mozilla/5.0 (Windows NT 10.0; Win64; x64) AppleWebKit/537.36 (KHTML, like Gecko) Chrome/99.0.4844.51 Safari/537.36"

info: ::ffff:127.0.0.1 - - [13/Mar/2022:10:21:35 +0000] "GET /api/v1/ HTTP/1.1" 200 9 "-" "Mozilla/5.0 (Windows NT 10.0; Win64; x64; rv:98.0) Gecko/20100101 Firefox/98.0"

info: ::1 - - [13/Mar/2022:10:29:26 +0000] "POST /api/v1/ HTTP/1.1" 404 47 "-" "PostmanRuntime/7.29.0"

info: ::1 - - [13/Mar/2022:10:29:41 +0000] "POST /api/v1/ HTTP/1.1" 404 47 "-" "PostmanRuntime/7.29.0"

info: ::1 - - [13/Mar/2022:10:30:40 +0000] "POST /api/v1/ HTTP/1.1" 404 47 "-" "PostmanRuntime/7.29.0"

info: ::1 - - [13/Mar/2022:10:30:56 +0000] "POST /api/v1/ HTTP/1.1" 404 47 "-" "PostmanRuntime/7.29.0"

info: ::ffff:127.0.0.1 - - [13/Mar/2022:10:32:44 +0000] "GET /api/v1/ HTTP/1.1" 304 - "-" "Mozilla/5.0 (Windows NT 10.0; Win64; x64; rv:98.0) Gecko/20100101 Firefox/98.0"

info: ::ffff:127.0.0.1 - - [13/Mar/2022:10:32:50 +0000] "GET /api/v1/ HTTP/1.1" 304 - "-" "Mozilla/5.0 (Windows NT 10.0; Win64; x64; rv:98.0) Gecko/20100101 Firefox/98.0"

info: ::1 - - [13/Mar/2022:10:33:12 +0000] "GET /api/v1/ HTTP/1.1" 200 9 "-" "PostmanRuntime/7.29.0"

info: ::1 - - [13/Mar/2022:10:33:19 +0000] "POST /api/v1/ HTTP/1.1" 404 47 "-" "PostmanRuntime/7.29.0"

info: ::1 - - [13/Mar/2022:10:33:43 +0000] "GET /users HTTP/1.1" 404 47 "-" "PostmanRuntime/7.29.0"

info: ::1 - - [13/Mar/2022:10:33:53 +0000] "POST / HTTP/1.1" 404 47 "-" "PostmanRuntime/7.29.0"

info: ::1 - - [13/Mar/2022:10:34:01 +0000] "POST / HTTP/1.1" 404 47 "-" "PostmanRuntime/7.29.0"

info: ::1 - - [13/Mar/2022:10:34:52 +0000] "POST /users HTTP/1.1" 404 47 "-" "PostmanRuntime/7.29.0"

info: ::ffff:127.0.0.1 - - [13/Mar/2022:10:36:44 +0000] "GET /api/v1/ HTTP/1.1" 200 9 "-" "Mozilla/5.0 (Windows NT 10.0; Win64; x64; rv:98.0) Gecko/20100101 Firefox/98.0"

info: ::1 - - [13/Mar/2022:10:37:16 +0000] "GET /users HTTP/1.1" 404 47 "-" "PostmanRuntime/7.29.0"

info: ::1 - - [13/Mar/2022:10:38:52 +0000] "POST /users HTTP/1.1" 404 47 "-" "PostmanRuntime/7.29.0"

info: ::1 - - [13/Mar/2022:10:39:01 +0000] "POST /api/v1/ HTTP/1.1" 404 47 "-" "PostmanRuntime/7.29.0"

info: ::1 - - [13/Mar/2022:10:39:08 +0000] "POST / HTTP/1.1" 404 47 "-" "PostmanRuntime/7.29.0"

info: ::1 - - [13/Mar/2022:10:39:17 +0000] "POST / HTTP/1.1" 404 47 "-" "PostmanRuntime/7.29.0"

info: ::1 - - [13/Mar/2022:10:39:21 +0000] "POST /post HTTP/1.1" 404 47 "-" "PostmanRuntime/7.29.0"

info: ::1 - - [13/Mar/2022:10:39:21 +0000] "POST /post HTTP/1.1" 404 47 "-" "PostmanRuntime/7.29.0"

info: ::1 - - [13/Mar/2022:10:39:25 +0000] "POST / HTTP/1.1" 404 47 "-" "PostmanRuntime/7.29.0"

info: ::1 - - [13/Mar/2022:10:39:34 +0000] "POST /api/v1/ HTTP/1.1" 404 47 "-" "PostmanRuntime/7.29.0"

info: ::1 - - [13/Mar/2022:10:40:10 +0000] "POST /api/v1/ HTTP/1.1" 404 47 "-" "PostmanRuntime/7.29.0"

info: ::1 - - [13/Mar/2022:10:40:15 +0000] "GET /api/v1/ HTTP/1.1" 200 9 "-" "PostmanRuntime/7.29.0"

info: ::1 - - [13/Mar/2022:10:41:15 +0000] "POST /api/v1/users HTTP/1.1" 201 195 "-" "PostmanRuntime/7.29.0"

info: ::1 - - [13/Mar/2022:10:41:31 +0000] "GET /api/v1/users HTTP/1.1" 200 36691 "-" "PostmanRuntime/7.29.0"

info: ::1 - - [13/Mar/2022:10:43:45 +0000] "GET /api/v1/622dca4a87f305144818e82d HTTP/1.1" 404 47 "-" "PostmanRuntime/7.29.0"

info: ::1 - - [13/Mar/2022:10:43:59 +0000] "GET /api/v1/ HTTP/1.1" 200 9 "-" "PostmanRuntime/7.29.0"

info: ::1 - - [13/Mar/2022:10:44:32 +0000] "GET /api/v1/622dca4a87f305144818e82d HTTP/1.1" 404 47 "-" "PostmanRuntime/7.29.0"

info: ::1 - - [13/Mar/2022:10:44:42 +0000] "GET /api/v1/users/622dca4a87f305144818e82d HTTP/1.1" 400 56 "-" "PostmanRuntime/7.29.0"

info: ::1 - - [13/Mar/2022:10:44:52 +0000] "GET /api/v1/users/622dca4a87f305144818e82d HTTP/1.1" 400 56 "-" "PostmanRuntime/7.29.0"

info: ::1 - - [13/Mar/2022:10:45:06 +0000] "GET /api/v1/622dca4a87f305144818e82d HTTP/1.1" 404 47 "-" "PostmanRuntime/7.29.0"

info: ::1 - - [13/Mar/2022:10:45:16 +0000] "GET /api/v1/ HTTP/1.1" 200 9 "-" "PostmanRuntime/7.29.0"

info: ::1 - - [13/Mar/2022:10:45:23 +0000] "GET /api/v1/users HTTP/1.1" 200 36691 "-" "PostmanRuntime/7.29.0"

info: ::1 - - [13/Mar/2022:10:45:43 +0000] "GET /api/v1/6220b6d7a3a3f56a7443d0d5 HTTP/1.1" 404 47 "-" "PostmanRuntime/7.29.0"

