info: ::1 - - [17/Mar/2022:02:24:19 +0000] "GET /api/v1/note/6231b94313bc811c307c7d8b HTTP/1.1" 200 249 "-" "PostmanRuntime/7.29.0"

info: ::1 - - [17/Mar/2022:03:06:55 +0000] "GET /api/v1/note/6231b94313bc811c307c7d8b HTTP/1.1" 200 249 "-" "PostmanRuntime/7.29.0"

info: ::1 - - [17/Mar/2022:03:08:10 +0000] "PUT /api/v1/note/6231b94313bc811c307c7d8b HTTP/1.1" 202 241 "-" "PostmanRuntime/7.29.0"

info: ::1 - - [17/Mar/2022:03:08:34 +0000] "DELETE /api/v1/note/6231b94313bc811c307c7d8b HTTP/1.1" 200 60 "-" "PostmanRuntime/7.29.0"

info: ::1 - - [17/Mar/2022:03:16:06 +0000] "GET /api/v1/note HTTP/1.1" 200 436 "-" "PostmanRuntime/7.29.0"

info: ::1 - - [17/Mar/2022:03:17:58 +0000] "POST /api/v1/users/registration HTTP/1.1" 201 325 "-" "PostmanRuntime/7.29.0"

info: ::1 - - [17/Mar/2022:03:18:11 +0000] "GET /api/v1/users/login HTTP/1.1" 200 232 "-" "PostmanRuntime/7.29.0"

info: ::1 - - [17/Mar/2022:03:19:13 +0000] "GET /api/v1/note HTTP/1.1" 200 436 "-" "PostmanRuntime/7.29.0"

info: ::1 - - [17/Mar/2022:03:24:03 +0000] "GET /api/v1/note HTTP/1.1" 200 436 "-" "PostmanRuntime/7.29.0"

info: ::1 - - [17/Mar/2022:03:24:11 +0000] "POST /api/v1/note HTTP/1.1" 201 223 "-" "PostmanRuntime/7.29.0"

info: ::1 - - [17/Mar/2022:03:25:04 +0000] "GET /api/v1/users/login HTTP/1.1" 200 232 "-" "PostmanRuntime/7.29.0"

info: ::1 - - [17/Mar/2022:03:26:40 +0000] "POST /api/v1/note HTTP/1.1" 201 223 "-" "PostmanRuntime/7.29.0"

info: ::1 - - [17/Mar/2022:03:27:19 +0000] "POST /api/v1/note HTTP/1.1" 201 223 "-" "PostmanRuntime/7.29.0"

info: ::1 - - [17/Mar/2022:03:36:33 +0000] "POST /api/v1/note HTTP/1.1" 201 223 "-" "PostmanRuntime/7.29.0"

info: ::1 - - [17/Mar/2022:03:41:38 +0000] "POST /api/v1/note HTTP/1.1" 201 251 "-" "PostmanRuntime/7.29.0"

info: ::1 - - [17/Mar/2022:03:42:53 +0000] "POST /api/v1/note HTTP/1.1" 201 251 "-" "PostmanRuntime/7.29.0"

info: ::1 - - [17/Mar/2022:08:20:34 +0000] "POST /api/v1/note HTTP/1.1" 201 251 "-" "PostmanRuntime/7.29.0"

info: ::1 - - [17/Mar/2022:08:21:26 +0000] "GET /api/v1/note/6232ef5291c6b802cc4d9659 HTTP/1.1" 200 251 "-" "PostmanRuntime/7.29.0"

info: ::1 - - [17/Mar/2022:08:22:15 +0000] "GET /api/v1/note/6232a8665db8b54098032d3a HTTP/1.1" 200 62 "-" "PostmanRuntime/7.29.0"

info: ::1 - - [17/Mar/2022:08:27:51 +0000] "GET /api/v1/note/6232a8665db8b54098032d3a HTTP/1.1" 200 62 "-" "PostmanRuntime/7.29.0"

info: ::1 - - [17/Mar/2022:08:28:48 +0000] "GET /api/v1/note/6232a8665db8b54098032d3a HTTP/1.1" 200 62 "-" "PostmanRuntime/7.29.0"

info: ::1 - - [17/Mar/2022:08:30:07 +0000] "GET /api/v1/note HTTP/1.1" 500 54 "-" "PostmanRuntime/7.29.0"

info: ::1 - - [17/Mar/2022:08:30:51 +0000] "GET /api/v1/note HTTP/1.1" 500 53 "-" "PostmanRuntime/7.29.0"

info: ::1 - - [17/Mar/2022:08:31:54 +0000] "GET /api/v1/note HTTP/1.1" 200 1682 "-" "PostmanRuntime/7.29.0"

info: ::1 - - [17/Mar/2022:08:32:54 +0000] "GET /api/v1/note/6232ae3d1d8e473ad0d18864 HTTP/1.1" 200 251 "-" "PostmanRuntime/7.29.0"

info: ::1 - - [17/Mar/2022:09:04:13 +0000] "GET /api/v1/note/6232ae3d1d8e473ad0d18864 HTTP/1.1" 200 251 "-" "PostmanRuntime/7.29.0"

info: ::1 - - [17/Mar/2022:09:04:22 +0000] "GET /api/v1/note HTTP/1.1" 200 1682 "-" "PostmanRuntime/7.29.0"

info: ::1 - - [17/Mar/2022:09:09:20 +0000] "POST /api/v1/users/registration HTTP/1.1" 201 322 "-" "PostmanRuntime/7.29.0"

info: ::1 - - [17/Mar/2022:09:11:19 +0000] "GET /api/v1/users/login HTTP/1.1" 200 201 "-" "PostmanRuntime/7.29.0"

info: ::1 - - [17/Mar/2022:09:14:07 +0000] "POST /api/v1/note HTTP/1.1" 201 263 "-" "PostmanRuntime/7.29.0"

info: ::1 - - [17/Mar/2022:09:14:41 +0000] "POST /api/v1/note HTTP/1.1" 201 265 "-" "PostmanRuntime/7.29.0"

info: ::1 - - [17/Mar/2022:09:14:56 +0000] "POST /api/v1/note HTTP/1.1" 201 264 "-" "PostmanRuntime/7.29.0"

info: ::1 - - [17/Mar/2022:09:15:38 +0000] "GET /api/v1/note HTTP/1.1" 200 1223 "-" "PostmanRuntime/7.29.0"

info: ::1 - - [17/Mar/2022:09:17:17 +0000] "GET /api/v1/note HTTP/1.1" 500 53 "-" "PostmanRuntime/7.29.0"

info: ::1 - - [17/Mar/2022:09:18:32 +0000] "GET /api/v1/note HTTP/1.1" 500 104 "-" "PostmanRuntime/7.29.0"

info: ::1 - - [17/Mar/2022:09:19:27 +0000] "GET /api/v1/note HTTP/1.1" 500 79 "-" "PostmanRuntime/7.29.0"

info: ::1 - - [17/Mar/2022:09:21:34 +0000] "GET /api/v1/note HTTP/1.1" 500 53 "-" "PostmanRuntime/7.29.0"

info: ::1 - - [17/Mar/2022:09:22:17 +0000] "GET /api/v1/note HTTP/1.1" 200 1223 "-" "PostmanRuntime/7.29.0"

info: ::1 - - [17/Mar/2022:09:35:11 +0000] "GET /api/v1/note HTTP/1.1" 200 1223 "-" "PostmanRuntime/7.29.0"

info: ::1 - - [17/Mar/2022:09:36:05 +0000] "GET /api/v1/note HTTP/1.1" 200 1223 "-" "PostmanRuntime/7.29.0"

info: ::1 - - [17/Mar/2022:09:38:45 +0000] "GET /api/v1/users/registration HTTP/1.1" 404 47 "-" "PostmanRuntime/7.29.0"

info: ::1 - - [17/Mar/2022:09:39:12 +0000] "POST /api/v1/users/registration HTTP/1.1" 201 322 "-" "PostmanRuntime/7.29.0"

info: ::1 - - [17/Mar/2022:09:39:45 +0000] "GET /api/v1/users/login HTTP/1.1" 200 201 "-" "PostmanRuntime/7.29.0"

info: ::1 - - [17/Mar/2022:09:40:52 +0000] "POST /api/v1/note HTTP/1.1" 201 254 "-" "PostmanRuntime/7.29.0"

info: ::1 - - [17/Mar/2022:09:41:03 +0000] "POST /api/v1/note HTTP/1.1" 201 256 "-" "PostmanRuntime/7.29.0"

info: ::1 - - [17/Mar/2022:09:43:57 +0000] "GET /api/v1/note/623301c03dd1fa2e1cc1b717 HTTP/1.1" 200 62 "-" "PostmanRuntime/7.29.0"

info: ::1 - - [17/Mar/2022:09:44:54 +0000] "GET /api/v1/note/623301c03dd1fa2e1cc1b717 HTTP/1.1" 200 62 "-" "PostmanRuntime/7.29.0"

info: ::1 - - [17/Mar/2022:09:45:06 +0000] "GET /api/v1/note HTTP/1.1" 200 1081 "-" "PostmanRuntime/7.29.0"

info: ::1 - - [17/Mar/2022:09:47:27 +0000] "GET /api/v1/note HTTP/1.1" 200 1081 "-" "PostmanRuntime/7.29.0"

info: ::1 - - [17/Mar/2022:09:54:31 +0000] "GET /api/v1/note/6233022f3dd1fa2e1cc1b71c HTTP/1.1" 200 256 "-" "PostmanRuntime/7.29.0"

info: ::1 - - [17/Mar/2022:09:55:43 +0000] "GET /api/v1/note/623301c03dd1fa2e1cc1b717 HTTP/1.1" 200 62 "-" "PostmanRuntime/7.29.0"

info: ::1 - - [17/Mar/2022:09:56:28 +0000] "GET /api/v1/note HTTP/1.1" 500 54 "-" "PostmanRuntime/7.29.0"

info: ::1 - - [17/Mar/2022:09:57:40 +0000] "GET /api/v1/note HTTP/1.1" 500 53 "-" "PostmanRuntime/7.29.0"

info: ::1 - - [17/Mar/2022:09:58:30 +0000] "GET /api/v1/note HTTP/1.1" 500 53 "-" "PostmanRuntime/7.29.0"

info: ::1 - - [17/Mar/2022:09:59:30 +0000] "GET /api/v1/note HTTP/1.1" 500 87 "-" "PostmanRuntime/7.29.0"

info: ::1 - - [17/Mar/2022:10:01:35 +0000] "GET /api/v1/note HTTP/1.1" 200 1081 "-" "PostmanRuntime/7.29.0"

info: ::1 - - [17/Mar/2022:10:02:28 +0000] "GET /api/v1/note HTTP/1.1" 500 56 "-" "PostmanRuntime/7.29.0"

info: ::1 - - [17/Mar/2022:10:03:19 +0000] "GET /api/v1/note HTTP/1.1" 500 53 "-" "PostmanRuntime/7.29.0"

info: ::1 - - [17/Mar/2022:10:07:07 +0000] "GET /api/v1/note HTTP/1.1" 200 460 "-" "PostmanRuntime/7.29.0"

info: ::1 - - [17/Mar/2022:10:08:22 +0000] "GET /api/v1/note/623302243dd1fa2e1cc1b71a HTTP/1.1" 500 89 "-" "PostmanRuntime/7.29.0"

info: ::1 - - [17/Mar/2022:10:15:12 +0000] "GET /api/v1/note HTTP/1.1" 200 685 "-" "PostmanRuntime/7.29.0"

info: ::1 - - [17/Mar/2022:10:16:20 +0000] "GET /api/v1/note/6232fbdf492a0d2994016578 HTTP/1.1" 200 263 "-" "PostmanRuntime/7.29.0"

info: ::1 - - [17/Mar/2022:10:16:50 +0000] "GET /api/v1/note HTTP/1.1" 500 89 "-" "PostmanRuntime/7.29.0"

info: ::1 - - [17/Mar/2022:10:16:59 +0000] "GET /api/v1/note HTTP/1.1" 500 89 "-" "PostmanRuntime/7.29.0"

info: ::1 - - [17/Mar/2022:10:17:11 +0000] "GET /api/v1/note HTTP/1.1" 200 460 "-" "PostmanRuntime/7.29.0"

info: ::1 - - [17/Mar/2022:10:18:12 +0000] "GET /api/v1/note HTTP/1.1" 200 1081 "-" "PostmanRuntime/7.29.0"

info: ::1 - - [17/Mar/2022:10:20:08 +0000] "GET /api/v1/note/6232fbdf492a0d2994016578 HTTP/1.1" 200 263 "-" "PostmanRuntime/7.29.0"

info: ::1 - - [17/Mar/2022:10:20:39 +0000] "GET /api/v1/note/6232fbdf492a0d2994016578 HTTP/1.1" 200 263 "-" "PostmanRuntime/7.29.0"

info: ::1 - - [17/Mar/2022:10:21:04 +0000] "GET /api/v1/note/6233022f3dd1fa2e1cc1b71c HTTP/1.1" 200 256 "-" "PostmanRuntime/7.29.0"

info: ::1 - - [17/Mar/2022:10:22:23 +0000] "GET /api/v1/note/6233022f3dd1fa2e1cc1b71c HTTP/1.1" 200 119 "-" "PostmanRuntime/7.29.0"

info: ::1 - - [17/Mar/2022:10:29:12 +0000] "GET /api/v1/note/6233022f3dd1fa2e1cc1b71c HTTP/1.1" 200 256 "-" "PostmanRuntime/7.29.0"

info: ::1 - - [17/Mar/2022:10:31:25 +0000] "GET /api/v1/note/6233022f3dd1fa2e1cc1b71c HTTP/1.1" 200 92 "-" "PostmanRuntime/7.29.0"

info: ::1 - - [17/Mar/2022:10:32:07 +0000] "GET /api/v1/note/6233022f3dd1fa2e1cc1b71c HTTP/1.1" 200 256 "-" "PostmanRuntime/7.29.0"

info: ::1 - - [17/Mar/2022:10:32:41 +0000] "GET /api/v1/note/6233022f3dd1fa2e1cc1b71c HTTP/1.1" 200 256 "-" "PostmanRuntime/7.29.0"

info: ::1 - - [17/Mar/2022:10:33:21 +0000] "GET /api/v1/note/6233022f3dd1fa2e1cc1b71c HTTP/1.1" 500 56 "-" "PostmanRuntime/7.29.0"

info: ::1 - - [17/Mar/2022:10:33:54 +0000] "GET /api/v1/note/6233022f3dd1fa2e1cc1b71c HTTP/1.1" 500 56 "-" "PostmanRuntime/7.29.0"

info: ::1 - - [17/Mar/2022:10:34:14 +0000] "GET /api/v1/note/6233022f3dd1fa2e1cc1b71c HTTP/1.1" 500 56 "-" "PostmanRuntime/7.29.0"

info: ::1 - - [17/Mar/2022:10:34:49 +0000] "GET /api/v1/note/6233022f3dd1fa2e1cc1b71c HTTP/1.1" 500 89 "-" "PostmanRuntime/7.29.0"

info: ::1 - - [17/Mar/2022:10:35:25 +0000] "GET /api/v1/note/6233022f3dd1fa2e1cc1b71c HTTP/1.1" 500 89 "-" "PostmanRuntime/7.29.0"

info: ::1 - - [17/Mar/2022:10:35:45 +0000] "GET /api/v1/note/6233022f3dd1fa2e1cc1b71c HTTP/1.1" 500 89 "-" "PostmanRuntime/7.29.0"

info: ::1 - - [17/Mar/2022:10:37:04 +0000] "GET /api/v1/note/6233022f3dd1fa2e1cc1b71c HTTP/1.1" 500 89 "-" "PostmanRuntime/7.29.0"

info: ::1 - - [17/Mar/2022:10:37:35 +0000] "GET /api/v1/note/6233022f3dd1fa2e1cc1b71c HTTP/1.1" 500 89 "-" "PostmanRuntime/7.29.0"

info: ::1 - - [17/Mar/2022:10:37:37 +0000] "GET /api/v1/note/6233022f3dd1fa2e1cc1b71c HTTP/1.1" 500 89 "-" "PostmanRuntime/7.29.0"

info: ::1 - - [17/Mar/2022:10:37:38 +0000] "GET /api/v1/note/6233022f3dd1fa2e1cc1b71c HTTP/1.1" 500 89 "-" "PostmanRuntime/7.29.0"

info: ::1 - - [17/Mar/2022:10:38:20 +0000] "GET /api/v1/note/6233022f3dd1fa2e1cc1b71c HTTP/1.1" 200 119 "-" "PostmanRuntime/7.29.0"

info: ::1 - - [17/Mar/2022:10:39:08 +0000] "GET /api/v1/note/6233022f3dd1fa2e1cc1b71c HTTP/1.1" 500 89 "-" "PostmanRuntime/7.29.0"

info: ::1 - - [17/Mar/2022:10:40:04 +0000] "GET /api/v1/note/6233022f3dd1fa2e1cc1b71c HTTP/1.1" 200 119 "-" "PostmanRuntime/7.29.0"

info: ::1 - - [17/Mar/2022:10:40:51 +0000] "GET /api/v1/note/6233022f3dd1fa2e1cc1b71c HTTP/1.1" 200 119 "-" "PostmanRuntime/7.29.0"

info: ::1 - - [17/Mar/2022:10:40:53 +0000] "GET /api/v1/note/6233022f3dd1fa2e1cc1b71c HTTP/1.1" 200 119 "-" "PostmanRuntime/7.29.0"

info: ::1 - - [17/Mar/2022:10:41:27 +0000] "GET /api/v1/note/6233022f3dd1fa2e1cc1b71c HTTP/1.1" 200 92 "-" "PostmanRuntime/7.29.0"

info: ::1 - - [17/Mar/2022:10:43:19 +0000] "GET /api/v1/note/6233022f3dd1fa2e1cc1b71c HTTP/1.1" 500 89 "-" "PostmanRuntime/7.29.0"

info: ::1 - - [17/Mar/2022:10:43:42 +0000] "GET /api/v1/note/6233022f3dd1fa2e1cc1b71c HTTP/1.1" 200 256 "-" "PostmanRuntime/7.29.0"

info: ::1 - - [17/Mar/2022:10:55:20 +0000] "GET /api/v1/note/6233022f3dd1fa2e1cc1b71c HTTP/1.1" 200 256 "-" "PostmanRuntime/7.29.0"

info: ::1 - - [17/Mar/2022:10:55:57 +0000] "GET /api/v1/note/6232fac0492a0d2994016575 HTTP/1.1" 200 62 "-" "PostmanRuntime/7.29.0"

info: ::1 - - [17/Mar/2022:10:56:35 +0000] "GET /api/v1/note/623301c03dd1fa2e1cc1b717 HTTP/1.1" 200 62 "-" "PostmanRuntime/7.29.0"

info: ::1 - - [17/Mar/2022:10:56:54 +0000] "GET /api/v1/note/623301c03dd1fa2e1cc1b717 HTTP/1.1" 200 62 "-" "PostmanRuntime/7.29.0"

info: ::1 - - [17/Mar/2022:10:56:57 +0000] "GET /api/v1/note/623301c03dd1fa2e1cc1b717 HTTP/1.1" 200 62 "-" "PostmanRuntime/7.29.0"

info: ::1 - - [17/Mar/2022:10:57:22 +0000] "GET /api/v1/note/623301c03dd1fa2e1cc1b717 HTTP/1.1" 200 62 "-" "PostmanRuntime/7.29.0"

info: ::1 - - [17/Mar/2022:10:58:05 +0000] "GET /api/v1/note/623301c03dd1fa2e1cc1b717 HTTP/1.1" 200 62 "-" "PostmanRuntime/7.29.0"

info: ::1 - - [17/Mar/2022:10:58:45 +0000] "GET /api/v1/note/623301c03dd1fa2e1cc1b717 HTTP/1.1" 200 62 "-" "PostmanRuntime/7.29.0"

info: ::1 - - [17/Mar/2022:10:58:48 +0000] "GET /api/v1/note/623301c03dd1fa2e1cc1b717 HTTP/1.1" 200 62 "-" "PostmanRuntime/7.29.0"

info: ::1 - - [17/Mar/2022:10:58:51 +0000] "GET /api/v1/note/623301c03dd1fa2e1cc1b717 HTTP/1.1" 200 62 "-" "PostmanRuntime/7.29.0"

info: ::1 - - [17/Mar/2022:10:59:09 +0000] "GET /api/v1/note/6232fac0492a0d2994016575 HTTP/1.1" 200 62 "-" "PostmanRuntime/7.29.0"

info: ::1 - - [17/Mar/2022:10:59:36 +0000] "GET /api/v1/note/623301c03dd1fa2e1cc1b717 HTTP/1.1" 200 62 "-" "PostmanRuntime/7.29.0"

info: ::1 - - [17/Mar/2022:11:12:06 +0000] "GET /api/v1/note/623301c03dd1fa2e1cc1b717 HTTP/1.1" 200 62 "-" "PostmanRuntime/7.29.0"

info: ::1 - - [17/Mar/2022:11:12:33 +0000] "GET /api/v1/note/623301c03dd1fa2e1cc1b717 HTTP/1.1" 200 62 "-" "PostmanRuntime/7.29.0"

info: ::1 - - [17/Mar/2022:11:12:53 +0000] "GET /api/v1/note/623301c03dd1fa2e1cc1b717 HTTP/1.1" 200 62 "-" "PostmanRuntime/7.29.0"

info: ::1 - - [17/Mar/2022:11:13:27 +0000] "PUT /api/v1/note/623301c03dd1fa2e1cc1b717 HTTP/1.1" 202 62 "-" "PostmanRuntime/7.29.0"

info: ::1 - - [17/Mar/2022:11:21:31 +0000] "POST /api/v1/note/623301c03dd1fa2e1cc1b717 HTTP/1.1" 404 47 "-" "PostmanRuntime/7.29.0"

info: ::1 - - [17/Mar/2022:11:21:56 +0000] "POST /api/v1/note/623301c03dd1fa2e1cc1b717 HTTP/1.1" 404 47 "-" "PostmanRuntime/7.29.0"

info: ::1 - - [17/Mar/2022:11:22:01 +0000] "POST /api/v1/note/623301c03dd1fa2e1cc1b717 HTTP/1.1" 404 47 "-" "PostmanRuntime/7.29.0"

info: ::1 - - [17/Mar/2022:11:22:05 +0000] "POST /api/v1/note HTTP/1.1" 201 264 "-" "PostmanRuntime/7.29.0"

info: ::1 - - [17/Mar/2022:11:22:53 +0000] "GET /api/v1/note HTTP/1.1" 200 685 "-" "PostmanRuntime/7.29.0"

info: ::1 - - [17/Mar/2022:11:27:03 +0000] "GET /api/v1/note/6232fac0492a0d2994016575 HTTP/1.1" 200 62 "-" "PostmanRuntime/7.29.0"

info: ::1 - - [17/Mar/2022:11:27:38 +0000] "GET /api/v1/note/6232fc01492a0d299401657a HTTP/1.1" 200 265 "-" "PostmanRuntime/7.29.0"

info: ::1 - - [17/Mar/2022:11:28:00 +0000] "GET /api/v1/note/6233022f3dd1fa2e1cc1b71c HTTP/1.1" 200 256 "-" "PostmanRuntime/7.29.0"

info: ::1 - - [17/Mar/2022:11:30:04 +0000] "GET /api/v1/note/6233022f3dd1fa2e1cc1b71c HTTP/1.1" 200 92 "-" "PostmanRuntime/7.29.0"

info: ::1 - - [17/Mar/2022:11:30:34 +0000] "GET /api/v1/note/6233022f3dd1fa2e1cc1b71c HTTP/1.1" 200 178 "-" "PostmanRuntime/7.29.0"

info: ::1 - - [17/Mar/2022:11:31:01 +0000] "GET /api/v1/note/6233022f3dd1fa2e1cc1b71c HTTP/1.1" 200 178 "-" "PostmanRuntime/7.29.0"

info: ::1 - - [17/Mar/2022:11:31:26 +0000] "GET /api/v1/note/6233022f3dd1fa2e1cc1b71c HTTP/1.1" 200 178 "-" "PostmanRuntime/7.29.0"

info: ::1 - - [17/Mar/2022:11:34:44 +0000] "GET /api/v1/note/6233022f3dd1fa2e1cc1b71c HTTP/1.1" 200 92 "-" "PostmanRuntime/7.29.0"

info: ::1 - - [17/Mar/2022:11:35:40 +0000] "GET /api/v1/note/6233022f3dd1fa2e1cc1b71c HTTP/1.1" 200 256 "-" "PostmanRuntime/7.29.0"

info: ::1 - - [17/Mar/2022:11:38:40 +0000] "GET /api/v1/note/623319dd620288197ce36c61 HTTP/1.1" 500 183 "-" "PostmanRuntime/7.29.0"

info: ::1 - - [17/Mar/2022:11:41:14 +0000] "GET /api/v1/note HTTP/1.1" 200 685 "-" "PostmanRuntime/7.29.0"

info: ::1 - - [17/Mar/2022:11:41:54 +0000] "GET /api/v1/note/623319dd620288197ce36c61 HTTP/1.1" 200 264 "-" "PostmanRuntime/7.29.0"

info: ::1 - - [17/Mar/2022:11:42:14 +0000] "GET /api/v1/note/6233022f3dd1fa2e1cc1b71c HTTP/1.1" 200 256 "-" "PostmanRuntime/7.29.0"

info: ::1 - - [17/Mar/2022:11:44:34 +0000] "GET /api/v1/note/6232fc01492a0d299401657a HTTP/1.1" 200 265 "-" "PostmanRuntime/7.29.0"

info: ::1 - - [17/Mar/2022:11:44:54 +0000] "GET /api/v1/note/623302243dd1fa2e1cc1b71a HTTP/1.1" 200 254 "-" "PostmanRuntime/7.29.0"

info: ::1 - - [17/Mar/2022:11:45:56 +0000] "GET /api/v1/note/623302243dd1fa2e1cc1b71a HTTP/1.1" 200 60 "-" "PostmanRuntime/7.29.0"

