info: ::1 - - [20/Mar/2022:23:49:57 +0000] "POST /api/v1/users/forgetPassword HTTP/1.1" 400 80 "-" "PostmanRuntime/7.29.0"

info: ::1 - - [21/Mar/2022:00:28:14 +0000] "POST /api/v1/users/forgetPassword HTTP/1.1" 400 64 "-" "PostmanRuntime/7.29.0"

info: ::1 - - [21/Mar/2022:00:28:46 +0000] "POST /api/v1/users/forgetPassword HTTP/1.1" 400 67 "-" "PostmanRuntime/7.29.0"

info: ::1 - - [21/Mar/2022:00:32:50 +0000] "POST /api/v1/users/forgetPassword HTTP/1.1" - - "-" "PostmanRuntime/7.29.0"

info: ::1 - - [21/Mar/2022:00:33:13 +0000] "POST /api/v1/users/forgetPassword HTTP/1.1" 400 52 "-" "PostmanRuntime/7.29.0"

info: ::1 - - [21/Mar/2022:00:35:04 +0000] "POST /api/v1/users/forgetPassword HTTP/1.1" 400 52 "-" "PostmanRuntime/7.29.0"

info: ::1 - - [21/Mar/2022:00:35:50 +0000] "POST /api/v1/users/forgetPassword HTTP/1.1" 400 68 "-" "PostmanRuntime/7.29.0"

info: ::1 - - [21/Mar/2022:01:04:26 +0000] "POST /api/v1/users/registration HTTP/1.1" 500 89 "-" "PostmanRuntime/7.29.0"

info: ::1 - - [21/Mar/2022:01:04:49 +0000] "POST /api/v1/users/registration HTTP/1.1" 201 329 "-" "PostmanRuntime/7.29.0"

info: ::1 - - [21/Mar/2022:01:05:26 +0000] "POST /api/v1/users/forgetPassword HTTP/1.1" 400 58 "-" "PostmanRuntime/7.29.0"

info: ::1 - - [21/Mar/2022:01:07:27 +0000] "POST /api/v1/users/forgetPassword HTTP/1.1" 400 74 "-" "PostmanRuntime/7.29.0"

info: ::1 - - [21/Mar/2022:01:07:34 +0000] "POST /api/v1/users/forgetPassword HTTP/1.1" 400 74 "-" "PostmanRuntime/7.29.0"

info: ::1 - - [21/Mar/2022:01:08:50 +0000] "POST /api/v1/users/forgetPassword HTTP/1.1" 400 74 "-" "PostmanRuntime/7.29.0"

info: ::1 - - [21/Mar/2022:01:10:19 +0000] "POST /api/v1/users/forgetPassword HTTP/1.1" 400 74 "-" "PostmanRuntime/7.29.0"

info: ::1 - - [21/Mar/2022:01:11:20 +0000] "POST /api/v1/users/forgetPassword HTTP/1.1" 400 74 "-" "PostmanRuntime/7.29.0"

info: ::1 - - [21/Mar/2022:01:17:03 +0000] "POST /api/v1/users/forgetPassword HTTP/1.1" 200 69 "-" "PostmanRuntime/7.29.0"

info: ::1 - - [21/Mar/2022:01:26:20 +0000] "POST /api/v1/users/forgetPassword HTTP/1.1" 200 69 "-" "PostmanRuntime/7.29.0"

info: ::1 - - [21/Mar/2022:01:27:24 +0000] "POST /api/v1/users/forgetPassword HTTP/1.1" 400 61 "-" "PostmanRuntime/7.29.0"

info: ::1 - - [21/Mar/2022:01:28:04 +0000] "POST /api/v1/users/forgetPassword HTTP/1.1" 200 69 "-" "PostmanRuntime/7.29.0"

info: ::1 - - [21/Mar/2022:02:34:59 +0000] "GET /api/v1/users/login HTTP/1.1" 200 212 "-" "PostmanRuntime/7.29.0"

info: ::1 - - [21/Mar/2022:02:37:47 +0000] "POST /api/v1/note HTTP/1.1" 201 298 "-" "PostmanRuntime/7.29.0"

info: ::1 - - [21/Mar/2022:02:38:14 +0000] "POST /api/v1/note HTTP/1.1" 201 297 "-" "PostmanRuntime/7.29.0"

info: ::1 - - [21/Mar/2022:02:41:04 +0000] "PUT /api/v1/note/isArchived/6237e516c8010918ecb5c015 HTTP/1.1" 202 61 "-" "PostmanRuntime/7.29.0"

info: ::1 - - [21/Mar/2022:02:50:12 +0000] "PUT /api/v1/note/isDeleted/6237e516c8010918ecb5c015 HTTP/1.1" 202 60 "-" "PostmanRuntime/7.29.0"

info: ::1 - - [21/Mar/2022:02:51:39 +0000] "POST /api/v1/users/forgetPassword HTTP/1.1" 200 70 "-" "PostmanRuntime/7.29.0"

info: ::1 - - [21/Mar/2022:02:52:51 +0000] "POST /api/v1/users/forgetPassword HTTP/1.1" 200 70 "-" "PostmanRuntime/7.29.0"

info: ::1 - - [21/Mar/2022:02:53:48 +0000] "POST /api/v1/users/forgetPassword HTTP/1.1" 400 67 "-" "PostmanRuntime/7.29.0"

info: ::1 - - [21/Mar/2022:02:54:32 +0000] "POST /api/v1/users/forgetPassword HTTP/1.1" 200 70 "-" "PostmanRuntime/7.29.0"

info: ::1 - - [21/Mar/2022:02:57:59 +0000] "POST /api/v1/users/forgetPassword HTTP/1.1" 200 70 "-" "PostmanRuntime/7.29.0"

info: ::1 - - [21/Mar/2022:03:01:45 +0000] "POST /api/v1/users/registration HTTP/1.1" 201 329 "-" "PostmanRuntime/7.29.0"

info: ::1 - - [21/Mar/2022:03:09:34 +0000] "POST /api/v1/users/forgetPassword HTTP/1.1" 200 70 "-" "PostmanRuntime/7.29.0"

info: ::1 - - [21/Mar/2022:03:11:02 +0000] "POST /api/v1/users/forgetPassword HTTP/1.1" 200 70 "-" "PostmanRuntime/7.29.0"

info: ::1 - - [21/Mar/2022:03:12:49 +0000] "POST /api/v1/users/forgetPassword HTTP/1.1" 200 70 "-" "PostmanRuntime/7.29.0"

info: ::1 - - [21/Mar/2022:03:15:44 +0000] "POST /api/v1/users/forgetPassword HTTP/1.1" 200 70 "-" "PostmanRuntime/7.29.0"

info: ::1 - - [21/Mar/2022:03:19:49 +0000] "POST /api/v1/users/forgetPassword HTTP/1.1" 200 70 "-" "PostmanRuntime/7.29.0"

info: ::1 - - [21/Mar/2022:03:20:13 +0000] "POST /api/v1/users/forgetPassword HTTP/1.1" 200 70 "-" "PostmanRuntime/7.29.0"

info: ::1 - - [21/Mar/2022:03:20:33 +0000] "POST /api/v1/users/forgetPassword HTTP/1.1" 200 70 "-" "PostmanRuntime/7.29.0"

info: ::1 - - [21/Mar/2022:03:21:36 +0000] "POST /api/v1/users/registration HTTP/1.1" 201 328 "-" "PostmanRuntime/7.29.0"

info: ::1 - - [21/Mar/2022:03:23:48 +0000] "POST /api/v1/users/forgetPassword HTTP/1.1" 200 70 "-" "PostmanRuntime/7.29.0"

info: ::1 - - [21/Mar/2022:03:24:50 +0000] "POST /api/v1/users/forgetPassword HTTP/1.1" 200 70 "-" "PostmanRuntime/7.29.0"

info: ::1 - - [21/Mar/2022:03:26:40 +0000] "POST /api/v1/users/forgetPassword HTTP/1.1" 200 70 "-" "PostmanRuntime/7.29.0"

info: ::1 - - [21/Mar/2022:03:29:06 +0000] "POST /api/v1/users/forgetPassword HTTP/1.1" 200 70 "-" "PostmanRuntime/7.29.0"

info: ::1 - - [21/Mar/2022:03:29:34 +0000] "POST /api/v1/users/forgetPassword HTTP/1.1" 200 70 "-" "PostmanRuntime/7.29.0"

info: ::1 - - [21/Mar/2022:03:32:19 +0000] "POST /api/v1/users/registration HTTP/1.1" 201 328 "-" "PostmanRuntime/7.29.0"

info: ::1 - - [21/Mar/2022:03:32:45 +0000] "GET /api/v1/users/login HTTP/1.1" 200 209 "-" "PostmanRuntime/7.29.0"

info: ::1 - - [21/Mar/2022:03:33:15 +0000] "POST /api/v1/users/forgetPassword HTTP/1.1" 200 70 "-" "PostmanRuntime/7.29.0"

info: ::1 - - [21/Mar/2022:03:38:40 +0000] "POST /api/v1/users/forgetPassword HTTP/1.1" 200 70 "-" "PostmanRuntime/7.29.0"

info: ::1 - - [21/Mar/2022:03:40:40 +0000] "POST /api/v1/users/forgetPassword HTTP/1.1" 200 70 "-" "PostmanRuntime/7.29.0"

info: ::1 - - [21/Mar/2022:03:41:52 +0000] "POST /api/v1/users/forgetPassword HTTP/1.1" 200 70 "-" "PostmanRuntime/7.29.0"

info: ::1 - - [21/Mar/2022:03:45:27 +0000] "POST /api/v1/users/forgetPassword HTTP/1.1" 200 70 "-" "PostmanRuntime/7.29.0"

info: ::1 - - [21/Mar/2022:03:54:07 +0000] "POST /api/v1/users/forgetPassword HTTP/1.1" 200 70 "-" "PostmanRuntime/7.29.0"

info: ::1 - - [21/Mar/2022:03:55:05 +0000] "POST /api/v1/users/forgetPassword HTTP/1.1" 200 70 "-" "PostmanRuntime/7.29.0"

info: ::1 - - [21/Mar/2022:03:56:20 +0000] "POST /api/v1/users/forgetPassword HTTP/1.1" 200 70 "-" "PostmanRuntime/7.29.0"

info: ::1 - - [21/Mar/2022:03:57:44 +0000] "POST /api/v1/users/forgetPassword HTTP/1.1" 200 70 "-" "PostmanRuntime/7.29.0"

info: ::1 - - [21/Mar/2022:04:01:24 +0000] "POST /api/v1/users/forgetPassword HTTP/1.1" 200 70 "-" "PostmanRuntime/7.29.0"

info: ::1 - - [21/Mar/2022:04:02:40 +0000] "POST /api/v1/users/forgetPassword HTTP/1.1" 200 70 "-" "PostmanRuntime/7.29.0"

info: ::1 - - [21/Mar/2022:04:04:38 +0000] "POST /api/v1/users/forgetPassword HTTP/1.1" 200 70 "-" "PostmanRuntime/7.29.0"

info: ::1 - - [21/Mar/2022:04:05:26 +0000] "POST /api/v1/users/forgetPassword HTTP/1.1" 200 70 "-" "PostmanRuntime/7.29.0"

info: ::1 - - [21/Mar/2022:04:07:29 +0000] "POST /api/v1/users/forgetPassword HTTP/1.1" 200 70 "-" "PostmanRuntime/7.29.0"

info: ::1 - - [21/Mar/2022:04:08:27 +0000] "POST /api/v1/users/forgetPassword HTTP/1.1" 200 70 "-" "PostmanRuntime/7.29.0"

info: ::1 - - [21/Mar/2022:08:32:02 +0000] "POST /api/v1/users/forgetPassword HTTP/1.1" 200 70 "-" "PostmanRuntime/7.29.0"

info: ::1 - - [21/Mar/2022:08:59:16 +0000] "POST /api/v1/users/resetPassword HTTP/1.1" 404 47 "-" "PostmanRuntime/7.29.0"

info: ::1 - - [21/Mar/2022:09:01:43 +0000] "POST /api/v1/users/resetPassword HTTP/1.1" 400 67 "-" "PostmanRuntime/7.29.0"

info: ::1 - - [21/Mar/2022:09:02:25 +0000] "POST /api/v1/users/resetPassword HTTP/1.1" 400 59 "-" "PostmanRuntime/7.29.0"

info: ::1 - - [21/Mar/2022:09:03:59 +0000] "POST /api/v1/users/resetPassword HTTP/1.1" 400 59 "-" "PostmanRuntime/7.29.0"

info: ::1 - - [21/Mar/2022:09:04:25 +0000] "POST /api/v1/users/resetPassword HTTP/1.1" 400 90 "-" "PostmanRuntime/7.29.0"

info: ::1 - - [21/Mar/2022:09:05:37 +0000] "POST /api/v1/users/resetPassword HTTP/1.1" 400 90 "-" "PostmanRuntime/7.29.0"

info: ::1 - - [21/Mar/2022:09:07:02 +0000] "POST /api/v1/users/resetPassword HTTP/1.1" 400 90 "-" "PostmanRuntime/7.29.0"

info: ::1 - - [21/Mar/2022:09:09:15 +0000] "POST /api/v1/users/resetPassword HTTP/1.1" 400 60 "-" "PostmanRuntime/7.29.0"

info: ::1 - - [21/Mar/2022:09:12:45 +0000] "POST /api/v1/users/resetPassword HTTP/1.1" 400 90 "-" "PostmanRuntime/7.29.0"

info: ::1 - - [21/Mar/2022:09:23:54 +0000] "POST /api/v1/users/resetPassword HTTP/1.1" 400 60 "-" "PostmanRuntime/7.29.0"

info: ::1 - - [21/Mar/2022:09:24:30 +0000] "POST /api/v1/users/resetPassword HTTP/1.1" 400 60 "-" "PostmanRuntime/7.29.0"

info: ::1 - - [21/Mar/2022:09:27:02 +0000] "POST /api/v1/users/resetPassword HTTP/1.1" 400 62 "-" "PostmanRuntime/7.29.0"

info: ::1 - - [21/Mar/2022:09:28:36 +0000] "POST /api/v1/users/resetPassword HTTP/1.1" 400 62 "-" "PostmanRuntime/7.29.0"

info: ::1 - - [21/Mar/2022:09:36:21 +0000] "POST /api/v1/users/resetPassword HTTP/1.1" 400 62 "-" "PostmanRuntime/7.29.0"

info: ::1 - - [21/Mar/2022:09:52:58 +0000] "POST /api/v1/users/resetPassword HTTP/1.1" 400 62 "-" "PostmanRuntime/7.29.0"

info: ::1 - - [21/Mar/2022:09:53:09 +0000] "POST /api/v1/users/resetPassword HTTP/1.1" 400 62 "-" "PostmanRuntime/7.29.0"

info: ::1 - - [21/Mar/2022:10:00:11 +0000] "POST /api/v1/users/resetPassword HTTP/1.1" 400 62 "-" "PostmanRuntime/7.29.0"

info: ::1 - - [21/Mar/2022:10:01:21 +0000] "POST /api/v1/users/resetPassword HTTP/1.1" 400 97 "-" "PostmanRuntime/7.29.0"

info: ::1 - - [21/Mar/2022:10:16:39 +0000] "POST /api/v1/users/resetPassword HTTP/1.1" 400 98 "-" "PostmanRuntime/7.29.0"

info: ::1 - - [21/Mar/2022:10:17:09 +0000] "POST /api/v1/users/resetPassword HTTP/1.1" 400 98 "-" "PostmanRuntime/7.29.0"

info: ::1 - - [21/Mar/2022:10:29:36 +0000] "POST /api/v1/users/resetPassword HTTP/1.1" 400 97 "-" "PostmanRuntime/7.29.0"

info: ::1 - - [21/Mar/2022:10:29:39 +0000] "POST /api/v1/users/resetPassword HTTP/1.1" 400 97 "-" "PostmanRuntime/7.29.0"

info: ::1 - - [21/Mar/2022:10:34:45 +0000] "POST /api/v1/users/resetPassword HTTP/1.1" 400 97 "-" "PostmanRuntime/7.29.0"

info: ::1 - - [21/Mar/2022:10:35:52 +0000] "POST /api/v1/users/resetPassword HTTP/1.1" 400 97 "-" "PostmanRuntime/7.29.0"

info: ::1 - - [21/Mar/2022:10:37:50 +0000] "POST /api/v1/users/resetPassword HTTP/1.1" 400 40 "-" "PostmanRuntime/7.29.0"

info: ::1 - - [21/Mar/2022:11:04:18 +0000] "POST /api/v1/users/resetPassword HTTP/1.1" 404 47 "-" "PostmanRuntime/7.29.0"

info: ::1 - - [21/Mar/2022:11:04:25 +0000] "PUT /api/v1/users/resetPassword HTTP/1.1" 400 97 "-" "PostmanRuntime/7.29.0"

info: ::1 - - [21/Mar/2022:11:08:18 +0000] "PUT /api/v1/users/resetPassword HTTP/1.1" 400 98 "-" "PostmanRuntime/7.29.0"

info: ::1 - - [21/Mar/2022:11:22:15 +0000] "POST /api/v1/users/resetPassword HTTP/1.1" 404 47 "-" "PostmanRuntime/7.29.0"

info: ::1 - - [21/Mar/2022:11:22:22 +0000] "PUT /api/v1/users/resetPassword HTTP/1.1" 400 98 "-" "PostmanRuntime/7.29.0"

info: ::1 - - [21/Mar/2022:11:23:39 +0000] "PUT /api/v1/users/resetPassword HTTP/1.1" 400 98 "-" "PostmanRuntime/7.29.0"

info: ::1 - - [21/Mar/2022:11:24:22 +0000] "PUT /api/v1/users/resetPassword HTTP/1.1" 400 98 "-" "PostmanRuntime/7.29.0"

info: ::1 - - [21/Mar/2022:11:30:24 +0000] "PUT /api/v1/users/resetPassword HTTP/1.1" 400 98 "-" "PostmanRuntime/7.29.0"

info: ::1 - - [21/Mar/2022:11:42:35 +0000] "PUT /api/v1/users/resetPassword HTTP/1.1" 200 59 "-" "PostmanRuntime/7.29.0"

