info: ::1 - - [22/Mar/2022:00:15:05 +0000] "PUT /api/v1/users/resetPassword HTTP/1.1" 400 61 "-" "PostmanRuntime/7.29.0"

info: ::1 - - [22/Mar/2022:00:16:56 +0000] "PUT /api/v1/users/resetPassword HTTP/1.1" 400 61 "-" "PostmanRuntime/7.29.0"

info: ::1 - - [22/Mar/2022:00:18:13 +0000] "POST /api/v1/users/resetPassword HTTP/1.1" 400 61 "-" "PostmanRuntime/7.29.0"

info: ::1 - - [22/Mar/2022:00:21:15 +0000] "POST /api/v1/users/resetPassword HTTP/1.1" 400 37 "-" "PostmanRuntime/7.29.0"

info: ::1 - - [22/Mar/2022:00:23:22 +0000] "POST /api/v1/users/resetPassword HTTP/1.1" 400 37 "-" "PostmanRuntime/7.29.0"

info: ::1 - - [22/Mar/2022:00:26:04 +0000] "POST /api/v1/users/resetPassword HTTP/1.1" 400 67 "-" "PostmanRuntime/7.29.0"

info: ::1 - - [22/Mar/2022:00:26:35 +0000] "POST /api/v1/users/resetPassword HTTP/1.1" 400 62 "-" "PostmanRuntime/7.29.0"

info: ::1 - - [22/Mar/2022:00:27:02 +0000] "POST /api/v1/users/resetPassword HTTP/1.1" 400 60 "-" "PostmanRuntime/7.29.0"

info: ::1 - - [22/Mar/2022:00:27:25 +0000] "POST /api/v1/users/resetPassword HTTP/1.1" 200 59 "-" "PostmanRuntime/7.29.0"

info: ::1 - - [22/Mar/2022:00:29:57 +0000] "POST /api/v1/users/resetPassword HTTP/1.1" 400 60 "-" "PostmanRuntime/7.29.0"

info: ::1 - - [22/Mar/2022:00:33:22 +0000] "POST /api/v1/users/resetPassword HTTP/1.1" 400 60 "-" "PostmanRuntime/7.29.0"

info: ::1 - - [22/Mar/2022:00:34:47 +0000] "POST /api/v1/users/resetPassword HTTP/1.1" 200 59 "-" "PostmanRuntime/7.29.0"

info: ::1 - - [22/Mar/2022:00:35:29 +0000] "POST /api/v1/users/resetPassword HTTP/1.1" 400 92 "-" "PostmanRuntime/7.29.0"

info: ::1 - - [22/Mar/2022:01:00:28 +0000] "POST /api/v1/users/resetPassword HTTP/1.1" 400 88 "-" "PostmanRuntime/7.29.0"

info: ::1 - - [22/Mar/2022:01:01:06 +0000] "POST /api/v1/users/resetPassword HTTP/1.1" 400 60 "-" "PostmanRuntime/7.29.0"

info: ::1 - - [22/Mar/2022:01:02:08 +0000] "POST /api/v1/users/resetPassword HTTP/1.1" 400 64 "-" "PostmanRuntime/7.29.0"

info: ::1 - - [22/Mar/2022:01:04:39 +0000] "POST /api/v1/users/resetPassword HTTP/1.1" 400 64 "-" "PostmanRuntime/7.29.0"

info: ::1 - - [22/Mar/2022:01:07:24 +0000] "POST /api/v1/users/resetPassword HTTP/1.1" 200 59 "-" "PostmanRuntime/7.29.0"

info: ::1 - - [22/Mar/2022:01:09:00 +0000] "POST /api/v1/users/resetPassword HTTP/1.1" 400 92 "-" "PostmanRuntime/7.29.0"

info: ::1 - - [22/Mar/2022:01:09:39 +0000] "POST /api/v1/users/resetPassword HTTP/1.1" 400 92 "-" "PostmanRuntime/7.29.0"

info: ::1 - - [22/Mar/2022:01:10:21 +0000] "POST /api/v1/users/resetPassword HTTP/1.1" 400 88 "-" "PostmanRuntime/7.29.0"

info: ::1 - - [22/Mar/2022:01:10:23 +0000] "POST /api/v1/users/resetPassword HTTP/1.1" 400 88 "-" "PostmanRuntime/7.29.0"

info: ::1 - - [22/Mar/2022:01:10:24 +0000] "POST /api/v1/users/resetPassword HTTP/1.1" 400 88 "-" "PostmanRuntime/7.29.0"

info: ::1 - - [22/Mar/2022:01:10:25 +0000] "POST /api/v1/users/resetPassword HTTP/1.1" 400 88 "-" "PostmanRuntime/7.29.0"

info: ::1 - - [22/Mar/2022:01:10:26 +0000] "POST /api/v1/users/resetPassword HTTP/1.1" 400 88 "-" "PostmanRuntime/7.29.0"

info: ::1 - - [22/Mar/2022:01:10:27 +0000] "POST /api/v1/users/resetPassword HTTP/1.1" 400 88 "-" "PostmanRuntime/7.29.0"

info: ::1 - - [22/Mar/2022:01:10:27 +0000] "POST /api/v1/users/resetPassword HTTP/1.1" 400 88 "-" "PostmanRuntime/7.29.0"

info: ::1 - - [22/Mar/2022:01:10:28 +0000] "POST /api/v1/users/resetPassword HTTP/1.1" 400 88 "-" "PostmanRuntime/7.29.0"

info: ::1 - - [22/Mar/2022:01:14:22 +0000] "POST /api/v1/users/resetPassword HTTP/1.1" 400 88 "-" "PostmanRuntime/7.29.0"

info: ::1 - - [22/Mar/2022:01:14:25 +0000] "POST /api/v1/users/resetPassword HTTP/1.1" 400 88 "-" "PostmanRuntime/7.29.0"

info: ::1 - - [22/Mar/2022:01:15:38 +0000] "POST /api/v1/users/resetPassword HTTP/1.1" 400 92 "-" "PostmanRuntime/7.29.0"

info: ::1 - - [22/Mar/2022:01:16:09 +0000] "POST /api/v1/users/resetPassword HTTP/1.1" 400 67 "-" "PostmanRuntime/7.29.0"

info: ::1 - - [22/Mar/2022:01:16:26 +0000] "POST /api/v1/users/resetPassword HTTP/1.1" 200 59 "-" "PostmanRuntime/7.29.0"

info: ::1 - - [22/Mar/2022:01:31:17 +0000] "POST /api/v1/users/resetPassword HTTP/1.1" 200 59 "-" "PostmanRuntime/7.29.0"

info: ::1 - - [22/Mar/2022:01:47:09 +0000] "POST /api/v1/users/resetPassword HTTP/1.1" 200 59 "-" "PostmanRuntime/7.29.0"

info: ::1 - - [22/Mar/2022:01:54:55 +0000] "POST /api/v1/users/resetPassword HTTP/1.1" 200 59 "-" "PostmanRuntime/7.29.0"

info: ::1 - - [22/Mar/2022:01:55:23 +0000] "POST /api/v1/users/resetPassword HTTP/1.1" 200 59 "-" "PostmanRuntime/7.29.0"

info: ::1 - - [22/Mar/2022:02:00:56 +0000] "POST /api/v1/users/resetPassword HTTP/1.1" 200 59 "-" "PostmanRuntime/7.29.0"

info: ::1 - - [22/Mar/2022:02:03:24 +0000] "POST /api/v1/users/resetPassword HTTP/1.1" 200 59 "-" "PostmanRuntime/7.29.0"

info: ::1 - - [22/Mar/2022:02:05:05 +0000] "POST /api/v1/users/resetPassword HTTP/1.1" 200 59 "-" "PostmanRuntime/7.29.0"

info: ::1 - - [22/Mar/2022:03:27:05 +0000] "POST /api/v1/users/resetPassword HTTP/1.1" 200 59 "-" "PostmanRuntime/7.29.0"

info: ::1 - - [22/Mar/2022:03:27:42 +0000] "POST /api/v1/users/resetPassword HTTP/1.1" 200 59 "-" "PostmanRuntime/7.29.0"

info: ::1 - - [22/Mar/2022:03:28:33 +0000] "GET /api/v1/users/login HTTP/1.1" 200 209 "-" "PostmanRuntime/7.29.0"

info: ::1 - - [22/Mar/2022:11:05:48 +0000] "GET /api-docs HTTP/1.1" 301 183 "-" "Mozilla/5.0 (Windows NT 10.0; Win64; x64) AppleWebKit/537.36 (KHTML, like Gecko) Chrome/99.0.4844.82 Safari/537.36"

info: ::1 - - [22/Mar/2022:11:05:48 +0000] "GET /api-docs/ HTTP/1.1" 200 3102 "-" "Mozilla/5.0 (Windows NT 10.0; Win64; x64) AppleWebKit/537.36 (KHTML, like Gecko) Chrome/99.0.4844.82 Safari/537.36"

info: ::1 - - [22/Mar/2022:11:05:48 +0000] "GET /api-docs/swagger-ui.css HTTP/1.1" 200 143858 "-" "Mozilla/5.0 (Windows NT 10.0; Win64; x64) AppleWebKit/537.36 (KHTML, like Gecko) Chrome/99.0.4844.82 Safari/537.36"

info: ::1 - - [22/Mar/2022:11:05:48 +0000] "GET /api-docs/swagger-ui-init.js HTTP/1.1" 200 3419 "-" "Mozilla/5.0 (Windows NT 10.0; Win64; x64) AppleWebKit/537.36 (KHTML, like Gecko) Chrome/99.0.4844.82 Safari/537.36"

info: ::1 - - [22/Mar/2022:11:05:48 +0000] "GET /api-docs/swagger-ui-standalone-preset.js HTTP/1.1" 200 339479 "-" "Mozilla/5.0 (Windows NT 10.0; Win64; x64) AppleWebKit/537.36 (KHTML, like Gecko) Chrome/99.0.4844.82 Safari/537.36"

info: ::1 - - [22/Mar/2022:11:05:48 +0000] "GET /api-docs/swagger-ui-bundle.js HTTP/1.1" 200 1094602 "-" "Mozilla/5.0 (Windows NT 10.0; Win64; x64) AppleWebKit/537.36 (KHTML, like Gecko) Chrome/99.0.4844.82 Safari/537.36"

info: ::1 - - [22/Mar/2022:11:05:49 +0000] "GET /api-docs/favicon-32x32.png HTTP/1.1" 200 628 "-" "Mozilla/5.0 (Windows NT 10.0; Win64; x64) AppleWebKit/537.36 (KHTML, like Gecko) Chrome/99.0.4844.82 Safari/537.36"

info: ::ffff:127.0.0.1 - - [22/Mar/2022:11:12:35 +0000] "GET /api-docs/ HTTP/1.1" 304 - "-" "Mozilla/5.0 (Windows NT 10.0; Win64; x64) AppleWebKit/537.36 (KHTML, like Gecko) Chrome/99.0.4844.82 Safari/537.36"

info: ::ffff:127.0.0.1 - - [22/Mar/2022:11:12:35 +0000] "GET /api-docs/swagger-ui.css HTTP/1.1" 304 - "-" "Mozilla/5.0 (Windows NT 10.0; Win64; x64) AppleWebKit/537.36 (KHTML, like Gecko) Chrome/99.0.4844.82 Safari/537.36"

info: ::1 - - [22/Mar/2022:11:12:35 +0000] "GET /api-docs/swagger-ui-bundle.js HTTP/1.1" 304 - "-" "Mozilla/5.0 (Windows NT 10.0; Win64; x64) AppleWebKit/537.36 (KHTML, like Gecko) Chrome/99.0.4844.82 Safari/537.36"

info: ::1 - - [22/Mar/2022:11:12:35 +0000] "GET /api-docs/swagger-ui-standalone-preset.js HTTP/1.1" 304 - "-" "Mozilla/5.0 (Windows NT 10.0; Win64; x64) AppleWebKit/537.36 (KHTML, like Gecko) Chrome/99.0.4844.82 Safari/537.36"

info: ::ffff:127.0.0.1 - - [22/Mar/2022:11:12:35 +0000] "GET /api-docs/swagger-ui-init.js HTTP/1.1" 200 3574 "-" "Mozilla/5.0 (Windows NT 10.0; Win64; x64) AppleWebKit/537.36 (KHTML, like Gecko) Chrome/99.0.4844.82 Safari/537.36"

info: ::ffff:127.0.0.1 - - [22/Mar/2022:11:12:36 +0000] "GET /api-docs/favicon-32x32.png HTTP/1.1" 304 - "-" "Mozilla/5.0 (Windows NT 10.0; Win64; x64) AppleWebKit/537.36 (KHTML, like Gecko) Chrome/99.0.4844.82 Safari/537.36"

info: ::1 - - [22/Mar/2022:11:14:08 +0000] "GET /api-docs/ HTTP/1.1" 304 - "-" "Mozilla/5.0 (Windows NT 10.0; Win64; x64) AppleWebKit/537.36 (KHTML, like Gecko) Chrome/99.0.4844.82 Safari/537.36"

info: ::1 - - [22/Mar/2022:11:14:08 +0000] "GET /api-docs/swagger-ui.css HTTP/1.1" 304 - "-" "Mozilla/5.0 (Windows NT 10.0; Win64; x64) AppleWebKit/537.36 (KHTML, like Gecko) Chrome/99.0.4844.82 Safari/537.36"

info: ::1 - - [22/Mar/2022:11:14:08 +0000] "GET /api-docs/swagger-ui-bundle.js HTTP/1.1" 304 - "-" "Mozilla/5.0 (Windows NT 10.0; Win64; x64) AppleWebKit/537.36 (KHTML, like Gecko) Chrome/99.0.4844.82 Safari/537.36"

info: ::1 - - [22/Mar/2022:11:14:08 +0000] "GET /api-docs/swagger-ui-init.js HTTP/1.1" 200 3634 "-" "Mozilla/5.0 (Windows NT 10.0; Win64; x64) AppleWebKit/537.36 (KHTML, like Gecko) Chrome/99.0.4844.82 Safari/537.36"

info: ::1 - - [22/Mar/2022:11:14:08 +0000] "GET /api-docs/swagger-ui-standalone-preset.js HTTP/1.1" 304 - "-" "Mozilla/5.0 (Windows NT 10.0; Win64; x64) AppleWebKit/537.36 (KHTML, like Gecko) Chrome/99.0.4844.82 Safari/537.36"

info: ::1 - - [22/Mar/2022:11:14:09 +0000] "GET /api-docs/favicon-32x32.png HTTP/1.1" 304 - "-" "Mozilla/5.0 (Windows NT 10.0; Win64; x64) AppleWebKit/537.36 (KHTML, like Gecko) Chrome/99.0.4844.82 Safari/537.36"

info: ::1 - - [22/Mar/2022:11:15:03 +0000] "GET /api-docs/ HTTP/1.1" 304 - "-" "Mozilla/5.0 (Windows NT 10.0; Win64; x64) AppleWebKit/537.36 (KHTML, like Gecko) Chrome/99.0.4844.82 Safari/537.36"

info: ::1 - - [22/Mar/2022:11:15:03 +0000] "GET /api-docs/swagger-ui.css HTTP/1.1" 304 - "-" "Mozilla/5.0 (Windows NT 10.0; Win64; x64) AppleWebKit/537.36 (KHTML, like Gecko) Chrome/99.0.4844.82 Safari/537.36"

info: ::1 - - [22/Mar/2022:11:15:03 +0000] "GET /api-docs/swagger-ui-bundle.js HTTP/1.1" 304 - "-" "Mozilla/5.0 (Windows NT 10.0; Win64; x64) AppleWebKit/537.36 (KHTML, like Gecko) Chrome/99.0.4844.82 Safari/537.36"

info: ::1 - - [22/Mar/2022:11:15:03 +0000] "GET /api-docs/swagger-ui-init.js HTTP/1.1" 304 - "-" "Mozilla/5.0 (Windows NT 10.0; Win64; x64) AppleWebKit/537.36 (KHTML, like Gecko) Chrome/99.0.4844.82 Safari/537.36"

info: ::1 - - [22/Mar/2022:11:15:03 +0000] "GET /api-docs/swagger-ui-standalone-preset.js HTTP/1.1" 304 - "-" "Mozilla/5.0 (Windows NT 10.0; Win64; x64) AppleWebKit/537.36 (KHTML, like Gecko) Chrome/99.0.4844.82 Safari/537.36"

info: ::1 - - [22/Mar/2022:11:15:03 +0000] "GET /api-docs/favicon-32x32.png HTTP/1.1" 304 - "-" "Mozilla/5.0 (Windows NT 10.0; Win64; x64) AppleWebKit/537.36 (KHTML, like Gecko) Chrome/99.0.4844.82 Safari/537.36"

info: ::1 - - [22/Mar/2022:11:30:55 +0000] "GET /api-docs/ HTTP/1.1" 304 - "-" "Mozilla/5.0 (Windows NT 10.0; Win64; x64) AppleWebKit/537.36 (KHTML, like Gecko) Chrome/99.0.4844.82 Safari/537.36"

info: ::1 - - [22/Mar/2022:11:30:55 +0000] "GET /api-docs/swagger-ui.css HTTP/1.1" 304 - "-" "Mozilla/5.0 (Windows NT 10.0; Win64; x64) AppleWebKit/537.36 (KHTML, like Gecko) Chrome/99.0.4844.82 Safari/537.36"

info: ::1 - - [22/Mar/2022:11:30:55 +0000] "GET /api-docs/swagger-ui-init.js HTTP/1.1" 200 3733 "-" "Mozilla/5.0 (Windows NT 10.0; Win64; x64) AppleWebKit/537.36 (KHTML, like Gecko) Chrome/99.0.4844.82 Safari/537.36"

info: ::1 - - [22/Mar/2022:11:30:55 +0000] "GET /api-docs/swagger-ui-bundle.js HTTP/1.1" 304 - "-" "Mozilla/5.0 (Windows NT 10.0; Win64; x64) AppleWebKit/537.36 (KHTML, like Gecko) Chrome/99.0.4844.82 Safari/537.36"

info: ::1 - - [22/Mar/2022:11:30:55 +0000] "GET /api-docs/swagger-ui-standalone-preset.js HTTP/1.1" 304 - "-" "Mozilla/5.0 (Windows NT 10.0; Win64; x64) AppleWebKit/537.36 (KHTML, like Gecko) Chrome/99.0.4844.82 Safari/537.36"

info: ::1 - - [22/Mar/2022:11:30:55 +0000] "GET /api-docs/favicon-32x32.png HTTP/1.1" 304 - "-" "Mozilla/5.0 (Windows NT 10.0; Win64; x64) AppleWebKit/537.36 (KHTML, like Gecko) Chrome/99.0.4844.82 Safari/537.36"

info: ::1 - - [22/Mar/2022:11:49:46 +0000] "GET /api-docs/ HTTP/1.1" 304 - "-" "Mozilla/5.0 (Windows NT 10.0; Win64; x64) AppleWebKit/537.36 (KHTML, like Gecko) Chrome/99.0.4844.82 Safari/537.36"

info: ::1 - - [22/Mar/2022:11:49:46 +0000] "GET /api-docs/swagger-ui.css HTTP/1.1" 304 - "-" "Mozilla/5.0 (Windows NT 10.0; Win64; x64) AppleWebKit/537.36 (KHTML, like Gecko) Chrome/99.0.4844.82 Safari/537.36"

info: ::1 - - [22/Mar/2022:11:49:46 +0000] "GET /api-docs/swagger-ui-bundle.js HTTP/1.1" 304 - "-" "Mozilla/5.0 (Windows NT 10.0; Win64; x64) AppleWebKit/537.36 (KHTML, like Gecko) Chrome/99.0.4844.82 Safari/537.36"

info: ::1 - - [22/Mar/2022:11:49:46 +0000] "GET /api-docs/swagger-ui-init.js HTTP/1.1" 200 3703 "-" "Mozilla/5.0 (Windows NT 10.0; Win64; x64) AppleWebKit/537.36 (KHTML, like Gecko) Chrome/99.0.4844.82 Safari/537.36"

info: ::1 - - [22/Mar/2022:11:49:46 +0000] "GET /api-docs/swagger-ui-standalone-preset.js HTTP/1.1" 304 - "-" "Mozilla/5.0 (Windows NT 10.0; Win64; x64) AppleWebKit/537.36 (KHTML, like Gecko) Chrome/99.0.4844.82 Safari/537.36"

info: ::1 - - [22/Mar/2022:11:49:46 +0000] "GET /api-docs/favicon-32x32.png HTTP/1.1" 304 - "-" "Mozilla/5.0 (Windows NT 10.0; Win64; x64) AppleWebKit/537.36 (KHTML, like Gecko) Chrome/99.0.4844.82 Safari/537.36"

info: ::1 - - [22/Mar/2022:11:50:11 +0000] "POST /api/v1/users HTTP/1.1" 404 47 "-" "Mozilla/5.0 (Windows NT 10.0; Win64; x64) AppleWebKit/537.36 (KHTML, like Gecko) Chrome/99.0.4844.82 Safari/537.36"

info: ::1 - - [22/Mar/2022:11:56:44 +0000] "GET /api-docs/ HTTP/1.1" 304 - "-" "Mozilla/5.0 (Windows NT 10.0; Win64; x64) AppleWebKit/537.36 (KHTML, like Gecko) Chrome/99.0.4844.82 Safari/537.36"

info: ::1 - - [22/Mar/2022:11:56:44 +0000] "GET /api-docs/swagger-ui.css HTTP/1.1" 304 - "-" "Mozilla/5.0 (Windows NT 10.0; Win64; x64) AppleWebKit/537.36 (KHTML, like Gecko) Chrome/99.0.4844.82 Safari/537.36"

info: ::1 - - [22/Mar/2022:11:56:44 +0000] "GET /api-docs/swagger-ui-init.js HTTP/1.1" 200 3714 "-" "Mozilla/5.0 (Windows NT 10.0; Win64; x64) AppleWebKit/537.36 (KHTML, like Gecko) Chrome/99.0.4844.82 Safari/537.36"

info: ::1 - - [22/Mar/2022:11:56:44 +0000] "GET /api-docs/swagger-ui-bundle.js HTTP/1.1" 304 - "-" "Mozilla/5.0 (Windows NT 10.0; Win64; x64) AppleWebKit/537.36 (KHTML, like Gecko) Chrome/99.0.4844.82 Safari/537.36"

info: ::1 - - [22/Mar/2022:11:56:44 +0000] "GET /api-docs/swagger-ui-standalone-preset.js HTTP/1.1" 304 - "-" "Mozilla/5.0 (Windows NT 10.0; Win64; x64) AppleWebKit/537.36 (KHTML, like Gecko) Chrome/99.0.4844.82 Safari/537.36"

info: ::1 - - [22/Mar/2022:11:56:45 +0000] "GET /api-docs/favicon-32x32.png HTTP/1.1" 304 - "-" "Mozilla/5.0 (Windows NT 10.0; Win64; x64) AppleWebKit/537.36 (KHTML, like Gecko) Chrome/99.0.4844.82 Safari/537.36"

info: ::1 - - [22/Mar/2022:11:59:52 +0000] "POST /api/v1/users HTTP/1.1" 404 47 "-" "Mozilla/5.0 (Windows NT 10.0; Win64; x64) AppleWebKit/537.36 (KHTML, like Gecko) Chrome/99.0.4844.82 Safari/537.36"

