info: ::1 - - [19/Mar/2022:00:05:41 +0000] "GET /api/v1/users/login HTTP/1.1" 200 228 "-" "PostmanRuntime/7.29.0"

info: ::1 - - [19/Mar/2022:00:07:38 +0000] "POST /api/v1/note HTTP/1.1" 201 249 "-" "PostmanRuntime/7.29.0"

info: ::1 - - [19/Mar/2022:00:08:21 +0000] "GET /api/v1/note/62351eca2be937047cf521d2 HTTP/1.1" 200 251 "-" "PostmanRuntime/7.29.0"

info: ::1 - - [19/Mar/2022:00:09:03 +0000] "GET /api/v1/note/6232fac0492a0d2994016575 HTTP/1.1" 200 60 "-" "PostmanRuntime/7.29.0"

info: ::1 - - [19/Mar/2022:00:12:44 +0000] "GET /api/v1/note/6232fac0492a0d2994016575 HTTP/1.1" 200 60 "-" "PostmanRuntime/7.29.0"

info: ::1 - - [19/Mar/2022:00:14:05 +0000] "GET /api/v1/note/6232fac0492a0d2994016575 HTTP/1.1" 200 60 "-" "PostmanRuntime/7.29.0"

info: ::1 - - [19/Mar/2022:00:14:13 +0000] "GET /api/v1/note/6232fac0492a0d2994016575 HTTP/1.1" 200 60 "-" "PostmanRuntime/7.29.0"

info: ::1 - - [19/Mar/2022:00:14:17 +0000] "GET /api/v1/note/6232fac0492a0d2994016575 HTTP/1.1" 200 60 "-" "PostmanRuntime/7.29.0"

info: ::1 - - [19/Mar/2022:00:18:13 +0000] "POST /api/v1/users/registration HTTP/1.1" 201 325 "-" "PostmanRuntime/7.29.0"

info: ::1 - - [19/Mar/2022:00:20:13 +0000] "GET /api/v1/users/login HTTP/1.1" 200 204 "-" "PostmanRuntime/7.29.0"

info: ::1 - - [19/Mar/2022:00:22:28 +0000] "POST /api/v1/note HTTP/1.1" 400 56 "-" "PostmanRuntime/7.29.0"

info: ::1 - - [19/Mar/2022:00:22:46 +0000] "POST /api/v1/note HTTP/1.1" 201 254 "-" "PostmanRuntime/7.29.0"

info: ::1 - - [19/Mar/2022:00:23:12 +0000] "POST /api/v1/note HTTP/1.1" 201 254 "-" "PostmanRuntime/7.29.0"

info: ::1 - - [19/Mar/2022:00:24:15 +0000] "GET /api/v1/note/623521454a2c8403a04ae025 HTTP/1.1" 200 60 "-" "PostmanRuntime/7.29.0"

info: ::1 - - [19/Mar/2022:00:26:00 +0000] "GET /api/v1/note/623522704a2c8403a04ae02a HTTP/1.1" 200 256 "-" "PostmanRuntime/7.29.0"

info: ::1 - - [19/Mar/2022:00:26:52 +0000] "GET /api/v1/note HTTP/1.1" 200 458 "-" "PostmanRuntime/7.29.0"

info: ::1 - - [19/Mar/2022:00:28:03 +0000] "GET /api/v1/users/login HTTP/1.1" 400 50 "-" "PostmanRuntime/7.29.0"

info: ::1 - - [19/Mar/2022:00:29:09 +0000] "GET /api/v1/users/login HTTP/1.1" 200 204 "-" "PostmanRuntime/7.29.0"

info: ::1 - - [19/Mar/2022:00:29:46 +0000] "POST /api/v1/users/registration HTTP/1.1" 201 322 "-" "PostmanRuntime/7.29.0"

info: ::1 - - [19/Mar/2022:00:31:02 +0000] "GET /api/v1/users/login HTTP/1.1" 200 202 "-" "PostmanRuntime/7.29.0"

info: ::1 - - [19/Mar/2022:00:32:04 +0000] "POST /api/v1/note HTTP/1.1" 201 252 "-" "PostmanRuntime/7.29.0"

info: ::1 - - [19/Mar/2022:00:32:32 +0000] "POST /api/v1/note HTTP/1.1" 201 253 "-" "PostmanRuntime/7.29.0"

info: ::1 - - [19/Mar/2022:00:32:56 +0000] "GET /api/v1/note HTTP/1.1" 200 455 "-" "PostmanRuntime/7.29.0"

info: ::1 - - [19/Mar/2022:00:34:15 +0000] "PUT /api/v1/note/623524a04a2c8403a04ae036 HTTP/1.1" 202 261 "-" "PostmanRuntime/7.29.0"

info: ::1 - - [19/Mar/2022:00:35:31 +0000] "DELETE /api/v1/note/623524a04a2c8403a04ae036 HTTP/1.1" 200 60 "-" "PostmanRuntime/7.29.0"

info: ::1 - - [19/Mar/2022:00:37:14 +0000] "PUT /api/v1/note/isArchive/623524844a2c8403a04ae034 HTTP/1.1" 202 61 "-" "PostmanRuntime/7.29.0"

info: ::1 - - [19/Mar/2022:00:37:47 +0000] "PUT /api/v1/note/isTrashed/623524844a2c8403a04ae034 HTTP/1.1" 202 60 "-" "PostmanRuntime/7.29.0"

info: ::1 - - [19/Mar/2022:02:33:50 +0000] "PUT /api/v1/note/isArchive/623524844a2c8403a04ae034 HTTP/1.1" 202 61 "-" "PostmanRuntime/7.29.0"

info: ::1 - - [19/Mar/2022:02:35:26 +0000] "PUT /api/v1/note/isArchive/623524844a2c8403a04ae034 HTTP/1.1" 202 61 "-" "PostmanRuntime/7.29.0"

info: ::1 - - [19/Mar/2022:02:37:56 +0000] "POST /api/v1/note HTTP/1.1" 201 254 "-" "PostmanRuntime/7.29.0"

info: ::1 - - [19/Mar/2022:02:38:44 +0000] "POST /api/v1/note HTTP/1.1" 201 291 "-" "PostmanRuntime/7.29.0"

info: ::1 - - [19/Mar/2022:02:39:12 +0000] "PUT /api/v1/note/isArchive/623542348ff6ec2bd0a09782 HTTP/1.1" 202 61 "-" "PostmanRuntime/7.29.0"

info: ::1 - - [19/Mar/2022:08:45:09 +0000] "PUT /api/v1/note/isArchive/623542348ff6ec2bd0a09782 HTTP/1.1" 404 47 "-" "PostmanRuntime/7.29.0"

info: ::1 - - [19/Mar/2022:08:45:17 +0000] "PUT /api/v1/note/isArchived/623542348ff6ec2bd0a09782 HTTP/1.1" 202 61 "-" "PostmanRuntime/7.29.0"

info: ::1 - - [19/Mar/2022:09:01:52 +0000] "PUT /api/v1/note/isArchived/623542348ff6ec2bd0a09782 HTTP/1.1" - - "-" "PostmanRuntime/7.29.0"

info: ::1 - - [19/Mar/2022:09:05:14 +0000] "PUT /api/v1/note/isArchived/623542348ff6ec2bd0a09782 HTTP/1.1" - - "-" "PostmanRuntime/7.29.0"

info: ::1 - - [19/Mar/2022:09:09:27 +0000] "PUT /api/v1/note/isArchived/623542348ff6ec2bd0a09782 HTTP/1.1" 202 61 "-" "PostmanRuntime/7.29.0"

info: ::1 - - [19/Mar/2022:09:23:38 +0000] "PUT /api/v1/note/isArchived/623542348ff6ec2bd0a09782 HTTP/1.1" 202 61 "-" "PostmanRuntime/7.29.0"

info: ::1 - - [19/Mar/2022:09:23:40 +0000] "PUT /api/v1/note/isArchived/623542348ff6ec2bd0a09782 HTTP/1.1" 202 61 "-" "PostmanRuntime/7.29.0"

info: ::1 - - [19/Mar/2022:09:23:42 +0000] "PUT /api/v1/note/isArchived/623542348ff6ec2bd0a09782 HTTP/1.1" 202 61 "-" "PostmanRuntime/7.29.0"

info: ::1 - - [19/Mar/2022:09:24:39 +0000] "PUT /api/v1/note/isArchived/623542348ff6ec2bd0a09782 HTTP/1.1" 202 61 "-" "PostmanRuntime/7.29.0"

info: ::1 - - [19/Mar/2022:09:26:56 +0000] "PUT /api/v1/note/isArchived/623542348ff6ec2bd0a09782 HTTP/1.1" 500 118 "-" "PostmanRuntime/7.29.0"

info: ::1 - - [19/Mar/2022:09:28:00 +0000] "PUT /api/v1/note/isArchived/623542348ff6ec2bd0a09782 HTTP/1.1" 202 61 "-" "PostmanRuntime/7.29.0"

info: ::1 - - [19/Mar/2022:09:28:29 +0000] "PUT /api/v1/note/isArchived/623542348ff6ec2bd0a09782 HTTP/1.1" 202 61 "-" "PostmanRuntime/7.29.0"

info: ::1 - - [19/Mar/2022:09:34:13 +0000] "PUT /api/v1/note/isArchived/623542348ff6ec2bd0a09782 HTTP/1.1" 500 52 "-" "PostmanRuntime/7.29.0"

info: ::1 - - [19/Mar/2022:09:34:51 +0000] "PUT /api/v1/note/isArchived/623542348ff6ec2bd0a09782 HTTP/1.1" 202 61 "-" "PostmanRuntime/7.29.0"

info: ::1 - - [19/Mar/2022:09:36:53 +0000] "PUT /api/v1/note/isArchived/623542348ff6ec2bd0a09782 HTTP/1.1" 202 79 "-" "PostmanRuntime/7.29.0"

info: ::1 - - [19/Mar/2022:09:46:14 +0000] "PUT /api/v1/note/isArchived/623542348ff6ec2bd0a09782 HTTP/1.1" 202 81 "-" "PostmanRuntime/7.29.0"

info: ::1 - - [19/Mar/2022:09:47:03 +0000] "PUT /api/v1/note/isArchived/623542348ff6ec2bd0a09782 HTTP/1.1" 202 81 "-" "PostmanRuntime/7.29.0"

info: ::1 - - [19/Mar/2022:09:47:20 +0000] "PUT /api/v1/note/isTrashed/623542348ff6ec2bd0a09782 HTTP/1.1" 404 47 "-" "PostmanRuntime/7.29.0"

info: ::1 - - [19/Mar/2022:09:47:32 +0000] "PUT /api/v1/note/isDeleted/623542348ff6ec2bd0a09782 HTTP/1.1" 404 47 "-" "PostmanRuntime/7.29.0"

info: ::1 - - [19/Mar/2022:09:48:23 +0000] "PUT /api/v1/note/isDeleted/623542348ff6ec2bd0a09782 HTTP/1.1" 202 79 "-" "PostmanRuntime/7.29.0"

info: ::1 - - [19/Mar/2022:09:48:44 +0000] "PUT /api/v1/note/isArchived/623542348ff6ec2bd0a09782 HTTP/1.1" 202 81 "-" "PostmanRuntime/7.29.0"

info: ::1 - - [19/Mar/2022:09:58:53 +0000] "PUT /api/v1/note/isArchived/623542348ff6ec2bd0a09782 HTTP/1.1" 202 61 "-" "PostmanRuntime/7.29.0"

info: ::1 - - [19/Mar/2022:10:04:17 +0000] "PUT /api/v1/note/isArchived/623542348ff6ec2bd0a09782 HTTP/1.1" 202 61 "-" "PostmanRuntime/7.29.0"

info: ::1 - - [19/Mar/2022:10:06:06 +0000] "PUT /api/v1/note/isArchived/623542348ff6ec2bd0a09782 HTTP/1.1" 202 61 "-" "PostmanRuntime/7.29.0"

info: ::1 - - [19/Mar/2022:10:06:37 +0000] "PUT /api/v1/note/isArchived/623542348ff6ec2bd0a09782 HTTP/1.1" 202 61 "-" "PostmanRuntime/7.29.0"

info: ::1 - - [19/Mar/2022:10:07:21 +0000] "PUT /api/v1/note/isArchived/623542348ff6ec2bd0a09782 HTTP/1.1" 500 49 "-" "PostmanRuntime/7.29.0"

info: ::1 - - [19/Mar/2022:10:08:18 +0000] "PUT /api/v1/note/isArchived/623542348ff6ec2bd0a09782 HTTP/1.1" 202 61 "-" "PostmanRuntime/7.29.0"

info: ::1 - - [19/Mar/2022:10:13:28 +0000] "PUT /api/v1/note/isArchived/623542348ff6ec2bd0a09782 HTTP/1.1" 202 292 "-" "PostmanRuntime/7.29.0"

info: ::1 - - [19/Mar/2022:10:21:27 +0000] "PUT /api/v1/note/isArchived/623542348ff6ec2bd0a09782 HTTP/1.1" 202 87 "-" "PostmanRuntime/7.29.0"

info: ::1 - - [19/Mar/2022:10:29:27 +0000] "PUT /api/v1/note/isArchived/623542348ff6ec2bd0a09782 HTTP/1.1" 202 63 "-" "PostmanRuntime/7.29.0"

info: ::1 - - [19/Mar/2022:10:49:58 +0000] "PUT /api/v1/note/isArchived/623542348ff6ec2bd0a09782 HTTP/1.1" 202 292 "-" "PostmanRuntime/7.29.0"

info: ::1 - - [19/Mar/2022:10:51:10 +0000] "PUT /api/v1/note/isArchived/623542348ff6ec2bd0a09782 HTTP/1.1" 202 291 "-" "PostmanRuntime/7.29.0"

info: ::1 - - [19/Mar/2022:10:52:35 +0000] "PUT /api/v1/note/isDeleted/623542348ff6ec2bd0a09782 HTTP/1.1" 500 52 "-" "PostmanRuntime/7.29.0"

info: ::1 - - [19/Mar/2022:10:52:53 +0000] "PUT /api/v1/note/isDeleted/623542348ff6ec2bd0a09782 HTTP/1.1" 500 52 "-" "PostmanRuntime/7.29.0"

info: ::1 - - [19/Mar/2022:10:52:57 +0000] "PUT /api/v1/note/isDeleted/623542348ff6ec2bd0a09782 HTTP/1.1" 500 52 "-" "PostmanRuntime/7.29.0"

info: ::1 - - [19/Mar/2022:10:54:22 +0000] "PUT /api/v1/note/isDeleted/623542348ff6ec2bd0a09782 HTTP/1.1" 202 290 "-" "PostmanRuntime/7.29.0"

info: ::1 - - [19/Mar/2022:10:54:56 +0000] "PUT /api/v1/note/isDeleted/623542348ff6ec2bd0a09782 HTTP/1.1" 202 289 "-" "PostmanRuntime/7.29.0"

info: ::1 - - [19/Mar/2022:10:55:48 +0000] "PUT /api/v1/note/isDeleted/623542348ff6ec2bd0a09782 HTTP/1.1" 202 289 "-" "PostmanRuntime/7.29.0"

info: ::1 - - [19/Mar/2022:11:01:13 +0000] "PUT /api/v1/note/isArchived/623542348ff6ec2bd0a09782 HTTP/1.1" 202 61 "-" "PostmanRuntime/7.29.0"

