info: Server started at http://localhost:3000/api/v1/ {"timestamp":"2022-03-24T01:57:04.420Z"}
error: Could not connect to the database. connect ECONNREFUSED 127.0.0.1:27017 {"reason":{"commonWireVersion":null,"compatibilityError":null,"compatible":true,"heartbeatFrequencyMS":10000,"localThresholdMS":15,"logicalSessionTimeoutMinutes":null,"maxElectionId":null,"maxSetVersion":null,"servers":{},"setName":null,"stale":false,"type":"Single"},"stack":"MongooseServerSelectionError: connect ECONNREFUSED 127.0.0.1:27017\n    at NativeConnection.Connection.openUri (C:\\Windows\\System32\\FundooProject\\fundooProject\\node_modules\\mongoose\\lib\\connection.js:847:32)\n    at C:\\Windows\\System32\\FundooProject\\fundooProject\\node_modules\\mongoose\\lib\\index.js:351:10\n    at C:\\Windows\\System32\\FundooProject\\fundooProject\\node_modules\\mongoose\\lib\\helpers\\promiseOrCallback.js:32:5\n    at new Promise (<anonymous>)\n    at promiseOrCallback (C:\\Windows\\System32\\FundooProject\\fundooProject\\node_modules\\mongoose\\lib\\helpers\\promiseOrCallback.js:31:10)\n    at Mongoose._promiseOrCallback (C:\\Windows\\System32\\FundooProject\\fundooProject\\node_modules\\mongoose\\lib\\index.js:1149:10)\n    at Mongoose.connect (C:\\Windows\\System32\\FundooProject\\fundooProject\\node_modules\\mongoose\\lib\\index.js:350:20)\n    at _callee$ (C:\\Windows\\System32\\FundooProject\\fundooProject\\src\\config\\/database.js:12:20)\n    at tryCatch (C:\\Windows\\System32\\FundooProject\\fundooProject\\node_modules\\regenerator-runtime\\runtime.js:63:40)\n    at Generator.invoke [as _invoke] (C:\\Windows\\System32\\FundooProject\\fundooProject\\node_modules\\regenerator-runtime\\runtime.js:294:22)\n    at Generator.next (C:\\Windows\\System32\\FundooProject\\fundooProject\\node_modules\\regenerator-runtime\\runtime.js:119:21)\n    at asyncGeneratorStep (C:\\Windows\\System32\\FundooProject\\fundooProject\\node_modules\\@babel\\runtime\\helpers\\asyncToGenerator.js:3:24)\n    at _next (C:\\Windows\\System32\\FundooProject\\fundooProject\\node_modules\\@babel\\runtime\\helpers\\asyncToGenerator.js:25:9)\n    at C:\\Windows\\System32\\FundooProject\\fundooProject\\node_modules\\@babel\\runtime\\helpers\\asyncToGenerator.js:32:7\n    at new Promise (<anonymous>)\n    at C:\\Windows\\System32\\FundooProject\\fundooProject\\node_modules\\@babel\\runtime\\helpers\\asyncToGenerator.js:21:12","timestamp":"2022-03-24T01:57:34.435Z"}
info: Server started at http://localhost:3000/api/v1/ {"timestamp":"2022-03-24T01:59:43.920Z"}
error: Could not connect to the database. connect ECONNREFUSED 127.0.0.1:27017 {"reason":{"commonWireVersion":null,"compatibilityError":null,"compatible":true,"heartbeatFrequencyMS":10000,"localThresholdMS":15,"logicalSessionTimeoutMinutes":null,"maxElectionId":null,"maxSetVersion":null,"servers":{},"setName":null,"stale":false,"type":"Single"},"stack":"MongooseServerSelectionError: connect ECONNREFUSED 127.0.0.1:27017\n    at NativeConnection.Connection.openUri (C:\\Windows\\System32\\FundooProject\\fundooProject\\node_modules\\mongoose\\lib\\connection.js:847:32)\n    at C:\\Windows\\System32\\FundooProject\\fundooProject\\node_modules\\mongoose\\lib\\index.js:351:10\n    at C:\\Windows\\System32\\FundooProject\\fundooProject\\node_modules\\mongoose\\lib\\helpers\\promiseOrCallback.js:32:5\n    at new Promise (<anonymous>)\n    at promiseOrCallback (C:\\Windows\\System32\\FundooProject\\fundooProject\\node_modules\\mongoose\\lib\\helpers\\promiseOrCallback.js:31:10)\n    at Mongoose._promiseOrCallback (C:\\Windows\\System32\\FundooProject\\fundooProject\\node_modules\\mongoose\\lib\\index.js:1149:10)\n    at Mongoose.connect (C:\\Windows\\System32\\FundooProject\\fundooProject\\node_modules\\mongoose\\lib\\index.js:350:20)\n    at _callee$ (C:\\Windows\\System32\\FundooProject\\fundooProject\\src\\config\\/database.js:12:20)\n    at tryCatch (C:\\Windows\\System32\\FundooProject\\fundooProject\\node_modules\\regenerator-runtime\\runtime.js:63:40)\n    at Generator.invoke [as _invoke] (C:\\Windows\\System32\\FundooProject\\fundooProject\\node_modules\\regenerator-runtime\\runtime.js:294:22)\n    at Generator.next (C:\\Windows\\System32\\FundooProject\\fundooProject\\node_modules\\regenerator-runtime\\runtime.js:119:21)\n    at asyncGeneratorStep (C:\\Windows\\System32\\FundooProject\\fundooProject\\node_modules\\@babel\\runtime\\helpers\\asyncToGenerator.js:3:24)\n    at _next (C:\\Windows\\System32\\FundooProject\\fundooProject\\node_modules\\@babel\\runtime\\helpers\\asyncToGenerator.js:25:9)\n    at C:\\Windows\\System32\\FundooProject\\fundooProject\\node_modules\\@babel\\runtime\\helpers\\asyncToGenerator.js:32:7\n    at new Promise (<anonymous>)\n    at C:\\Windows\\System32\\FundooProject\\fundooProject\\node_modules\\@babel\\runtime\\helpers\\asyncToGenerator.js:21:12","timestamp":"2022-03-24T02:00:13.927Z"}
info: Server started at http://localhost:3000/api/v1/ {"timestamp":"2022-03-24T02:02:45.978Z"}
info: Server started at http://localhost:3000/api/v1/ {"timestamp":"2022-03-24T02:02:57.074Z"}
error: Could not connect to the database. connect ECONNREFUSED 127.0.0.1:27017 {"reason":{"commonWireVersion":null,"compatibilityError":null,"compatible":true,"heartbeatFrequencyMS":10000,"localThresholdMS":15,"logicalSessionTimeoutMinutes":null,"maxElectionId":null,"maxSetVersion":null,"servers":{},"setName":null,"stale":false,"type":"Single"},"stack":"MongooseServerSelectionError: connect ECONNREFUSED 127.0.0.1:27017\n    at NativeConnection.Connection.openUri (C:\\Windows\\System32\\FundooProject\\fundooProject\\node_modules\\mongoose\\lib\\connection.js:847:32)\n    at C:\\Windows\\System32\\FundooProject\\fundooProject\\node_modules\\mongoose\\lib\\index.js:351:10\n    at C:\\Windows\\System32\\FundooProject\\fundooProject\\node_modules\\mongoose\\lib\\helpers\\promiseOrCallback.js:32:5\n    at new Promise (<anonymous>)\n    at promiseOrCallback (C:\\Windows\\System32\\FundooProject\\fundooProject\\node_modules\\mongoose\\lib\\helpers\\promiseOrCallback.js:31:10)\n    at Mongoose._promiseOrCallback (C:\\Windows\\System32\\FundooProject\\fundooProject\\node_modules\\mongoose\\lib\\index.js:1149:10)\n    at Mongoose.connect (C:\\Windows\\System32\\FundooProject\\fundooProject\\node_modules\\mongoose\\lib\\index.js:350:20)\n    at _callee$ (C:\\Windows\\System32\\FundooProject\\fundooProject\\src\\config\\/database.js:12:20)\n    at tryCatch (C:\\Windows\\System32\\FundooProject\\fundooProject\\node_modules\\regenerator-runtime\\runtime.js:63:40)\n    at Generator.invoke [as _invoke] (C:\\Windows\\System32\\FundooProject\\fundooProject\\node_modules\\regenerator-runtime\\runtime.js:294:22)\n    at Generator.next (C:\\Windows\\System32\\FundooProject\\fundooProject\\node_modules\\regenerator-runtime\\runtime.js:119:21)\n    at asyncGeneratorStep (C:\\Windows\\System32\\FundooProject\\fundooProject\\node_modules\\@babel\\runtime\\helpers\\asyncToGenerator.js:3:24)\n    at _next (C:\\Windows\\System32\\FundooProject\\fundooProject\\node_modules\\@babel\\runtime\\helpers\\asyncToGenerator.js:25:9)\n    at C:\\Windows\\System32\\FundooProject\\fundooProject\\node_modules\\@babel\\runtime\\helpers\\asyncToGenerator.js:32:7\n    at new Promise (<anonymous>)\n    at C:\\Windows\\System32\\FundooProject\\fundooProject\\node_modules\\@babel\\runtime\\helpers\\asyncToGenerator.js:21:12","timestamp":"2022-03-24T02:03:27.086Z"}
info: Server started at http://localhost:3000/api/v1/ {"timestamp":"2022-03-24T02:04:52.199Z"}
info: Connected to the database. {"timestamp":"2022-03-24T02:04:52.221Z"}
info: Server started at http://localhost:3000/api/v1/ {"timestamp":"2022-03-24T02:05:26.606Z"}
info: Connected to the database. {"timestamp":"2022-03-24T02:05:26.636Z"}
info: Server started at http://localhost:3000/api/v1/ {"timestamp":"2022-03-24T02:36:31.705Z"}
info: Connected to the database. {"timestamp":"2022-03-24T02:36:31.735Z"}
info: Server started at http://localhost:3000/api/v1/ {"timestamp":"2022-03-24T02:37:59.850Z"}
info: Connected to the database. {"timestamp":"2022-03-24T02:37:59.883Z"}
info: Server started at http://localhost:3000/api/v1/ {"timestamp":"2022-03-24T02:48:58.379Z"}
info: Connected to the database. {"timestamp":"2022-03-24T02:48:58.411Z"}
info: Server started at http://localhost:3000/api/v1/ {"timestamp":"2022-03-24T02:50:00.005Z"}
info: Connected to the database. {"timestamp":"2022-03-24T02:50:00.050Z"}
info: Server started at http://localhost:3000/api/v1/ {"timestamp":"2022-03-24T02:51:54.202Z"}
info: Connected to the database. {"timestamp":"2022-03-24T02:51:54.243Z"}
info: Server started at http://localhost:3000/api/v1/ {"timestamp":"2022-03-24T02:52:05.235Z"}
info: Connected to the database. {"timestamp":"2022-03-24T02:52:05.271Z"}
info: Server started at http://localhost:3000/api/v1/ {"timestamp":"2022-03-24T02:53:42.242Z"}
info: Connected to the database. {"timestamp":"2022-03-24T02:53:42.278Z"}
info: Server started at http://localhost:3000/api/v1/ {"timestamp":"2022-03-24T02:54:12.500Z"}
info: Connected to the database. {"timestamp":"2022-03-24T02:54:12.535Z"}
info: Server started at http://localhost:3000/api/v1/ {"timestamp":"2022-03-24T02:54:42.029Z"}
info: Connected to the database. {"timestamp":"2022-03-24T02:54:42.072Z"}
info: Server started at http://localhost:3000/api/v1/ {"timestamp":"2022-03-24T02:54:57.182Z"}
info: Connected to the database. {"timestamp":"2022-03-24T02:54:57.213Z"}
info: Server started at http://localhost:3000/api/v1/ {"timestamp":"2022-03-24T02:55:17.197Z"}
info: Connected to the database. {"timestamp":"2022-03-24T02:55:17.262Z"}
info: Server started at http://localhost:3000/api/v1/ {"timestamp":"2022-03-24T02:55:47.363Z"}
info: Connected to the database. {"timestamp":"2022-03-24T02:55:47.391Z"}
info: Server started at http://localhost:3000/api/v1/ {"timestamp":"2022-03-24T02:56:02.085Z"}
info: Connected to the database. {"timestamp":"2022-03-24T02:56:02.122Z"}
info: Server started at http://localhost:3000/api/v1/ {"timestamp":"2022-03-24T02:56:18.577Z"}
info: Connected to the database. {"timestamp":"2022-03-24T02:56:18.609Z"}
info: Server started at http://localhost:3000/api/v1/ {"timestamp":"2022-03-24T02:56:57.434Z"}
info: Connected to the database. {"timestamp":"2022-03-24T02:56:57.472Z"}
info: Server started at http://localhost:3000/api/v1/ {"timestamp":"2022-03-24T06:07:34.156Z"}
info: Connected to the database. {"timestamp":"2022-03-24T06:07:34.194Z"}
info: Server started at http://localhost:3000/api/v1/ {"timestamp":"2022-03-24T06:09:07.299Z"}
info: Connected to the database. {"timestamp":"2022-03-24T06:09:07.326Z"}
info: Server started at http://localhost:3000/api/v1/ {"timestamp":"2022-03-24T08:38:03.003Z"}
info: Server started at http://localhost:3000/api/v1/ {"timestamp":"2022-03-24T08:54:02.982Z"}
info: Server started at http://localhost:3000/api/v1/ {"timestamp":"2022-03-24T08:58:43.345Z"}
info: Connected to the database. {"timestamp":"2022-03-24T08:58:43.377Z"}
info: Server started at http://localhost:3000/api/v1/ {"timestamp":"2022-03-24T09:00:18.484Z"}
info: Connected to the database. {"timestamp":"2022-03-24T09:00:18.517Z"}
info: Server started at http://localhost:3000/api/v1/ {"timestamp":"2022-03-24T09:00:31.467Z"}
info: Connected to the database. {"timestamp":"2022-03-24T09:00:31.493Z"}
info: Server started at http://localhost:3000/api/v1/ {"timestamp":"2022-03-24T09:00:54.484Z"}
info: Connected to the database. {"timestamp":"2022-03-24T09:00:54.517Z"}
info: Server started at http://localhost:3000/api/v1/ {"timestamp":"2022-03-24T09:01:20.056Z"}
info: Connected to the database. {"timestamp":"2022-03-24T09:01:20.092Z"}
info: Server started at http://localhost:3000/api/v1/ {"timestamp":"2022-03-24T09:01:28.976Z"}
info: Connected to the database. {"timestamp":"2022-03-24T09:01:29.008Z"}
info: Server started at http://localhost:3000/api/v1/ {"timestamp":"2022-03-24T09:01:49.694Z"}
info: Connected to the database. {"timestamp":"2022-03-24T09:01:49.727Z"}
info: Server started at http://localhost:3000/api/v1/ {"timestamp":"2022-03-24T09:03:07.539Z"}
info: Server started at http://localhost:3000/api/v1/ {"timestamp":"2022-03-24T09:18:49.440Z"}
info: Server started at http://localhost:3000/api/v1/ {"timestamp":"2022-03-24T09:20:17.277Z"}
info: Server started at http://localhost:3000/api/v1/ {"timestamp":"2022-03-24T09:25:14.468Z"}
info: Server started at http://localhost:3000/api/v1/ {"timestamp":"2022-03-24T09:30:45.959Z"}
info: Server started at http://localhost:3000/api/v1/ {"timestamp":"2022-03-24T09:32:06.206Z"}
info: Server started at http://localhost:3000/api/v1/ {"timestamp":"2022-03-24T09:40:11.532Z"}
info: Server started at http://localhost:3000/api/v1/ {"timestamp":"2022-03-24T09:41:01.667Z"}
info: Server started at http://localhost:3000/api/v1/ {"timestamp":"2022-03-24T09:46:11.826Z"}
info: Server started at http://localhost:3000/api/v1/ {"timestamp":"2022-03-24T09:51:16.142Z"}
info: Server started at http://localhost:3000/api/v1/ {"timestamp":"2022-03-24T09:51:56.725Z"}
info: Connected to the database. {"timestamp":"2022-03-24T09:51:56.750Z"}
info: Server started at http://localhost:3000/api/v1/ {"timestamp":"2022-03-24T09:52:17.254Z"}
info: Server started at http://localhost:3000/api/v1/ {"timestamp":"2022-03-24T09:54:23.261Z"}
info: Server started at http://localhost:3000/api/v1/ {"timestamp":"2022-03-24T09:54:46.001Z"}
info: Server started at http://localhost:3000/api/v1/ {"timestamp":"2022-03-24T09:57:03.614Z"}
info: Server started at http://localhost:3000/api/v1/ {"timestamp":"2022-03-24T10:04:54.204Z"}
info: Server started at http://localhost:3000/api/v1/ {"timestamp":"2022-03-24T10:24:25.056Z"}
info: Server started at http://localhost:3000/api/v1/ {"timestamp":"2022-03-24T10:25:59.890Z"}
info: Connected to the database. {"timestamp":"2022-03-24T10:25:59.921Z"}
info: Server started at http://localhost:3000/api/v1/ {"timestamp":"2022-03-24T10:26:36.101Z"}
info: Server started at http://localhost:3000/api/v1/ {"timestamp":"2022-03-24T11:12:32.060Z"}
info: Server started at http://localhost:3000/api/v1/ {"timestamp":"2022-03-24T11:33:43.509Z"}
info: Server started at http://localhost:3000/api/v1/ {"timestamp":"2022-03-24T11:36:53.943Z"}
error: 
    status - 500 
    message - ValidationError: "firstName" must be a string 
    url - /api/v1/users/registration 
    method - POST 
    IP - ::ffff:127.0.0.1
   {"timestamp":"2022-03-24T11:36:58.984Z"}
info: Server started at http://localhost:3000/api/v1/ {"timestamp":"2022-03-24T11:38:43.250Z"}
error: 
    status - 500 
    message - ValidationError: "firstName" must be a string 
    url - /api/v1/users/registration 
    method - POST 
    IP - ::ffff:127.0.0.1
   {"timestamp":"2022-03-24T11:38:48.292Z"}
info: Server started at http://localhost:3000/api/v1/ {"timestamp":"2022-03-24T11:41:54.685Z"}
info: Server started at http://localhost:3000/api/v1/ {"timestamp":"2022-03-24T11:44:18.643Z"}
info: Server started at http://localhost:3000/api/v1/ {"timestamp":"2022-03-24T11:45:42.980Z"}
error: 
    status - 500 
    message - ValidationError: "firstName" must be a string 
    url - /api/v1/users/registration 
    method - POST 
    IP - ::ffff:127.0.0.1
   {"timestamp":"2022-03-24T11:45:43.061Z"}
info: Server started at http://localhost:3000/api/v1/ {"timestamp":"2022-03-24T11:47:34.313Z"}
error: 
    status - 500 
    message - ValidationError: "firstName" must be a string 
    url - /api/v1/users/registration 
    method - POST 
    IP - ::ffff:127.0.0.1
   {"timestamp":"2022-03-24T11:47:34.386Z"}
info: Server started at http://localhost:3000/api/v1/ {"timestamp":"2022-03-24T11:49:09.325Z"}
error: 
    status - 500 
    message - ValidationError: "firstName" must be a string 
    url - /api/v1/users/registration 
    method - POST 
    IP - ::ffff:127.0.0.1
   {"timestamp":"2022-03-24T11:49:09.413Z"}
info: Server started at http://localhost:3000/api/v1/ {"timestamp":"2022-03-24T11:49:41.905Z"}
error: 
    status - 500 
    message - ValidationError: "firstName" must be a string 
    url - /api/v1/users/registration 
    method - POST 
    IP - ::ffff:127.0.0.1
   {"timestamp":"2022-03-24T11:49:41.979Z"}
info: Server started at http://localhost:3000/api/v1/ {"timestamp":"2022-03-24T11:51:48.252Z"}
error: 
    status - 500 
    message - ValidationError: "firstName" must be a string 
    url - /api/v1/users/registration 
    method - POST 
    IP - ::ffff:127.0.0.1
   {"timestamp":"2022-03-24T11:51:48.332Z"}
info: Server started at http://localhost:3000/api/v1/ {"timestamp":"2022-03-24T11:54:52.980Z"}
error: 
    status - 500 
    message - ValidationError: "firstName" must be a string 
    url - /api/v1/users/registration 
    method - POST 
    IP - ::ffff:127.0.0.1
   {"timestamp":"2022-03-24T11:54:53.056Z"}
error: 
    status - 500 
    message - undefined 
    url - /api/v1/users/resetPassword 
    method - PUT 
    IP - ::ffff:127.0.0.1
   {"timestamp":"2022-03-24T11:54:53.112Z"}
info: Server started at http://localhost:3000/api/v1/ {"timestamp":"2022-03-24T11:55:42.718Z"}
error: 
    status - 500 
    message - ValidationError: "firstName" must be a string 
    url - /api/v1/users/registration 
    method - POST 
    IP - ::ffff:127.0.0.1
   {"timestamp":"2022-03-24T11:55:42.795Z"}
error: 
    status - 500 
    message - undefined 
    url - /api/v1/users/resetPassword 
    method - PUT 
    IP - ::ffff:127.0.0.1
   {"timestamp":"2022-03-24T11:55:42.861Z"}
info: Server started at http://localhost:3000/api/v1/ {"timestamp":"2022-03-24T11:57:05.144Z"}
error: 
    status - 500 
    message - ValidationError: "firstName" must be a string 
    url - /api/v1/users/registration 
    method - POST 
    IP - ::ffff:127.0.0.1
   {"timestamp":"2022-03-24T11:57:05.226Z"}
error: 
    status - 500 
    message - undefined 
    url - /api/v1/users/resetPassword 
    method - PUT 
    IP - ::ffff:127.0.0.1
   {"timestamp":"2022-03-24T11:57:05.285Z"}
info: Server started at http://localhost:3000/api/v1/ {"timestamp":"2022-03-24T11:58:00.221Z"}
error: 
    status - 500 
    message - ValidationError: "firstName" must be a string 
    url - /api/v1/users/registration 
    method - POST 
    IP - ::ffff:127.0.0.1
   {"timestamp":"2022-03-24T11:58:00.301Z"}
error: 
    status - 500 
    message - undefined 
    url - /api/v1/users/resetPassword 
    method - PUT 
    IP - ::ffff:127.0.0.1
   {"timestamp":"2022-03-24T11:58:00.352Z"}
info: Server started at http://localhost:3000/api/v1/ {"timestamp":"2022-03-24T11:59:17.226Z"}
error: 
    status - 500 
    message - ValidationError: "firstName" must be a string 
    url - /api/v1/users/registration 
    method - POST 
    IP - ::ffff:127.0.0.1
   {"timestamp":"2022-03-24T11:59:17.304Z"}
error: 
    status - 500 
    message - undefined 
    url - /api/v1/users/resetPassword 
    method - PUT 
    IP - ::ffff:127.0.0.1
   {"timestamp":"2022-03-24T11:59:17.358Z"}
info: Server started at http://localhost:3000/api/v1/ {"timestamp":"2022-03-24T12:00:11.450Z"}
error: 
    status - 500 
    message - ValidationError: "firstName" must be a string 
    url - /api/v1/users/registration 
    method - POST 
    IP - ::ffff:127.0.0.1
   {"timestamp":"2022-03-24T12:00:11.531Z"}
info: Server started at http://localhost:3000/api/v1/ {"timestamp":"2022-03-24T12:01:01.729Z"}
error: 
    status - 500 
    message - ValidationError: "firstName" must be a string 
    url - /api/v1/users/registration 
    method - POST 
    IP - ::ffff:127.0.0.1
   {"timestamp":"2022-03-24T12:01:01.795Z"}
info: Server started at http://localhost:3000/api/v1/ {"timestamp":"2022-03-24T12:02:31.333Z"}
error: 
    status - 500 
    message - ValidationError: "firstName" must be a string 
    url - /api/v1/users/registration 
    method - POST 
    IP - ::ffff:127.0.0.1
   {"timestamp":"2022-03-24T12:02:31.411Z"}
info: Server started at http://localhost:3000/api/v1/ {"timestamp":"2022-03-24T12:03:03.788Z"}
error: 
    status - 500 
    message - ValidationError: "firstName" must be a string 
    url - /api/v1/users/registration 
    method - POST 
    IP - ::ffff:127.0.0.1
   {"timestamp":"2022-03-24T12:03:03.871Z"}
error: 
    status - 500 
    message - undefined 
    url - /api/v1/users/resetPassword 
    method - PUT 
    IP - ::ffff:127.0.0.1
   {"timestamp":"2022-03-24T12:03:03.924Z"}
info: Server started at http://localhost:3000/api/v1/ {"timestamp":"2022-03-24T12:04:30.120Z"}
error: 
    status - 500 
    message - ValidationError: "firstName" must be a string 
    url - /api/v1/users/registration 
    method - POST 
    IP - ::ffff:127.0.0.1
   {"timestamp":"2022-03-24T12:04:30.196Z"}
error: 
    status - 500 
    message - undefined 
    url - /api/v1/users/resetPassword 
    method - PUT 
    IP - ::ffff:127.0.0.1
   {"timestamp":"2022-03-24T12:04:30.252Z"}
info: Server started at http://localhost:3000/api/v1/ {"timestamp":"2022-03-24T12:06:18.094Z"}
error: 
    status - 500 
    message - ValidationError: "firstName" must be a string 
    url - /api/v1/users/registration 
    method - POST 
    IP - ::ffff:127.0.0.1
   {"timestamp":"2022-03-24T12:06:18.174Z"}
error: 
    status - 500 
    message - undefined 
    url - /api/v1/users/resetPassword 
    method - PUT 
    IP - ::ffff:127.0.0.1
   {"timestamp":"2022-03-24T12:06:18.231Z"}
info: Server started at http://localhost:3000/api/v1/ {"timestamp":"2022-03-24T12:07:25.302Z"}
info: Connected to the database. {"timestamp":"2022-03-24T12:07:25.332Z"}
info: Server started at http://localhost:3000/api/v1/ {"timestamp":"2022-03-24T12:08:28.839Z"}
error: 
    status - 500 
    message - ValidationError: "firstName" must be a string 
    url - /api/v1/users/registration 
    method - POST 
    IP - ::ffff:127.0.0.1
   {"timestamp":"2022-03-24T12:08:28.921Z"}
error: 
    status - 500 
    message - undefined 
    url - /api/v1/users/resetPassword 
    method - PUT 
    IP - ::ffff:127.0.0.1
   {"timestamp":"2022-03-24T12:08:28.977Z"}
info: Server started at http://localhost:3000/api/v1/ {"timestamp":"2022-03-24T12:09:39.056Z"}
info: Connected to the database. {"timestamp":"2022-03-24T12:09:39.087Z"}
info: Server started at http://localhost:3000/api/v1/ {"timestamp":"2022-03-24T12:11:02.700Z"}
info: Connected to the database. {"timestamp":"2022-03-24T12:11:02.731Z"}
info: Server started at http://localhost:3000/api/v1/ {"timestamp":"2022-03-24T12:11:13.931Z"}
error: 
    status - 500 
    message - ValidationError: "firstName" must be a string 
    url - /api/v1/users/registration 
    method - POST 
    IP - ::ffff:127.0.0.1
   {"timestamp":"2022-03-24T12:11:14.000Z"}
error: 
    status - 500 
    message - undefined 
    url - /api/v1/users/resetPassword 
    method - PUT 
    IP - ::ffff:127.0.0.1
   {"timestamp":"2022-03-24T12:11:14.069Z"}
info: Server started at http://localhost:3000/api/v1/ {"timestamp":"2022-03-24T12:15:40.702Z"}
info: Connected to the database. {"timestamp":"2022-03-24T12:15:40.745Z"}
error: 
    status - 500 
    message - ValidationError: "firstName" must be a string 
    url - /api/v1/users/registration 
    method - POST 
    IP - ::ffff:127.0.0.1
   {"timestamp":"2022-03-24T12:15:40.828Z"}
info: Server started at http://localhost:3000/api/v1/ {"timestamp":"2022-03-24T12:16:31.848Z"}
info: Connected to the database. {"timestamp":"2022-03-24T12:16:31.892Z"}
error: 
    status - 500 
    message - ValidationError: "firstName" must be a string 
    url - /api/v1/users/registration 
    method - POST 
    IP - ::ffff:127.0.0.1
   {"timestamp":"2022-03-24T12:16:31.976Z"}
info: Server started at http://localhost:3000/api/v1/ {"timestamp":"2022-03-24T12:18:36.615Z"}
info: Connected to the database. {"timestamp":"2022-03-24T12:18:36.653Z"}
error: 
    status - 500 
    message - ValidationError: "firstName" must be a string 
    url - /api/v1/users/registration 
    method - POST 
    IP - ::ffff:127.0.0.1
   {"timestamp":"2022-03-24T12:18:36.742Z"}
info: Server started at http://localhost:3000/api/v1/ {"timestamp":"2022-03-24T12:22:00.695Z"}
info: Connected to the database. {"timestamp":"2022-03-24T12:22:00.737Z"}
error: 
    status - 500 
    message - ValidationError: "firstName" must be a string 
    url - /api/v1/users/registration 
    method - POST 
    IP - ::ffff:127.0.0.1
   {"timestamp":"2022-03-24T12:22:00.810Z"}
info: Server started at http://localhost:3000/api/v1/ {"timestamp":"2022-03-24T12:22:53.246Z"}
info: Connected to the database. {"timestamp":"2022-03-24T12:22:53.284Z"}
error: 
    status - 500 
    message - ValidationError: "firstName" must be a string 
    url - /api/v1/users/registration 
    method - POST 
    IP - ::ffff:127.0.0.1
   {"timestamp":"2022-03-24T12:22:53.362Z"}
info: Server started at http://localhost:3000/api/v1/ {"timestamp":"2022-03-24T12:26:26.074Z"}
info: Connected to the database. {"timestamp":"2022-03-24T12:26:26.112Z"}
error: 
    status - 500 
    message - ValidationError: "firstName" must be a string 
    url - /api/v1/users/registration 
    method - POST 
    IP - ::ffff:127.0.0.1
   {"timestamp":"2022-03-24T12:26:26.243Z"}
info: Server started at http://localhost:3000/api/v1/ {"timestamp":"2022-03-24T12:27:25.733Z"}
info: Connected to the database. {"timestamp":"2022-03-24T12:27:25.771Z"}
info: Server started at http://localhost:3000/api/v1/ {"timestamp":"2022-03-24T12:28:03.191Z"}
info: Connected to the database. {"timestamp":"2022-03-24T12:28:03.228Z"}
info: Server started at http://localhost:3000/api/v1/ {"timestamp":"2022-03-24T12:28:53.507Z"}
info: Connected to the database. {"timestamp":"2022-03-24T12:28:53.553Z"}
info: Server started at http://localhost:3000/api/v1/ {"timestamp":"2022-03-24T12:30:18.603Z"}
info: Connected to the database. {"timestamp":"2022-03-24T12:30:18.663Z"}
info: Server started at http://localhost:3000/api/v1/ {"timestamp":"2022-03-24T12:31:16.493Z"}
info: Connected to the database. {"timestamp":"2022-03-24T12:31:16.532Z"}
info: Server started at http://localhost:3000/api/v1/ {"timestamp":"2022-03-24T12:32:16.625Z"}
info: Connected to the database. {"timestamp":"2022-03-24T12:32:16.673Z"}
info: Server started at http://localhost:3000/api/v1/ {"timestamp":"2022-03-24T12:35:58.291Z"}
info: Connected to the database. {"timestamp":"2022-03-24T12:35:58.341Z"}
info: Server started at http://localhost:3000/api/v1/ {"timestamp":"2022-03-24T12:38:35.357Z"}
info: Connected to the database. {"timestamp":"2022-03-24T12:38:35.395Z"}
info: Server started at http://localhost:3000/api/v1/ {"timestamp":"2022-03-24T12:42:30.359Z"}
info: Connected to the database. {"timestamp":"2022-03-24T12:42:30.394Z"}
info: Server started at http://localhost:3000/api/v1/ {"timestamp":"2022-03-24T12:43:11.132Z"}
info: Connected to the database. {"timestamp":"2022-03-24T12:43:11.162Z"}
info: Server started at http://localhost:3000/api/v1/ {"timestamp":"2022-03-24T12:44:56.232Z"}
info: Connected to the database. {"timestamp":"2022-03-24T12:44:56.265Z"}
info: Server started at http://localhost:3000/api/v1/ {"timestamp":"2022-03-24T12:45:11.560Z"}
info: Connected to the database. {"timestamp":"2022-03-24T12:45:11.592Z"}
info: Server started at http://localhost:3000/api/v1/ {"timestamp":"2022-03-24T12:52:32.720Z"}
info: Connected to the database. {"timestamp":"2022-03-24T12:52:32.762Z"}
error: 
    status - 500 
    message - ValidationError: "firstName" must be a string 
    url - /api/v1/users/registration 
    method - POST 
    IP - ::ffff:127.0.0.1
   {"timestamp":"2022-03-24T12:52:32.920Z"}
info: Server started at http://localhost:3000/api/v1/ {"timestamp":"2022-03-24T13:56:46.536Z"}
info: Connected to the database. {"timestamp":"2022-03-24T13:56:46.577Z"}
info: Server started at http://localhost:3000/api/v1/ {"timestamp":"2022-03-24T13:57:04.121Z"}
info: Connected to the database. {"timestamp":"2022-03-24T13:57:04.168Z"}
info: Server started at http://localhost:3000/api/v1/ {"timestamp":"2022-03-24T13:58:46.325Z"}
info: Connected to the database. {"timestamp":"2022-03-24T13:58:46.370Z"}
error: 
    status - 500 
    message - undefined 
    url - /api/v1/note 
    method - POST 
    IP - ::ffff:127.0.0.1
   {"timestamp":"2022-03-24T13:58:46.670Z"}
info: Server started at http://localhost:3000/api/v1/ {"timestamp":"2022-03-24T14:00:06.811Z"}
info: Connected to the database. {"timestamp":"2022-03-24T14:00:06.858Z"}
error: 
    status - 500 
    message - undefined 
    url - /api/v1/note 
    method - POST 
    IP - ::ffff:127.0.0.1
   {"timestamp":"2022-03-24T14:00:07.171Z"}
info: Server started at http://localhost:3000/api/v1/ {"timestamp":"2022-03-24T14:03:04.723Z"}
info: Connected to the database. {"timestamp":"2022-03-24T14:03:04.765Z"}
error: 
    status - 500 
    message - undefined 
    url - /api/v1/note 
    method - POST 
    IP - ::ffff:127.0.0.1
   {"timestamp":"2022-03-24T14:03:05.079Z"}
info: Server started at http://localhost:3000/api/v1/ {"timestamp":"2022-03-24T14:03:17.815Z"}
info: Connected to the database. {"timestamp":"2022-03-24T14:03:17.865Z"}
error: 
    status - 500 
    message - undefined 
    url - /api/v1/note 
    method - POST 
    IP - ::ffff:127.0.0.1
   {"timestamp":"2022-03-24T14:03:18.165Z"}
info: Server started at http://localhost:3000/api/v1/ {"timestamp":"2022-03-24T14:10:33.420Z"}
info: Connected to the database. {"timestamp":"2022-03-24T14:10:33.465Z"}
error: 
    status - 500 
    message - undefined 
    url - /api/v1/note 
    method - POST 
    IP - ::ffff:127.0.0.1
   {"timestamp":"2022-03-24T14:10:33.777Z"}
info: Server started at http://localhost:3000/api/v1/ {"timestamp":"2022-03-24T14:11:02.117Z"}
info: Connected to the database. {"timestamp":"2022-03-24T14:11:02.158Z"}
error: 
    status - 500 
    message - undefined 
    url - /api/v1/note 
    method - POST 
    IP - ::ffff:127.0.0.1
   {"timestamp":"2022-03-24T14:11:02.442Z"}
info: Server started at http://localhost:3000/api/v1/ {"timestamp":"2022-03-24T14:13:32.488Z"}
info: Connected to the database. {"timestamp":"2022-03-24T14:13:32.530Z"}
error: 
    status - 500 
    message - undefined 
    url - /api/v1/note 
    method - POST 
    IP - ::ffff:127.0.0.1
   {"timestamp":"2022-03-24T14:13:32.821Z"}
info: Server started at http://localhost:3000/api/v1/ {"timestamp":"2022-03-24T14:16:02.812Z"}
info: Connected to the database. {"timestamp":"2022-03-24T14:16:02.853Z"}
error: 
    status - 500 
    message - undefined 
    url - /api/v1/note 
    method - POST 
    IP - ::ffff:127.0.0.1
   {"timestamp":"2022-03-24T14:16:03.152Z"}
info: Server started at http://localhost:3000/api/v1/ {"timestamp":"2022-03-24T14:34:19.058Z"}
info: Connected to the database. {"timestamp":"2022-03-24T14:34:19.099Z"}
info: Server started at http://localhost:3000/api/v1/ {"timestamp":"2022-03-24T14:36:44.208Z"}
info: Connected to the database. {"timestamp":"2022-03-24T14:36:44.253Z"}
info: Server started at http://localhost:3000/api/v1/ {"timestamp":"2022-03-24T14:59:45.463Z"}
info: Connected to the database. {"timestamp":"2022-03-24T14:59:45.508Z"}
info: Server started at http://localhost:3000/api/v1/ {"timestamp":"2022-03-24T15:08:34.310Z"}
info: Connected to the database. {"timestamp":"2022-03-24T15:08:34.357Z"}
info: Server started at http://localhost:3000/api/v1/ {"timestamp":"2022-03-24T15:11:12.207Z"}
info: Connected to the database. {"timestamp":"2022-03-24T15:11:12.241Z"}
error: 
    status - 500 
    message - SyntaxError: Unexpected token   in JSON at position 0
    at JSON.parse (<anonymous>)
    at createStrictSyntaxError (C:\Windows\System32\FundooProject\fundooProject\node_modules\body-parser\lib\types\json.js:158:10)
    at parse (C:\Windows\System32\FundooProject\fundooProject\node_modules\body-parser\lib\types\json.js:83:15)
    at C:\Windows\System32\FundooProject\fundooProject\node_modules\body-parser\lib\read.js:121:18
    at invokeCallback (C:\Windows\System32\FundooProject\fundooProject\node_modules\raw-body\index.js:224:16)
    at done (C:\Windows\System32\FundooProject\fundooProject\node_modules\raw-body\index.js:213:7)
    at IncomingMessage.onEnd (C:\Windows\System32\FundooProject\fundooProject\node_modules\raw-body\index.js:273:7)
    at IncomingMessage.emit (node:events:532:35)
    at IncomingMessage.emit (node:domain:475:12)
    at endReadableNT (node:internal/streams/readable:1346:12)
    at processTicksAndRejections (node:internal/process/task_queues:83:21) 
    url - /api/v1/note/623ac7e7ed150155fc8703be 
    method - GET 
    IP - ::1
   {"timestamp":"2022-03-24T15:12:33.143Z"}
error: 
    status - 500 
    message - SyntaxError: Unexpected token   in JSON at position 0
    at JSON.parse (<anonymous>)
    at createStrictSyntaxError (C:\Windows\System32\FundooProject\fundooProject\node_modules\body-parser\lib\types\json.js:158:10)
    at parse (C:\Windows\System32\FundooProject\fundooProject\node_modules\body-parser\lib\types\json.js:83:15)
    at C:\Windows\System32\FundooProject\fundooProject\node_modules\body-parser\lib\read.js:121:18
    at invokeCallback (C:\Windows\System32\FundooProject\fundooProject\node_modules\raw-body\index.js:224:16)
    at done (C:\Windows\System32\FundooProject\fundooProject\node_modules\raw-body\index.js:213:7)
    at IncomingMessage.onEnd (C:\Windows\System32\FundooProject\fundooProject\node_modules\raw-body\index.js:273:7)
    at IncomingMessage.emit (node:events:532:35)
    at IncomingMessage.emit (node:domain:475:12)
    at endReadableNT (node:internal/streams/readable:1346:12)
    at processTicksAndRejections (node:internal/process/task_queues:83:21) 
    url - /api/v1/note/6237f1c355cd1b2bfce052d1 
    method - GET 
    IP - ::1
   {"timestamp":"2022-03-24T15:14:51.738Z"}
info: Server started at http://localhost:3000/api/v1/ {"timestamp":"2022-03-24T15:15:51.522Z"}
info: Connected to the database. {"timestamp":"2022-03-24T15:15:51.558Z"}
info: Server started at http://localhost:3000/api/v1/ {"timestamp":"2022-03-24T15:16:59.380Z"}
info: Connected to the database. {"timestamp":"2022-03-24T15:16:59.412Z"}
info: Server started at http://localhost:3000/api/v1/ {"timestamp":"2022-03-24T15:17:49.871Z"}
info: Connected to the database. {"timestamp":"2022-03-24T15:17:49.914Z"}
info: Server started at http://localhost:3000/api/v1/ {"timestamp":"2022-03-24T15:19:36.605Z"}
info: Connected to the database. {"timestamp":"2022-03-24T15:19:36.647Z"}
info: Server started at http://localhost:3000/api/v1/ {"timestamp":"2022-03-24T15:21:24.006Z"}
info: Connected to the database. {"timestamp":"2022-03-24T15:21:24.045Z"}
info: Server started at http://localhost:3000/api/v1/ {"timestamp":"2022-03-24T15:25:17.080Z"}
info: Connected to the database. {"timestamp":"2022-03-24T15:25:17.123Z"}
info: Server started at http://localhost:3000/api/v1/ {"timestamp":"2022-03-24T15:26:11.884Z"}
info: Connected to the database. {"timestamp":"2022-03-24T15:26:11.924Z"}
info: Server started at http://localhost:3000/api/v1/ {"timestamp":"2022-03-24T15:28:25.556Z"}
info: Connected to the database. {"timestamp":"2022-03-24T15:28:25.596Z"}
info: Server started at http://localhost:3000/api/v1/ {"timestamp":"2022-03-24T15:29:09.305Z"}
info: Connected to the database. {"timestamp":"2022-03-24T15:29:09.347Z"}
info: Server started at http://localhost:3000/api/v1/ {"timestamp":"2022-03-24T15:30:09.319Z"}
info: Connected to the database. {"timestamp":"2022-03-24T15:30:09.359Z"}
info: Server started at http://localhost:3000/api/v1/ {"timestamp":"2022-03-24T15:36:12.499Z"}
info: Connected to the database. {"timestamp":"2022-03-24T15:36:12.544Z"}
info: Server started at http://localhost:3000/api/v1/ {"timestamp":"2022-03-24T15:40:18.335Z"}
info: Connected to the database. {"timestamp":"2022-03-24T15:40:18.390Z"}
info: Server started at http://localhost:3000/api/v1/ {"timestamp":"2022-03-24T15:40:44.299Z"}
info: Connected to the database. {"timestamp":"2022-03-24T15:40:44.341Z"}
info: Server started at http://localhost:3000/api/v1/ {"timestamp":"2022-03-24T15:48:34.133Z"}
info: Connected to the database. {"timestamp":"2022-03-24T15:48:34.175Z"}
info: Server started at http://localhost:3000/api/v1/ {"timestamp":"2022-03-24T15:50:05.012Z"}
info: Connected to the database. {"timestamp":"2022-03-24T15:50:05.053Z"}
info: Server started at http://localhost:3000/api/v1/ {"timestamp":"2022-03-24T15:54:00.048Z"}
info: Connected to the database. {"timestamp":"2022-03-24T15:54:00.091Z"}
info: Server started at http://localhost:3000/api/v1/ {"timestamp":"2022-03-24T15:55:08.738Z"}
info: Connected to the database. {"timestamp":"2022-03-24T15:55:08.782Z"}
info: Server started at http://localhost:3000/api/v1/ {"timestamp":"2022-03-24T15:55:52.764Z"}
info: Connected to the database. {"timestamp":"2022-03-24T15:55:52.810Z"}
info: Server started at http://localhost:3000/api/v1/ {"timestamp":"2022-03-24T15:58:25.081Z"}
info: Connected to the database. {"timestamp":"2022-03-24T15:58:25.131Z"}
info: Server started at http://localhost:3000/api/v1/ {"timestamp":"2022-03-24T15:59:04.801Z"}
info: Connected to the database. {"timestamp":"2022-03-24T15:59:04.844Z"}
info: Server started at http://localhost:3000/api/v1/ {"timestamp":"2022-03-24T16:01:25.672Z"}
info: Connected to the database. {"timestamp":"2022-03-24T16:01:25.702Z"}
info: Server started at http://localhost:3000/api/v1/ {"timestamp":"2022-03-24T16:03:34.323Z"}
info: Connected to the database. {"timestamp":"2022-03-24T16:03:34.352Z"}
info: Server started at http://localhost:3000/api/v1/ {"timestamp":"2022-03-24T16:10:45.170Z"}
info: Connected to the database. {"timestamp":"2022-03-24T16:10:45.194Z"}
info: Server started at http://localhost:3000/api/v1/ {"timestamp":"2022-03-24T16:11:53.310Z"}
info: Connected to the database. {"timestamp":"2022-03-24T16:11:53.346Z"}
info: Server started at http://localhost:3000/api/v1/ {"timestamp":"2022-03-24T16:12:01.052Z"}
info: Connected to the database. {"timestamp":"2022-03-24T16:12:01.080Z"}
info: Server started at http://localhost:3000/api/v1/ {"timestamp":"2022-03-24T16:12:09.594Z"}
info: Connected to the database. {"timestamp":"2022-03-24T16:12:09.618Z"}
info: Server started at http://localhost:3000/api/v1/ {"timestamp":"2022-03-24T16:12:24.696Z"}
info: Connected to the database. {"timestamp":"2022-03-24T16:12:24.740Z"}
info: Server started at http://localhost:3000/api/v1/ {"timestamp":"2022-03-24T16:14:22.433Z"}
info: Connected to the database. {"timestamp":"2022-03-24T16:14:22.466Z"}
info: Server started at http://localhost:3000/api/v1/ {"timestamp":"2022-03-24T16:19:21.215Z"}
info: Connected to the database. {"timestamp":"2022-03-24T16:19:21.251Z"}
info: Server started at http://localhost:3000/api/v1/ {"timestamp":"2022-03-24T16:19:42.632Z"}
info: Connected to the database. {"timestamp":"2022-03-24T16:19:42.667Z"}
info: Server started at http://localhost:3000/api/v1/ {"timestamp":"2022-03-24T16:27:29.078Z"}
info: Connected to the database. {"timestamp":"2022-03-24T16:27:29.114Z"}
info: Server started at http://localhost:3000/api/v1/ {"timestamp":"2022-03-24T16:40:43.690Z"}
info: Connected to the database. {"timestamp":"2022-03-24T16:40:43.732Z"}
info: Server started at http://localhost:3000/api/v1/ {"timestamp":"2022-03-24T16:47:09.799Z"}
info: Connected to the database. {"timestamp":"2022-03-24T16:47:09.833Z"}
info: Server started at http://localhost:3000/api/v1/ {"timestamp":"2022-03-24T16:51:38.009Z"}
info: Connected to the database. {"timestamp":"2022-03-24T16:51:38.044Z"}
info: Server started at http://localhost:3000/api/v1/ {"timestamp":"2022-03-24T16:56:10.395Z"}
info: Connected to the database. {"timestamp":"2022-03-24T16:56:10.430Z"}
info: Server started at http://localhost:3000/api/v1/ {"timestamp":"2022-03-24T16:57:09.958Z"}
info: Connected to the database. {"timestamp":"2022-03-24T16:57:09.993Z"}
info: Server started at http://localhost:3000/api/v1/ {"timestamp":"2022-03-24T16:58:54.942Z"}
info: Connected to the database. {"timestamp":"2022-03-24T16:58:54.976Z"}
info: Server started at http://localhost:3000/api/v1/ {"timestamp":"2022-03-24T17:04:57.904Z"}
info: Connected to the database. {"timestamp":"2022-03-24T17:04:57.944Z"}
info: Server started at http://localhost:3000/api/v1/ {"timestamp":"2022-03-24T17:08:52.532Z"}
info: Connected to the database. {"timestamp":"2022-03-24T17:08:52.561Z"}
info: Server started at http://localhost:3000/api/v1/ {"timestamp":"2022-03-24T17:09:01.644Z"}
info: Connected to the database. {"timestamp":"2022-03-24T17:09:01.678Z"}
info: Server started at http://localhost:3000/api/v1/ {"timestamp":"2022-03-24T17:09:18.641Z"}
info: Connected to the database. {"timestamp":"2022-03-24T17:09:18.676Z"}
info: Server started at http://localhost:3000/api/v1/ {"timestamp":"2022-03-24T17:11:23.318Z"}
info: Connected to the database. {"timestamp":"2022-03-24T17:11:23.343Z"}
info: Server started at http://localhost:3000/api/v1/ {"timestamp":"2022-03-24T17:13:25.504Z"}
info: Connected to the database. {"timestamp":"2022-03-24T17:13:25.533Z"}
info: Server started at http://localhost:3000/api/v1/ {"timestamp":"2022-03-24T17:13:42.494Z"}
info: Connected to the database. {"timestamp":"2022-03-24T17:13:42.522Z"}
info: Server started at http://localhost:3000/api/v1/ {"timestamp":"2022-03-24T17:15:06.430Z"}
info: Connected to the database. {"timestamp":"2022-03-24T17:15:06.462Z"}
info: Server started at http://localhost:3000/api/v1/ {"timestamp":"2022-03-24T17:21:00.007Z"}
info: Connected to the database. {"timestamp":"2022-03-24T17:21:00.049Z"}
info: Server started at http://localhost:3000/api/v1/ {"timestamp":"2022-03-24T17:21:41.478Z"}
info: Connected to the database. {"timestamp":"2022-03-24T17:21:41.516Z"}
