info: Server started at http://localhost:3000/api/v1/ {"timestamp":"2022-03-20T23:49:44.040Z"}
info: Connected to the database. {"timestamp":"2022-03-20T23:49:44.085Z"}
info: Server started at http://localhost:3000/api/v1/ {"timestamp":"2022-03-21T00:01:18.630Z"}
info: Connected to the database. {"timestamp":"2022-03-21T00:01:18.681Z"}
info: Server started at http://localhost:3000/api/v1/ {"timestamp":"2022-03-21T00:01:54.772Z"}
info: Connected to the database. {"timestamp":"2022-03-21T00:01:54.813Z"}
info: Server started at http://localhost:3000/api/v1/ {"timestamp":"2022-03-21T00:03:46.836Z"}
info: Connected to the database. {"timestamp":"2022-03-21T00:03:46.870Z"}
info: Server started at http://localhost:3000/api/v1/ {"timestamp":"2022-03-21T00:04:04.780Z"}
info: Connected to the database. {"timestamp":"2022-03-21T00:04:04.819Z"}
info: Server started at http://localhost:3000/api/v1/ {"timestamp":"2022-03-21T00:04:36.116Z"}
info: Connected to the database. {"timestamp":"2022-03-21T00:04:36.146Z"}
info: Server started at http://localhost:3000/api/v1/ {"timestamp":"2022-03-21T00:05:07.903Z"}
info: Connected to the database. {"timestamp":"2022-03-21T00:05:07.936Z"}
info: Server started at http://localhost:3000/api/v1/ {"timestamp":"2022-03-21T00:06:46.703Z"}
info: Connected to the database. {"timestamp":"2022-03-21T00:06:46.750Z"}
info: Server started at http://localhost:3000/api/v1/ {"timestamp":"2022-03-21T00:07:40.134Z"}
info: Connected to the database. {"timestamp":"2022-03-21T00:07:40.184Z"}
info: Server started at http://localhost:3000/api/v1/ {"timestamp":"2022-03-21T00:08:02.626Z"}
info: Connected to the database. {"timestamp":"2022-03-21T00:08:02.660Z"}
info: Server started at http://localhost:3000/api/v1/ {"timestamp":"2022-03-21T00:08:42.110Z"}
info: Connected to the database. {"timestamp":"2022-03-21T00:08:42.151Z"}
info: Server started at http://localhost:3000/api/v1/ {"timestamp":"2022-03-21T00:08:54.355Z"}
info: Connected to the database. {"timestamp":"2022-03-21T00:08:54.403Z"}
info: Server started at http://localhost:3000/api/v1/ {"timestamp":"2022-03-21T00:15:40.598Z"}
info: Connected to the database. {"timestamp":"2022-03-21T00:15:40.638Z"}
info: Server started at http://localhost:3000/api/v1/ {"timestamp":"2022-03-21T00:15:52.845Z"}
info: Connected to the database. {"timestamp":"2022-03-21T00:15:52.887Z"}
info: Server started at http://localhost:3000/api/v1/ {"timestamp":"2022-03-21T00:16:19.470Z"}
info: Connected to the database. {"timestamp":"2022-03-21T00:16:19.502Z"}
info: Server started at http://localhost:3000/api/v1/ {"timestamp":"2022-03-21T00:17:28.699Z"}
info: Connected to the database. {"timestamp":"2022-03-21T00:17:28.744Z"}
info: Server started at http://localhost:3000/api/v1/ {"timestamp":"2022-03-21T00:17:55.019Z"}
info: Connected to the database. {"timestamp":"2022-03-21T00:17:55.062Z"}
info: Server started at http://localhost:3000/api/v1/ {"timestamp":"2022-03-21T00:18:08.505Z"}
info: Connected to the database. {"timestamp":"2022-03-21T00:18:08.554Z"}
info: Server started at http://localhost:3000/api/v1/ {"timestamp":"2022-03-21T00:18:51.437Z"}
info: Connected to the database. {"timestamp":"2022-03-21T00:18:51.473Z"}
info: Server started at http://localhost:3000/api/v1/ {"timestamp":"2022-03-21T00:19:10.133Z"}
info: Connected to the database. {"timestamp":"2022-03-21T00:19:10.163Z"}
info: Server started at http://localhost:3000/api/v1/ {"timestamp":"2022-03-21T00:19:25.977Z"}
info: Connected to the database. {"timestamp":"2022-03-21T00:19:26.018Z"}
info: Server started at http://localhost:3000/api/v1/ {"timestamp":"2022-03-21T00:19:32.475Z"}
info: Connected to the database. {"timestamp":"2022-03-21T00:19:32.516Z"}
info: Server started at http://localhost:3000/api/v1/ {"timestamp":"2022-03-21T00:20:15.567Z"}
info: Connected to the database. {"timestamp":"2022-03-21T00:20:15.621Z"}
info: Server started at http://localhost:3000/api/v1/ {"timestamp":"2022-03-21T00:20:32.495Z"}
info: Connected to the database. {"timestamp":"2022-03-21T00:20:32.537Z"}
info: Server started at http://localhost:3000/api/v1/ {"timestamp":"2022-03-21T00:20:39.681Z"}
info: Connected to the database. {"timestamp":"2022-03-21T00:20:39.723Z"}
info: Server started at http://localhost:3000/api/v1/ {"timestamp":"2022-03-21T00:20:47.580Z"}
info: Connected to the database. {"timestamp":"2022-03-21T00:20:47.625Z"}
info: Server started at http://localhost:3000/api/v1/ {"timestamp":"2022-03-21T00:21:04.101Z"}
info: Connected to the database. {"timestamp":"2022-03-21T00:21:04.164Z"}
info: Server started at http://localhost:3000/api/v1/ {"timestamp":"2022-03-21T00:21:37.258Z"}
info: Connected to the database. {"timestamp":"2022-03-21T00:21:37.293Z"}
info: Server started at http://localhost:3000/api/v1/ {"timestamp":"2022-03-21T00:23:34.483Z"}
info: Connected to the database. {"timestamp":"2022-03-21T00:23:34.526Z"}
info: Server started at http://localhost:3000/api/v1/ {"timestamp":"2022-03-21T00:24:24.150Z"}
info: Connected to the database. {"timestamp":"2022-03-21T00:24:24.186Z"}
info: Server started at http://localhost:3000/api/v1/ {"timestamp":"2022-03-21T00:27:09.297Z"}
info: Connected to the database. {"timestamp":"2022-03-21T00:27:09.326Z"}
info: Server started at http://localhost:3000/api/v1/ {"timestamp":"2022-03-21T00:28:32.821Z"}
info: Connected to the database. {"timestamp":"2022-03-21T00:28:32.866Z"}
info: Server started at http://localhost:3000/api/v1/ {"timestamp":"2022-03-21T00:28:45.401Z"}
info: Connected to the database. {"timestamp":"2022-03-21T00:28:45.435Z"}
info: Server started at http://localhost:3000/api/v1/ {"timestamp":"2022-03-21T00:32:17.632Z"}
info: Connected to the database. {"timestamp":"2022-03-21T00:32:17.675Z"}
info: Server started at http://localhost:3000/api/v1/ {"timestamp":"2022-03-21T00:34:47.326Z"}
info: Connected to the database. {"timestamp":"2022-03-21T00:34:47.367Z"}
info: Server started at http://localhost:3000/api/v1/ {"timestamp":"2022-03-21T00:34:59.154Z"}
info: Connected to the database. {"timestamp":"2022-03-21T00:34:59.189Z"}
info: Server started at http://localhost:3000/api/v1/ {"timestamp":"2022-03-21T00:35:25.502Z"}
info: Connected to the database. {"timestamp":"2022-03-21T00:35:25.537Z"}
info: Server started at http://localhost:3000/api/v1/ {"timestamp":"2022-03-21T00:49:47.472Z"}
info: Connected to the database. {"timestamp":"2022-03-21T00:49:47.513Z"}
info: Server started at http://localhost:3000/api/v1/ {"timestamp":"2022-03-21T00:50:21.448Z"}
info: Connected to the database. {"timestamp":"2022-03-21T00:50:21.495Z"}
info: Server started at http://localhost:3000/api/v1/ {"timestamp":"2022-03-21T00:50:37.972Z"}
info: Connected to the database. {"timestamp":"2022-03-21T00:50:38.023Z"}
info: Server started at http://localhost:3000/api/v1/ {"timestamp":"2022-03-21T00:50:46.550Z"}
info: Connected to the database. {"timestamp":"2022-03-21T00:50:46.597Z"}
info: Server started at http://localhost:3000/api/v1/ {"timestamp":"2022-03-21T00:50:58.943Z"}
info: Connected to the database. {"timestamp":"2022-03-21T00:50:58.977Z"}
info: Server started at http://localhost:3000/api/v1/ {"timestamp":"2022-03-21T00:51:11.115Z"}
info: Connected to the database. {"timestamp":"2022-03-21T00:51:11.152Z"}
info: Server started at http://localhost:3000/api/v1/ {"timestamp":"2022-03-21T00:51:27.699Z"}
info: Connected to the database. {"timestamp":"2022-03-21T00:51:27.735Z"}
info: Server started at http://localhost:3000/api/v1/ {"timestamp":"2022-03-21T00:51:46.546Z"}
info: Connected to the database. {"timestamp":"2022-03-21T00:51:46.595Z"}
info: Server started at http://localhost:3000/api/v1/ {"timestamp":"2022-03-21T00:52:00.424Z"}
info: Connected to the database. {"timestamp":"2022-03-21T00:52:00.464Z"}
info: Server started at http://localhost:3000/api/v1/ {"timestamp":"2022-03-21T00:52:11.037Z"}
info: Connected to the database. {"timestamp":"2022-03-21T00:52:11.077Z"}
info: Server started at http://localhost:3000/api/v1/ {"timestamp":"2022-03-21T00:52:18.451Z"}
info: Connected to the database. {"timestamp":"2022-03-21T00:52:18.483Z"}
info: Server started at http://localhost:3000/api/v1/ {"timestamp":"2022-03-21T00:53:29.894Z"}
info: Connected to the database. {"timestamp":"2022-03-21T00:53:29.931Z"}
info: Server started at http://localhost:3000/api/v1/ {"timestamp":"2022-03-21T00:53:54.167Z"}
info: Connected to the database. {"timestamp":"2022-03-21T00:53:54.221Z"}
info: Server started at http://localhost:3000/api/v1/ {"timestamp":"2022-03-21T00:54:02.564Z"}
info: Connected to the database. {"timestamp":"2022-03-21T00:54:02.616Z"}
info: Server started at http://localhost:3000/api/v1/ {"timestamp":"2022-03-21T00:54:29.057Z"}
info: Connected to the database. {"timestamp":"2022-03-21T00:54:29.098Z"}
info: Server started at http://localhost:3000/api/v1/ {"timestamp":"2022-03-21T00:56:41.163Z"}
info: Connected to the database. {"timestamp":"2022-03-21T00:56:41.206Z"}
info: Server started at http://localhost:3000/api/v1/ {"timestamp":"2022-03-21T00:57:07.403Z"}
info: Connected to the database. {"timestamp":"2022-03-21T00:57:07.447Z"}
info: Server started at http://localhost:3000/api/v1/ {"timestamp":"2022-03-21T00:57:23.718Z"}
info: Connected to the database. {"timestamp":"2022-03-21T00:57:23.747Z"}
info: Server started at http://localhost:3000/api/v1/ {"timestamp":"2022-03-21T00:59:23.347Z"}
info: Connected to the database. {"timestamp":"2022-03-21T00:59:23.407Z"}
info: Connected to the database. {"timestamp":"2022-03-21T01:02:32.224Z"}
error: 
    status - 500 
    message - ValidationError: "lastName" length must be at least 4 characters long 
    url - /api/v1/users/registration 
    method - POST 
    IP - ::1
   {"timestamp":"2022-03-21T01:04:26.050Z"}
info: Server started at http://localhost:3000/api/v1/ {"timestamp":"2022-03-21T01:07:07.120Z"}
info: Connected to the database. {"timestamp":"2022-03-21T01:07:07.150Z"}
info: Server started at http://localhost:3000/api/v1/ {"timestamp":"2022-03-21T01:08:46.827Z"}
info: Connected to the database. {"timestamp":"2022-03-21T01:08:46.858Z"}
info: Server started at http://localhost:3000/api/v1/ {"timestamp":"2022-03-21T01:09:31.929Z"}
info: Connected to the database. {"timestamp":"2022-03-21T01:09:31.961Z"}
info: Server started at http://localhost:3000/api/v1/ {"timestamp":"2022-03-21T01:10:34.101Z"}
info: Connected to the database. {"timestamp":"2022-03-21T01:10:34.131Z"}
info: Server started at http://localhost:3000/api/v1/ {"timestamp":"2022-03-21T01:13:22.701Z"}
info: Connected to the database. {"timestamp":"2022-03-21T01:13:22.728Z"}
info: Server started at http://localhost:3000/api/v1/ {"timestamp":"2022-03-21T01:13:35.109Z"}
info: Connected to the database. {"timestamp":"2022-03-21T01:13:35.150Z"}
info: Server started at http://localhost:3000/api/v1/ {"timestamp":"2022-03-21T01:13:50.389Z"}
info: Connected to the database. {"timestamp":"2022-03-21T01:13:50.431Z"}
info: Server started at http://localhost:3000/api/v1/ {"timestamp":"2022-03-21T01:14:23.249Z"}
info: Connected to the database. {"timestamp":"2022-03-21T01:14:23.273Z"}
info: Server started at http://localhost:3000/api/v1/ {"timestamp":"2022-03-21T01:16:54.315Z"}
info: Connected to the database. {"timestamp":"2022-03-21T01:16:54.345Z"}
info: Server started at http://localhost:3000/api/v1/ {"timestamp":"2022-03-21T01:19:23.807Z"}
info: Connected to the database. {"timestamp":"2022-03-21T01:19:23.847Z"}
info: Server started at http://localhost:3000/api/v1/ {"timestamp":"2022-03-21T01:19:31.181Z"}
info: Connected to the database. {"timestamp":"2022-03-21T01:19:31.211Z"}
info: Server started at http://localhost:3000/api/v1/ {"timestamp":"2022-03-21T01:22:11.817Z"}
info: Connected to the database. {"timestamp":"2022-03-21T01:22:11.857Z"}
info: Server started at http://localhost:3000/api/v1/ {"timestamp":"2022-03-21T01:22:34.373Z"}
info: Connected to the database. {"timestamp":"2022-03-21T01:22:34.405Z"}
info: Server started at http://localhost:3000/api/v1/ {"timestamp":"2022-03-21T01:22:53.221Z"}
info: Connected to the database. {"timestamp":"2022-03-21T01:22:53.260Z"}
info: Server started at http://localhost:3000/api/v1/ {"timestamp":"2022-03-21T01:25:20.161Z"}
info: Connected to the database. {"timestamp":"2022-03-21T01:25:20.193Z"}
info: Server started at http://localhost:3000/api/v1/ {"timestamp":"2022-03-21T01:25:35.019Z"}
info: Connected to the database. {"timestamp":"2022-03-21T01:25:35.054Z"}
info: Server started at http://localhost:3000/api/v1/ {"timestamp":"2022-03-21T01:26:14.818Z"}
info: Connected to the database. {"timestamp":"2022-03-21T01:26:14.854Z"}
info: Server started at http://localhost:3000/api/v1/ {"timestamp":"2022-03-21T01:26:50.572Z"}
info: Connected to the database. {"timestamp":"2022-03-21T01:26:50.603Z"}
info: Server started at http://localhost:3000/api/v1/ {"timestamp":"2022-03-21T01:26:57.846Z"}
info: Connected to the database. {"timestamp":"2022-03-21T01:26:57.879Z"}
info: Server started at http://localhost:3000/api/v1/ {"timestamp":"2022-03-21T01:28:02.621Z"}
info: Connected to the database. {"timestamp":"2022-03-21T01:28:02.661Z"}
info: Server started at http://localhost:3000/api/v1/ {"timestamp":"2022-03-21T01:35:51.332Z"}
info: Connected to the database. {"timestamp":"2022-03-21T01:35:51.366Z"}
info: Server started at http://localhost:3000/api/v1/ {"timestamp":"2022-03-21T01:36:25.881Z"}
info: Connected to the database. {"timestamp":"2022-03-21T01:36:25.916Z"}
info: Server started at http://localhost:3000/api/v1/ {"timestamp":"2022-03-21T01:51:05.004Z"}
info: Connected to the database. {"timestamp":"2022-03-21T01:51:05.031Z"}
info: Server started at http://localhost:3000/api/v1/ {"timestamp":"2022-03-21T01:51:10.834Z"}
info: Connected to the database. {"timestamp":"2022-03-21T01:51:10.861Z"}
info: Server started at http://localhost:3000/api/v1/ {"timestamp":"2022-03-21T01:51:17.569Z"}
info: Connected to the database. {"timestamp":"2022-03-21T01:51:17.594Z"}
info: Server started at http://localhost:3000/api/v1/ {"timestamp":"2022-03-21T01:51:36.082Z"}
info: Connected to the database. {"timestamp":"2022-03-21T01:51:36.114Z"}
info: Server started at http://localhost:3000/api/v1/ {"timestamp":"2022-03-21T01:51:46.257Z"}
info: Connected to the database. {"timestamp":"2022-03-21T01:51:46.280Z"}
info: Server started at http://localhost:3000/api/v1/ {"timestamp":"2022-03-21T01:52:19.600Z"}
info: Connected to the database. {"timestamp":"2022-03-21T01:52:19.630Z"}
info: Server started at http://localhost:3000/api/v1/ {"timestamp":"2022-03-21T01:57:32.237Z"}
info: Connected to the database. {"timestamp":"2022-03-21T01:57:32.261Z"}
info: Server started at http://localhost:3000/api/v1/ {"timestamp":"2022-03-21T02:13:50.769Z"}
info: Connected to the database. {"timestamp":"2022-03-21T02:13:50.801Z"}
info: Server started at http://localhost:3000/api/v1/ {"timestamp":"2022-03-21T02:14:01.749Z"}
info: Connected to the database. {"timestamp":"2022-03-21T02:14:01.783Z"}
info: Server started at http://localhost:3000/api/v1/ {"timestamp":"2022-03-21T02:14:10.853Z"}
info: Connected to the database. {"timestamp":"2022-03-21T02:14:10.878Z"}
info: Server started at http://localhost:3000/api/v1/ {"timestamp":"2022-03-21T02:14:42.325Z"}
info: Connected to the database. {"timestamp":"2022-03-21T02:14:42.350Z"}
info: Server started at http://localhost:3000/api/v1/ {"timestamp":"2022-03-21T02:15:13.504Z"}
info: Connected to the database. {"timestamp":"2022-03-21T02:15:13.528Z"}
info: Server started at http://localhost:3000/api/v1/ {"timestamp":"2022-03-21T02:15:59.911Z"}
info: Connected to the database. {"timestamp":"2022-03-21T02:15:59.937Z"}
info: Server started at http://localhost:3000/api/v1/ {"timestamp":"2022-03-21T02:16:07.866Z"}
info: Connected to the database. {"timestamp":"2022-03-21T02:16:07.902Z"}
info: Server started at http://localhost:3000/api/v1/ {"timestamp":"2022-03-21T02:16:19.081Z"}
info: Connected to the database. {"timestamp":"2022-03-21T02:16:19.106Z"}
info: Server started at http://localhost:3000/api/v1/ {"timestamp":"2022-03-21T02:16:49.198Z"}
info: Connected to the database. {"timestamp":"2022-03-21T02:16:49.230Z"}
info: Server started at http://localhost:3000/api/v1/ {"timestamp":"2022-03-21T02:17:37.111Z"}
info: Connected to the database. {"timestamp":"2022-03-21T02:17:37.146Z"}
info: Server started at http://localhost:3000/api/v1/ {"timestamp":"2022-03-21T02:17:54.060Z"}
info: Connected to the database. {"timestamp":"2022-03-21T02:17:54.087Z"}
info: Server started at http://localhost:3000/api/v1/ {"timestamp":"2022-03-21T02:21:02.477Z"}
info: Connected to the database. {"timestamp":"2022-03-21T02:21:02.502Z"}
info: Server started at http://localhost:3000/api/v1/ {"timestamp":"2022-03-21T02:21:20.010Z"}
info: Connected to the database. {"timestamp":"2022-03-21T02:21:20.042Z"}
info: Server started at http://localhost:3000/api/v1/ {"timestamp":"2022-03-21T02:21:26.668Z"}
info: Connected to the database. {"timestamp":"2022-03-21T02:21:26.693Z"}
info: Server started at http://localhost:3000/api/v1/ {"timestamp":"2022-03-21T02:22:01.935Z"}
info: Connected to the database. {"timestamp":"2022-03-21T02:22:01.965Z"}
info: Server started at http://localhost:3000/api/v1/ {"timestamp":"2022-03-21T02:22:16.325Z"}
info: Connected to the database. {"timestamp":"2022-03-21T02:22:16.351Z"}
info: Server started at http://localhost:3000/api/v1/ {"timestamp":"2022-03-21T02:22:47.662Z"}
info: Connected to the database. {"timestamp":"2022-03-21T02:22:47.690Z"}
info: Server started at http://localhost:3000/api/v1/ {"timestamp":"2022-03-21T02:24:08.119Z"}
info: Connected to the database. {"timestamp":"2022-03-21T02:24:08.148Z"}
info: Server started at http://localhost:3000/api/v1/ {"timestamp":"2022-03-21T02:24:48.125Z"}
info: Connected to the database. {"timestamp":"2022-03-21T02:24:48.155Z"}
info: Server started at http://localhost:3000/api/v1/ {"timestamp":"2022-03-21T02:25:23.939Z"}
info: Connected to the database. {"timestamp":"2022-03-21T02:25:23.963Z"}
info: Server started at http://localhost:3000/api/v1/ {"timestamp":"2022-03-21T02:27:39.432Z"}
info: Connected to the database. {"timestamp":"2022-03-21T02:27:39.455Z"}
info: Server started at http://localhost:3000/api/v1/ {"timestamp":"2022-03-21T02:52:25.924Z"}
info: Connected to the database. {"timestamp":"2022-03-21T02:52:25.957Z"}
info: Server started at http://localhost:3000/api/v1/ {"timestamp":"2022-03-21T02:52:42.612Z"}
info: Connected to the database. {"timestamp":"2022-03-21T02:52:42.641Z"}
info: Server started at http://localhost:3000/api/v1/ {"timestamp":"2022-03-21T02:53:37.619Z"}
info: Connected to the database. {"timestamp":"2022-03-21T02:53:37.660Z"}
info: Server started at http://localhost:3000/api/v1/ {"timestamp":"2022-03-21T02:54:16.165Z"}
info: Connected to the database. {"timestamp":"2022-03-21T02:54:16.201Z"}
info: Server started at http://localhost:3000/api/v1/ {"timestamp":"2022-03-21T02:54:29.140Z"}
info: Connected to the database. {"timestamp":"2022-03-21T02:54:29.166Z"}
info: Server started at http://localhost:3000/api/v1/ {"timestamp":"2022-03-21T02:57:07.799Z"}
info: Connected to the database. {"timestamp":"2022-03-21T02:57:07.828Z"}
info: Server started at http://localhost:3000/api/v1/ {"timestamp":"2022-03-21T02:57:29.651Z"}
info: Connected to the database. {"timestamp":"2022-03-21T02:57:29.700Z"}
info: Server started at http://localhost:3000/api/v1/ {"timestamp":"2022-03-21T02:58:55.374Z"}
info: Connected to the database. {"timestamp":"2022-03-21T02:58:55.401Z"}
info: Server started at http://localhost:3000/api/v1/ {"timestamp":"2022-03-21T03:02:39.586Z"}
info: Connected to the database. {"timestamp":"2022-03-21T03:02:39.620Z"}
info: Server started at http://localhost:3000/api/v1/ {"timestamp":"2022-03-21T03:07:21.043Z"}
info: Connected to the database. {"timestamp":"2022-03-21T03:07:21.073Z"}
info: Server started at http://localhost:3000/api/v1/ {"timestamp":"2022-03-21T03:07:35.705Z"}
info: Connected to the database. {"timestamp":"2022-03-21T03:07:35.740Z"}
info: Server started at http://localhost:3000/api/v1/ {"timestamp":"2022-03-21T03:07:51.885Z"}
info: Connected to the database. {"timestamp":"2022-03-21T03:07:51.911Z"}
info: Server started at http://localhost:3000/api/v1/ {"timestamp":"2022-03-21T03:10:56.233Z"}
info: Connected to the database. {"timestamp":"2022-03-21T03:10:56.259Z"}
info: Server started at http://localhost:3000/api/v1/ {"timestamp":"2022-03-21T03:11:52.100Z"}
info: Connected to the database. {"timestamp":"2022-03-21T03:11:52.135Z"}
info: Server started at http://localhost:3000/api/v1/ {"timestamp":"2022-03-21T03:12:03.849Z"}
info: Connected to the database. {"timestamp":"2022-03-21T03:12:03.885Z"}
info: Server started at http://localhost:3000/api/v1/ {"timestamp":"2022-03-21T03:12:17.885Z"}
info: Connected to the database. {"timestamp":"2022-03-21T03:12:17.934Z"}
info: Server started at http://localhost:3000/api/v1/ {"timestamp":"2022-03-21T03:12:30.213Z"}
info: Connected to the database. {"timestamp":"2022-03-21T03:12:30.243Z"}
info: Server started at http://localhost:3000/api/v1/ {"timestamp":"2022-03-21T03:13:47.195Z"}
info: Connected to the database. {"timestamp":"2022-03-21T03:13:47.224Z"}
info: Server started at http://localhost:3000/api/v1/ {"timestamp":"2022-03-21T03:14:45.899Z"}
info: Connected to the database. {"timestamp":"2022-03-21T03:14:45.933Z"}
info: Server started at http://localhost:3000/api/v1/ {"timestamp":"2022-03-21T03:17:07.483Z"}
info: Connected to the database. {"timestamp":"2022-03-21T03:17:07.532Z"}
info: Connected to the database. {"timestamp":"2022-03-21T03:17:09.432Z"}
info: Server started at http://localhost:3000/api/v1/ {"timestamp":"2022-03-21T03:23:03.146Z"}
info: Connected to the database. {"timestamp":"2022-03-21T03:23:03.229Z"}
info: Server started at http://localhost:3000/api/v1/ {"timestamp":"2022-03-21T03:24:46.974Z"}
info: Connected to the database. {"timestamp":"2022-03-21T03:24:47.028Z"}
info: Connected to the database. {"timestamp":"2022-03-21T03:24:55.048Z"}
info: Connected to the database. {"timestamp":"2022-03-21T03:26:02.917Z"}
info: Server started at http://localhost:3000/api/v1/ {"timestamp":"2022-03-21T03:26:35.073Z"}
info: Connected to the database. {"timestamp":"2022-03-21T03:26:35.103Z"}
info: Server started at http://localhost:3000/api/v1/ {"timestamp":"2022-03-21T03:28:03.262Z"}
info: Connected to the database. {"timestamp":"2022-03-21T03:28:03.294Z"}
info: Server started at http://localhost:3000/api/v1/ {"timestamp":"2022-03-21T03:28:22.262Z"}
info: Connected to the database. {"timestamp":"2022-03-21T03:28:22.298Z"}
info: Server started at http://localhost:3000/api/v1/ {"timestamp":"2022-03-21T03:38:32.676Z"}
info: Connected to the database. {"timestamp":"2022-03-21T03:38:32.703Z"}
info: Server started at http://localhost:3000/api/v1/ {"timestamp":"2022-03-21T03:41:38.899Z"}
info: Connected to the database. {"timestamp":"2022-03-21T03:41:38.928Z"}
info: Server started at http://localhost:3000/api/v1/ {"timestamp":"2022-03-21T03:41:48.495Z"}
info: Connected to the database. {"timestamp":"2022-03-21T03:41:48.528Z"}
info: Server started at http://localhost:3000/api/v1/ {"timestamp":"2022-03-21T03:46:37.561Z"}
info: Connected to the database. {"timestamp":"2022-03-21T03:46:37.589Z"}
info: Server started at http://localhost:3000/api/v1/ {"timestamp":"2022-03-21T03:50:21.413Z"}
info: Connected to the database. {"timestamp":"2022-03-21T03:50:21.456Z"}
info: Server started at http://localhost:3000/api/v1/ {"timestamp":"2022-03-21T03:50:46.459Z"}
info: Connected to the database. {"timestamp":"2022-03-21T03:50:46.508Z"}
info: Server started at http://localhost:3000/api/v1/ {"timestamp":"2022-03-21T03:51:18.882Z"}
info: Connected to the database. {"timestamp":"2022-03-21T03:51:18.920Z"}
info: Server started at http://localhost:3000/api/v1/ {"timestamp":"2022-03-21T03:52:23.820Z"}
info: Connected to the database. {"timestamp":"2022-03-21T03:52:23.860Z"}
info: Server started at http://localhost:3000/api/v1/ {"timestamp":"2022-03-21T03:52:49.591Z"}
info: Connected to the database. {"timestamp":"2022-03-21T03:52:49.630Z"}
info: Server started at http://localhost:3000/api/v1/ {"timestamp":"2022-03-21T03:53:16.095Z"}
info: Connected to the database. {"timestamp":"2022-03-21T03:53:16.123Z"}
info: Server started at http://localhost:3000/api/v1/ {"timestamp":"2022-03-21T03:56:15.525Z"}
info: Connected to the database. {"timestamp":"2022-03-21T03:56:15.553Z"}
info: Server started at http://localhost:3000/api/v1/ {"timestamp":"2022-03-21T03:57:22.970Z"}
info: Connected to the database. {"timestamp":"2022-03-21T03:57:23.037Z"}
info: Server started at http://localhost:3000/api/v1/ {"timestamp":"2022-03-21T04:00:45.605Z"}
info: Connected to the database. {"timestamp":"2022-03-21T04:00:45.635Z"}
info: Server started at http://localhost:3000/api/v1/ {"timestamp":"2022-03-21T04:04:28.718Z"}
info: Connected to the database. {"timestamp":"2022-03-21T04:04:28.754Z"}
info: Server started at http://localhost:3000/api/v1/ {"timestamp":"2022-03-21T04:05:14.094Z"}
info: Connected to the database. {"timestamp":"2022-03-21T04:05:14.125Z"}
info: Server started at http://localhost:3000/api/v1/ {"timestamp":"2022-03-21T04:07:05.541Z"}
info: Connected to the database. {"timestamp":"2022-03-21T04:07:05.568Z"}
info: Server started at http://localhost:3000/api/v1/ {"timestamp":"2022-03-21T04:07:22.858Z"}
info: Connected to the database. {"timestamp":"2022-03-21T04:07:22.890Z"}
info: Server started at http://localhost:3000/api/v1/ {"timestamp":"2022-03-21T04:08:03.535Z"}
info: Connected to the database. {"timestamp":"2022-03-21T04:08:03.578Z"}
info: Server started at http://localhost:3000/api/v1/ {"timestamp":"2022-03-21T04:08:10.659Z"}
info: Connected to the database. {"timestamp":"2022-03-21T04:08:10.683Z"}
info: Server started at http://localhost:3000/api/v1/ {"timestamp":"2022-03-21T08:33:45.099Z"}
info: Connected to the database. {"timestamp":"2022-03-21T08:33:45.154Z"}
info: Server started at http://localhost:3000/api/v1/ {"timestamp":"2022-03-21T08:59:13.241Z"}
info: Connected to the database. {"timestamp":"2022-03-21T08:59:13.273Z"}
info: Server started at http://localhost:3000/api/v1/ {"timestamp":"2022-03-21T09:00:56.686Z"}
info: Connected to the database. {"timestamp":"2022-03-21T09:00:56.714Z"}
info: Server started at http://localhost:3000/api/v1/ {"timestamp":"2022-03-21T09:02:22.188Z"}
info: Connected to the database. {"timestamp":"2022-03-21T09:02:22.230Z"}
info: Server started at http://localhost:3000/api/v1/ {"timestamp":"2022-03-21T09:04:14.535Z"}
info: Connected to the database. {"timestamp":"2022-03-21T09:04:14.561Z"}
info: Server started at http://localhost:3000/api/v1/ {"timestamp":"2022-03-21T09:04:23.434Z"}
info: Connected to the database. {"timestamp":"2022-03-21T09:04:23.466Z"}
info: Server started at http://localhost:3000/api/v1/ {"timestamp":"2022-03-21T09:06:53.240Z"}
info: Connected to the database. {"timestamp":"2022-03-21T09:06:53.269Z"}
info: Server started at http://localhost:3000/api/v1/ {"timestamp":"2022-03-21T09:07:28.483Z"}
info: Connected to the database. {"timestamp":"2022-03-21T09:07:28.513Z"}
info: Server started at http://localhost:3000/api/v1/ {"timestamp":"2022-03-21T09:07:38.514Z"}
info: Connected to the database. {"timestamp":"2022-03-21T09:07:38.543Z"}
info: Server started at http://localhost:3000/api/v1/ {"timestamp":"2022-03-21T09:08:05.344Z"}
info: Connected to the database. {"timestamp":"2022-03-21T09:08:05.374Z"}
info: Server started at http://localhost:3000/api/v1/ {"timestamp":"2022-03-21T09:08:58.536Z"}
info: Connected to the database. {"timestamp":"2022-03-21T09:08:58.568Z"}
info: Server started at http://localhost:3000/api/v1/ {"timestamp":"2022-03-21T09:09:52.410Z"}
info: Connected to the database. {"timestamp":"2022-03-21T09:09:52.463Z"}
info: Connected to the database. {"timestamp":"2022-03-21T09:10:08.312Z"}
info: Connected to the database. {"timestamp":"2022-03-21T09:10:35.636Z"}
info: Connected to the database. {"timestamp":"2022-03-21T09:11:48.676Z"}
info: Connected to the database. {"timestamp":"2022-03-21T09:12:01.727Z"}
info: Server started at http://localhost:3000/api/v1/ {"timestamp":"2022-03-21T09:12:30.530Z"}
info: Connected to the database. {"timestamp":"2022-03-21T09:12:30.556Z"}
info: Server started at http://localhost:3000/api/v1/ {"timestamp":"2022-03-21T09:16:13.993Z"}
info: Connected to the database. {"timestamp":"2022-03-21T09:16:14.018Z"}
info: Server started at http://localhost:3000/api/v1/ {"timestamp":"2022-03-21T09:16:30.269Z"}
info: Connected to the database. {"timestamp":"2022-03-21T09:16:30.294Z"}
info: Server started at http://localhost:3000/api/v1/ {"timestamp":"2022-03-21T09:16:45.121Z"}
info: Connected to the database. {"timestamp":"2022-03-21T09:16:45.145Z"}
info: Server started at http://localhost:3000/api/v1/ {"timestamp":"2022-03-21T09:17:50.563Z"}
info: Connected to the database. {"timestamp":"2022-03-21T09:17:50.590Z"}
info: Server started at http://localhost:3000/api/v1/ {"timestamp":"2022-03-21T09:18:01.912Z"}
info: Connected to the database. {"timestamp":"2022-03-21T09:18:01.938Z"}
info: Server started at http://localhost:3000/api/v1/ {"timestamp":"2022-03-21T09:21:32.475Z"}
info: Connected to the database. {"timestamp":"2022-03-21T09:21:32.508Z"}
info: Server started at http://localhost:3000/api/v1/ {"timestamp":"2022-03-21T09:21:49.848Z"}
info: Connected to the database. {"timestamp":"2022-03-21T09:21:49.873Z"}
info: Server started at http://localhost:3000/api/v1/ {"timestamp":"2022-03-21T09:22:25.114Z"}
info: Connected to the database. {"timestamp":"2022-03-21T09:22:25.149Z"}
info: Server started at http://localhost:3000/api/v1/ {"timestamp":"2022-03-21T09:22:30.787Z"}
info: Connected to the database. {"timestamp":"2022-03-21T09:22:30.813Z"}
info: Server started at http://localhost:3000/api/v1/ {"timestamp":"2022-03-21T09:23:18.307Z"}
info: Connected to the database. {"timestamp":"2022-03-21T09:23:18.337Z"}
info: Server started at http://localhost:3000/api/v1/ {"timestamp":"2022-03-21T09:23:48.305Z"}
info: Connected to the database. {"timestamp":"2022-03-21T09:23:48.344Z"}
info: Server started at http://localhost:3000/api/v1/ {"timestamp":"2022-03-21T09:24:27.729Z"}
info: Connected to the database. {"timestamp":"2022-03-21T09:24:27.753Z"}
info: Server started at http://localhost:3000/api/v1/ {"timestamp":"2022-03-21T09:24:47.844Z"}
info: Connected to the database. {"timestamp":"2022-03-21T09:24:47.869Z"}
info: Server started at http://localhost:3000/api/v1/ {"timestamp":"2022-03-21T09:25:00.248Z"}
info: Connected to the database. {"timestamp":"2022-03-21T09:25:00.276Z"}
info: Server started at http://localhost:3000/api/v1/ {"timestamp":"2022-03-21T09:25:10.698Z"}
info: Connected to the database. {"timestamp":"2022-03-21T09:25:10.727Z"}
info: Server started at http://localhost:3000/api/v1/ {"timestamp":"2022-03-21T09:28:22.478Z"}
info: Connected to the database. {"timestamp":"2022-03-21T09:28:22.502Z"}
info: Server started at http://localhost:3000/api/v1/ {"timestamp":"2022-03-21T09:33:54.967Z"}
info: Connected to the database. {"timestamp":"2022-03-21T09:33:54.998Z"}
info: Server started at http://localhost:3000/api/v1/ {"timestamp":"2022-03-21T09:34:01.414Z"}
info: Connected to the database. {"timestamp":"2022-03-21T09:34:01.446Z"}
info: Server started at http://localhost:3000/api/v1/ {"timestamp":"2022-03-21T09:35:03.376Z"}
info: Connected to the database. {"timestamp":"2022-03-21T09:35:03.410Z"}
info: Server started at http://localhost:3000/api/v1/ {"timestamp":"2022-03-21T09:35:16.642Z"}
info: Connected to the database. {"timestamp":"2022-03-21T09:35:16.679Z"}
info: Server started at http://localhost:3000/api/v1/ {"timestamp":"2022-03-21T09:35:57.223Z"}
info: Connected to the database. {"timestamp":"2022-03-21T09:35:57.254Z"}
info: Server started at http://localhost:3000/api/v1/ {"timestamp":"2022-03-21T09:37:39.935Z"}
info: Connected to the database. {"timestamp":"2022-03-21T09:37:39.963Z"}
info: Server started at http://localhost:3000/api/v1/ {"timestamp":"2022-03-21T09:37:50.027Z"}
info: Connected to the database. {"timestamp":"2022-03-21T09:37:50.056Z"}
info: Server started at http://localhost:3000/api/v1/ {"timestamp":"2022-03-21T09:54:39.420Z"}
info: Connected to the database. {"timestamp":"2022-03-21T09:54:39.445Z"}
info: Server started at http://localhost:3000/api/v1/ {"timestamp":"2022-03-21T10:01:15.974Z"}
info: Connected to the database. {"timestamp":"2022-03-21T10:01:15.998Z"}
info: Server started at http://localhost:3000/api/v1/ {"timestamp":"2022-03-21T10:03:16.150Z"}
info: Connected to the database. {"timestamp":"2022-03-21T10:03:16.177Z"}
info: Server started at http://localhost:3000/api/v1/ {"timestamp":"2022-03-21T10:11:18.013Z"}
info: Connected to the database. {"timestamp":"2022-03-21T10:11:18.037Z"}
info: Server started at http://localhost:3000/api/v1/ {"timestamp":"2022-03-21T10:12:25.934Z"}
info: Connected to the database. {"timestamp":"2022-03-21T10:12:25.968Z"}
info: Server started at http://localhost:3000/api/v1/ {"timestamp":"2022-03-21T10:12:33.888Z"}
info: Connected to the database. {"timestamp":"2022-03-21T10:12:33.916Z"}
info: Server started at http://localhost:3000/api/v1/ {"timestamp":"2022-03-21T10:13:48.436Z"}
info: Connected to the database. {"timestamp":"2022-03-21T10:13:48.471Z"}
info: Server started at http://localhost:3000/api/v1/ {"timestamp":"2022-03-21T10:17:07.489Z"}
info: Connected to the database. {"timestamp":"2022-03-21T10:17:07.518Z"}
info: Server started at http://localhost:3000/api/v1/ {"timestamp":"2022-03-21T10:21:17.084Z"}
info: Connected to the database. {"timestamp":"2022-03-21T10:21:17.112Z"}
info: Server started at http://localhost:3000/api/v1/ {"timestamp":"2022-03-21T10:21:27.611Z"}
info: Connected to the database. {"timestamp":"2022-03-21T10:21:27.642Z"}
info: Server started at http://localhost:3000/api/v1/ {"timestamp":"2022-03-21T10:22:06.166Z"}
info: Connected to the database. {"timestamp":"2022-03-21T10:22:06.206Z"}
info: Server started at http://localhost:3000/api/v1/ {"timestamp":"2022-03-21T10:23:00.181Z"}
info: Connected to the database. {"timestamp":"2022-03-21T10:23:00.206Z"}
info: Server started at http://localhost:3000/api/v1/ {"timestamp":"2022-03-21T10:23:27.510Z"}
info: Connected to the database. {"timestamp":"2022-03-21T10:23:27.539Z"}
info: Server started at http://localhost:3000/api/v1/ {"timestamp":"2022-03-21T10:24:03.863Z"}
info: Connected to the database. {"timestamp":"2022-03-21T10:24:03.915Z"}
info: Server started at http://localhost:3000/api/v1/ {"timestamp":"2022-03-21T10:24:18.170Z"}
info: Connected to the database. {"timestamp":"2022-03-21T10:24:18.201Z"}
info: Server started at http://localhost:3000/api/v1/ {"timestamp":"2022-03-21T10:25:40.506Z"}
info: Connected to the database. {"timestamp":"2022-03-21T10:25:40.532Z"}
info: Server started at http://localhost:3000/api/v1/ {"timestamp":"2022-03-21T10:26:47.377Z"}
info: Connected to the database. {"timestamp":"2022-03-21T10:26:47.403Z"}
info: Server started at http://localhost:3000/api/v1/ {"timestamp":"2022-03-21T10:27:20.505Z"}
info: Connected to the database. {"timestamp":"2022-03-21T10:27:20.536Z"}
info: Server started at http://localhost:3000/api/v1/ {"timestamp":"2022-03-21T10:28:22.525Z"}
info: Connected to the database. {"timestamp":"2022-03-21T10:28:22.555Z"}
info: Server started at http://localhost:3000/api/v1/ {"timestamp":"2022-03-21T10:28:55.114Z"}
info: Connected to the database. {"timestamp":"2022-03-21T10:28:55.148Z"}
info: Server started at http://localhost:3000/api/v1/ {"timestamp":"2022-03-21T10:29:05.625Z"}
info: Connected to the database. {"timestamp":"2022-03-21T10:29:05.654Z"}
info: Server started at http://localhost:3000/api/v1/ {"timestamp":"2022-03-21T10:34:28.333Z"}
info: Connected to the database. {"timestamp":"2022-03-21T10:34:28.366Z"}
info: Server started at http://localhost:3000/api/v1/ {"timestamp":"2022-03-21T10:34:40.227Z"}
info: Connected to the database. {"timestamp":"2022-03-21T10:34:40.256Z"}
info: Server started at http://localhost:3000/api/v1/ {"timestamp":"2022-03-21T10:35:42.222Z"}
info: Connected to the database. {"timestamp":"2022-03-21T10:35:42.250Z"}
info: Server started at http://localhost:3000/api/v1/ {"timestamp":"2022-03-21T10:37:23.544Z"}
info: Connected to the database. {"timestamp":"2022-03-21T10:37:23.578Z"}
info: Server started at http://localhost:3000/api/v1/ {"timestamp":"2022-03-21T10:37:44.975Z"}
info: Connected to the database. {"timestamp":"2022-03-21T10:37:45.007Z"}
info: Server started at http://localhost:3000/api/v1/ {"timestamp":"2022-03-21T10:38:29.709Z"}
info: Connected to the database. {"timestamp":"2022-03-21T10:38:29.750Z"}
info: Server started at http://localhost:3000/api/v1/ {"timestamp":"2022-03-21T10:38:37.801Z"}
info: Connected to the database. {"timestamp":"2022-03-21T10:38:37.824Z"}
info: Server started at http://localhost:3000/api/v1/ {"timestamp":"2022-03-21T11:04:11.900Z"}
info: Connected to the database. {"timestamp":"2022-03-21T11:04:11.925Z"}
info: Server started at http://localhost:3000/api/v1/ {"timestamp":"2022-03-21T11:07:43.192Z"}
info: Connected to the database. {"timestamp":"2022-03-21T11:07:43.223Z"}
info: Server started at http://localhost:3000/api/v1/ {"timestamp":"2022-03-21T11:19:10.769Z"}
info: Connected to the database. {"timestamp":"2022-03-21T11:19:10.816Z"}
info: Server started at http://localhost:3000/api/v1/ {"timestamp":"2022-03-21T11:19:17.907Z"}
info: Connected to the database. {"timestamp":"2022-03-21T11:19:17.938Z"}
info: Server started at http://localhost:3000/api/v1/ {"timestamp":"2022-03-21T11:20:41.505Z"}
info: Connected to the database. {"timestamp":"2022-03-21T11:20:41.547Z"}
info: Server started at http://localhost:3000/api/v1/ {"timestamp":"2022-03-21T11:21:02.031Z"}
info: Connected to the database. {"timestamp":"2022-03-21T11:21:02.084Z"}
info: Server started at http://localhost:3000/api/v1/ {"timestamp":"2022-03-21T11:22:04.880Z"}
info: Connected to the database. {"timestamp":"2022-03-21T11:22:04.913Z"}
info: Server started at http://localhost:3000/api/v1/ {"timestamp":"2022-03-21T11:23:31.693Z"}
info: Connected to the database. {"timestamp":"2022-03-21T11:23:31.747Z"}
info: Connected to the database. {"timestamp":"2022-03-21T11:23:37.540Z"}
info: Server started at http://localhost:3000/api/v1/ {"timestamp":"2022-03-21T11:24:05.914Z"}
info: Connected to the database. {"timestamp":"2022-03-21T11:24:05.949Z"}
info: Server started at http://localhost:3000/api/v1/ {"timestamp":"2022-03-21T11:30:17.738Z"}
info: Connected to the database. {"timestamp":"2022-03-21T11:30:17.774Z"}
info: Server started at http://localhost:3000/api/v1/ {"timestamp":"2022-03-21T11:32:59.925Z"}
info: Connected to the database. {"timestamp":"2022-03-21T11:32:59.982Z"}
info: Server started at http://localhost:3000/api/v1/ {"timestamp":"2022-03-21T11:33:16.428Z"}
info: Connected to the database. {"timestamp":"2022-03-21T11:33:16.474Z"}
info: Server started at http://localhost:3000/api/v1/ {"timestamp":"2022-03-21T11:34:44.580Z"}
info: Connected to the database. {"timestamp":"2022-03-21T11:34:44.618Z"}
info: Server started at http://localhost:3000/api/v1/ {"timestamp":"2022-03-21T11:35:30.619Z"}
info: Connected to the database. {"timestamp":"2022-03-21T11:35:30.667Z"}
info: Server started at http://localhost:3000/api/v1/ {"timestamp":"2022-03-21T11:36:59.154Z"}
info: Connected to the database. {"timestamp":"2022-03-21T11:36:59.203Z"}
info: Server started at http://localhost:3000/api/v1/ {"timestamp":"2022-03-21T11:37:17.031Z"}
info: Connected to the database. {"timestamp":"2022-03-21T11:37:17.079Z"}
info: Server started at http://localhost:3000/api/v1/ {"timestamp":"2022-03-21T11:39:35.834Z"}
info: Connected to the database. {"timestamp":"2022-03-21T11:39:35.880Z"}
info: Server started at http://localhost:3000/api/v1/ {"timestamp":"2022-03-21T11:39:59.780Z"}
info: Connected to the database. {"timestamp":"2022-03-21T11:39:59.826Z"}
info: Server started at http://localhost:3000/api/v1/ {"timestamp":"2022-03-21T11:40:43.083Z"}
info: Connected to the database. {"timestamp":"2022-03-21T11:40:43.122Z"}
info: Server started at http://localhost:3000/api/v1/ {"timestamp":"2022-03-21T11:40:55.225Z"}
info: Connected to the database. {"timestamp":"2022-03-21T11:40:55.275Z"}
info: Server started at http://localhost:3000/api/v1/ {"timestamp":"2022-03-21T11:41:15.266Z"}
info: Connected to the database. {"timestamp":"2022-03-21T11:41:15.308Z"}
info: Server started at http://localhost:3000/api/v1/ {"timestamp":"2022-03-21T11:41:38.640Z"}
info: Connected to the database. {"timestamp":"2022-03-21T11:41:38.694Z"}
info: Server started at http://localhost:3000/api/v1/ {"timestamp":"2022-03-21T11:42:03.707Z"}
info: Connected to the database. {"timestamp":"2022-03-21T11:42:03.758Z"}
info: Server started at http://localhost:3000/api/v1/ {"timestamp":"2022-03-21T11:42:25.208Z"}
info: Connected to the database. {"timestamp":"2022-03-21T11:42:25.246Z"}
