info: Server started at http://localhost:3000/api/v1/ {"timestamp":"2022-03-14T04:31:59.709Z"}
info: Connected to the database. {"timestamp":"2022-03-14T04:32:02.421Z"}
info: Server started at http://localhost:3000/api/v1/ {"timestamp":"2022-03-14T04:37:31.017Z"}
info: Connected to the database. {"timestamp":"2022-03-14T04:37:33.718Z"}
error: 
    status - 500 
    message - ValidationError: "name" is required 
    url - /api/v1/users 
    method - POST 
    IP - ::1
   {"timestamp":"2022-03-14T04:38:11.891Z"}
info: Server started at http://localhost:3000/api/v1/ {"timestamp":"2022-03-14T04:38:38.649Z"}
error: 
    status - 500 
    message - ValidationError: "name" is required 
    url - /api/v1/users 
    method - POST 
    IP - ::1
   {"timestamp":"2022-03-14T04:38:40.798Z"}
info: Connected to the database. {"timestamp":"2022-03-14T04:38:41.430Z"}
error: 
    status - 500 
    message - ValidationError: "name" is required 
    url - /api/v1/users 
    method - POST 
    IP - ::1
   {"timestamp":"2022-03-14T04:55:40.171Z"}
info: Server started at http://localhost:3000/api/v1/ {"timestamp":"2022-03-14T04:56:12.942Z"}
info: Connected to the database. {"timestamp":"2022-03-14T04:56:15.622Z"}
info: Server started at http://localhost:3000/api/v1/ {"timestamp":"2022-03-14T05:10:44.479Z"}
info: Connected to the database. {"timestamp":"2022-03-14T05:10:47.196Z"}
info: Server started at http://localhost:3000/api/v1/ {"timestamp":"2022-03-14T05:10:55.305Z"}
info: Server started at http://localhost:3000/api/v1/ {"timestamp":"2022-03-14T05:11:12.615Z"}
info: Connected to the database. {"timestamp":"2022-03-14T05:11:15.223Z"}
info: Server started at http://localhost:3000/api/v1/ {"timestamp":"2022-03-14T05:25:57.057Z"}
info: Connected to the database. {"timestamp":"2022-03-14T05:26:04.922Z"}
info: Server started at http://localhost:3000/api/v1/ {"timestamp":"2022-03-14T05:26:26.937Z"}
info: Connected to the database. {"timestamp":"2022-03-14T05:26:29.541Z"}
info: Server started at http://localhost:3000/api/v1/ {"timestamp":"2022-03-14T05:28:28.889Z"}
info: Connected to the database. {"timestamp":"2022-03-14T05:28:31.560Z"}
info: Server started at http://localhost:3000/api/v1/ {"timestamp":"2022-03-14T05:29:21.555Z"}
info: Connected to the database. {"timestamp":"2022-03-14T05:29:24.200Z"}
error: 
    status - 500 
    message - ValidationError: "name" is required 
    url - /api/v1/users 
    method - POST 
    IP - ::1
   {"timestamp":"2022-03-14T05:34:50.835Z"}
error: 
    status - 500 
    message - SyntaxError: Unexpected token } in JSON at position 134
    at JSON.parse (<anonymous>)
    at parse (C:\Windows\System32\FundooProject\fundooProject\node_modules\body-parser\lib\types\json.js:89:19)
    at C:\Windows\System32\FundooProject\fundooProject\node_modules\body-parser\lib\read.js:121:18
    at invokeCallback (C:\Windows\System32\FundooProject\fundooProject\node_modules\raw-body\index.js:224:16)
    at done (C:\Windows\System32\FundooProject\fundooProject\node_modules\raw-body\index.js:213:7)
    at IncomingMessage.onEnd (C:\Windows\System32\FundooProject\fundooProject\node_modules\raw-body\index.js:273:7)
    at IncomingMessage.emit (node:events:532:35)
    at IncomingMessage.emit (node:domain:475:12)
    at endReadableNT (node:internal/streams/readable:1346:12)
    at processTicksAndRejections (node:internal/process/task_queues:83:21) 
    url - /api/v1/users 
    method - POST 
    IP - ::1
   {"timestamp":"2022-03-14T05:35:03.862Z"}
error: 
    status - 500 
    message - ValidationError: "name" length must be at least 4 characters long 
    url - /api/v1/users 
    method - POST 
    IP - ::1
   {"timestamp":"2022-03-14T05:35:36.330Z"}
error: 
    status - 500 
    message - ValidationError: "firstName" is not allowed 
    url - /api/v1/users 
    method - POST 
    IP - ::1
   {"timestamp":"2022-03-14T05:35:44.962Z"}
info: Server started at http://localhost:3000/api/v1/ {"timestamp":"2022-03-14T05:37:44.736Z"}
error: Could not connect to the database. querySrv ECONNREFUSED _mongodb._tcp.demo.aoloa.mongodb.net {"code":"ECONNREFUSED","hostname":"_mongodb._tcp.demo.aoloa.mongodb.net","stack":"Error: querySrv ECONNREFUSED _mongodb._tcp.demo.aoloa.mongodb.net\n    at QueryReqWrap.onresolve [as oncomplete] (node:dns:213:19)","syscall":"querySrv","timestamp":"2022-03-14T05:37:44.751Z"}
error: 
    status - 500 
    message - MongooseError: Operation `users.find()` buffering timed out after 10000ms
    at Timeout.<anonymous> (C:\Windows\System32\FundooProject\fundooProject\node_modules\mongoose\lib\drivers\node-mongodb-native\collection.js:198:23)
    at listOnTimeout (node:internal/timers:559:17)
    at processTimers (node:internal/timers:502:7) 
    url - /api/v1/users 
    method - GET 
    IP - ::1
   {"timestamp":"2022-03-14T05:40:04.039Z"}
info: Server started at http://localhost:3000/api/v1/ {"timestamp":"2022-03-14T05:42:00.258Z"}
error: Could not connect to the database. querySrv ECONNREFUSED _mongodb._tcp.demo.aoloa.mongodb.net {"code":"ECONNREFUSED","hostname":"_mongodb._tcp.demo.aoloa.mongodb.net","stack":"Error: querySrv ECONNREFUSED _mongodb._tcp.demo.aoloa.mongodb.net\n    at QueryReqWrap.onresolve [as oncomplete] (node:dns:213:19)","syscall":"querySrv","timestamp":"2022-03-14T05:42:00.272Z"}
error: 
    status - 500 
    message - ValidationError: "name" is required 
    url - /api/v1/users 
    method - POST 
    IP - ::1
   {"timestamp":"2022-03-14T05:42:29.195Z"}
info: Server started at http://localhost:3000/api/v1/ {"timestamp":"2022-03-14T05:43:24.462Z"}
info: Server started at http://localhost:3000/api/v1/ {"timestamp":"2022-03-14T05:44:28.240Z"}
info: Connected to the database. {"timestamp":"2022-03-14T05:44:31.146Z"}
error: 
    status - 500 
    message - ValidationError: "email" is not allowed 
    url - /api/v1/users 
    method - POST 
    IP - ::1
   {"timestamp":"2022-03-14T05:44:42.326Z"}
info: Server started at http://localhost:3000/api/v1/ {"timestamp":"2022-03-14T05:45:07.456Z"}
info: Connected to the database. {"timestamp":"2022-03-14T05:45:10.304Z"}
info: Server started at http://localhost:3000/api/v1/ {"timestamp":"2022-03-14T05:45:27.225Z"}
info: Connected to the database. {"timestamp":"2022-03-14T05:45:29.930Z"}
info: Server started at http://localhost:3000/api/v1/ {"timestamp":"2022-03-14T05:46:17.369Z"}
info: Server started at http://localhost:3000/api/v1/ {"timestamp":"2022-03-14T05:46:23.616Z"}
info: Connected to the database. {"timestamp":"2022-03-14T05:46:26.420Z"}
info: Server started at http://localhost:3000/api/v1/ {"timestamp":"2022-03-14T05:46:39.778Z"}
info: Connected to the database. {"timestamp":"2022-03-14T05:46:42.450Z"}
info: Server started at http://localhost:3000/api/v1/ {"timestamp":"2022-03-14T05:46:51.517Z"}
info: Server started at http://localhost:3000/api/v1/ {"timestamp":"2022-03-14T05:47:10.615Z"}
info: Connected to the database. {"timestamp":"2022-03-14T05:47:28.794Z"}
info: Server started at http://localhost:3000/api/v1/ {"timestamp":"2022-03-14T05:50:22.948Z"}
info: Connected to the database. {"timestamp":"2022-03-14T05:50:25.659Z"}
info: Server started at http://localhost:3000/api/v1/ {"timestamp":"2022-03-14T05:53:55.324Z"}
info: Connected to the database. {"timestamp":"2022-03-14T05:53:58.006Z"}
info: Server started at http://localhost:3000/api/v1/ {"timestamp":"2022-03-14T05:54:06.528Z"}
info: Connected to the database. {"timestamp":"2022-03-14T05:54:09.235Z"}
error: 
      status - 400
      message - Authorization token is required 
      url - /api/v1/users/registration 
      method - GET 
      IP - ::1
     {"timestamp":"2022-03-14T05:55:31.905Z"}
error: 
      status - 400
      message - Authorization token is required 
      url - /api/v1/users/registration 
      method - GET 
      IP - ::1
     {"timestamp":"2022-03-14T05:55:39.410Z"}
error: 
      status - 400
      message - Authorization token is required 
      url - /api/v1/users/registration 
      method - GET 
      IP - ::1
     {"timestamp":"2022-03-14T06:30:42.962Z"}
error: 
      status - 400
      message - Authorization token is required 
      url - /api/v1/users/registration 
      method - GET 
      IP - ::1
     {"timestamp":"2022-03-14T06:32:08.254Z"}
error: 
      status - 400
      message - Authorization token is required 
      url - /api/v1/users/registration 
      method - GET 
      IP - ::1
     {"timestamp":"2022-03-14T06:32:17.941Z"}
error: 
      status - 400
      message - Authorization token is required 
      url - /api/v1/users/registration 
      method - GET 
      IP - ::1
     {"timestamp":"2022-03-14T06:40:09.222Z"}
info: Server started at http://localhost:3000/api/v1/ {"timestamp":"2022-03-14T06:53:04.273Z"}
info: Connected to the database. {"timestamp":"2022-03-14T06:53:07.412Z"}
info: Server started at http://localhost:3000/api/v1/ {"timestamp":"2022-03-14T06:53:25.379Z"}
info: Connected to the database. {"timestamp":"2022-03-14T06:53:28.508Z"}
info: Server started at http://localhost:3000/api/v1/ {"timestamp":"2022-03-14T06:53:53.980Z"}
info: Connected to the database. {"timestamp":"2022-03-14T06:53:57.073Z"}
info: Server started at http://localhost:3000/api/v1/ {"timestamp":"2022-03-14T06:54:16.368Z"}
info: Connected to the database. {"timestamp":"2022-03-14T06:54:21.539Z"}
info: Server started at http://localhost:3000/api/v1/ {"timestamp":"2022-03-14T06:54:40.068Z"}
info: Server started at http://localhost:3000/api/v1/ {"timestamp":"2022-03-14T06:54:51.702Z"}
info: Connected to the database. {"timestamp":"2022-03-14T06:54:54.504Z"}
info: Server started at http://localhost:3000/api/v1/ {"timestamp":"2022-03-14T06:55:02.936Z"}
info: Server started at http://localhost:3000/api/v1/ {"timestamp":"2022-03-14T06:55:09.971Z"}
info: Connected to the database. {"timestamp":"2022-03-14T06:55:12.815Z"}
info: Server started at http://localhost:3000/api/v1/ {"timestamp":"2022-03-14T06:55:19.756Z"}
info: Server started at http://localhost:3000/api/v1/ {"timestamp":"2022-03-14T06:55:34.542Z"}
info: Server started at http://localhost:3000/api/v1/ {"timestamp":"2022-03-14T06:55:42.501Z"}
info: Server started at http://localhost:3000/api/v1/ {"timestamp":"2022-03-14T06:56:00.131Z"}
info: Connected to the database. {"timestamp":"2022-03-14T06:56:08.599Z"}
error: 
      status - 400
      message - Authorization token is required 
      url - /api/v1/users/registration/622ee17d768df341882ed896 
      method - GET 
      IP - ::1
     {"timestamp":"2022-03-14T07:45:07.964Z"}
error: 
      status - 400
      message - Authorization token is required 
      url - /api/v1/users/registration/622ee17d768df341882ed896 
      method - GET 
      IP - ::1
     {"timestamp":"2022-03-14T07:45:23.103Z"}
info: Server started at http://localhost:3000/api/v1/ {"timestamp":"2022-03-14T08:28:06.372Z"}
info: Connected to the database. {"timestamp":"2022-03-14T08:28:08.924Z"}
info: Server started at http://localhost:3000/api/v1/ {"timestamp":"2022-03-14T08:30:56.072Z"}
info: Connected to the database. {"timestamp":"2022-03-14T08:30:58.652Z"}
error: 
      status - 400
      message - Authorization token is required 
      url - /api/v1//users/registration/622efe1f6a7c44353457f860 
      method - GET 
      IP - ::1
     {"timestamp":"2022-03-14T08:36:10.901Z"}
error: 
      status - 400
      message - Authorization token is required 
      url - /api/v1//users/registration/622efe1f6a7c44353457f860 
      method - GET 
      IP - ::1
     {"timestamp":"2022-03-14T08:37:47.377Z"}
error: 
    status - 500 
    message - JsonWebTokenError: jwt malformed
    at Object.verify (C:\Windows\System32\FundooProject\fundooProject\node_modules\jsonwebtoken\verify.js:63:17)
    at _callee$ (C:\Windows\System32\FundooProject\fundooProject\src\middlewares\/auth.middleware.js:22:32)
    at tryCatch (C:\Windows\System32\FundooProject\fundooProject\node_modules\regenerator-runtime\runtime.js:63:40)
    at Generator.invoke [as _invoke] (C:\Windows\System32\FundooProject\fundooProject\node_modules\regenerator-runtime\runtime.js:294:22)
    at Generator.next (C:\Windows\System32\FundooProject\fundooProject\node_modules\regenerator-runtime\runtime.js:119:21)
    at asyncGeneratorStep (C:\Windows\System32\FundooProject\fundooProject\node_modules\@babel\runtime\helpers\asyncToGenerator.js:3:24)
    at _next (C:\Windows\System32\FundooProject\fundooProject\node_modules\@babel\runtime\helpers\asyncToGenerator.js:25:9)
    at C:\Windows\System32\FundooProject\fundooProject\node_modules\@babel\runtime\helpers\asyncToGenerator.js:32:7
    at new Promise (<anonymous>)
    at C:\Windows\System32\FundooProject\fundooProject\node_modules\@babel\runtime\helpers\asyncToGenerator.js:21:12
    at userAuth (C:\Windows\System32\FundooProject\fundooProject\src\middlewares\/auth.middleware.js:12:22)
    at Layer.handle [as handle_request] (C:\Windows\System32\FundooProject\fundooProject\node_modules\express\lib\router\layer.js:95:5)
    at next (C:\Windows\System32\FundooProject\fundooProject\node_modules\express\lib\router\route.js:137:13)
    at Route.dispatch (C:\Windows\System32\FundooProject\fundooProject\node_modules\express\lib\router\route.js:112:3)
    at Layer.handle [as handle_request] (C:\Windows\System32\FundooProject\fundooProject\node_modules\express\lib\router\layer.js:95:5)
    at C:\Windows\System32\FundooProject\fundooProject\node_modules\express\lib\router\index.js:281:22 
    url - /api/v1//users/registration/622efe1f6a7c44353457f860 
    method - GET 
    IP - ::1
   {"timestamp":"2022-03-14T08:37:54.124Z"}
error: 
      status - 400
      message - Authorization token is required 
      url - /api/v1//users/registration/622efe1f6a7c44353457f860 
      method - GET 
      IP - ::1
     {"timestamp":"2022-03-14T08:38:03.979Z"}
error: 
      status - 400
      message - Authorization token is required 
      url - /api/v1//users/registration/622efe1f6a7c44353457f860 
      method - GET 
      IP - ::1
     {"timestamp":"2022-03-14T08:38:07.517Z"}
error: 
      status - 400
      message - Authorization token is required 
      url - /api/v1//users/registration/622efe1f6a7c44353457f860 
      method - GET 
      IP - ::1
     {"timestamp":"2022-03-14T08:38:11.042Z"}
error: 
      status - 400
      message - Authorization token is required 
      url - /api/v1//users/registration/622efe1f6a7c44353457f860 
      method - GET 
      IP - ::1
     {"timestamp":"2022-03-14T08:38:14.735Z"}
info: Server started at http://localhost:3000/api/v1/ {"timestamp":"2022-03-14T08:42:12.788Z"}
info: Connected to the database. {"timestamp":"2022-03-14T08:42:15.478Z"}
info: Server started at http://localhost:3000/api/v1/ {"timestamp":"2022-03-14T08:46:41.280Z"}
info: Connected to the database. {"timestamp":"2022-03-14T08:46:43.878Z"}
info: Server started at http://localhost:3000/api/v1/ {"timestamp":"2022-03-14T08:46:51.306Z"}
info: Connected to the database. {"timestamp":"2022-03-14T08:46:53.803Z"}
error: 
      status - 400
      message - Authorization token is required 
      url - /api/v1//users/registration/622efe1f6a7c44353457f860 
      method - GET 
      IP - ::1
     {"timestamp":"2022-03-14T08:54:14.364Z"}
error: 
      status - 400
      message - Authorization token is required 
      url - /api/v1//users/registration/622efe1f6a7c44353457f860?firstName=Rahul&lastName=Dravid&email=rahul324@gmail.com&password=rahul@dravid 
      method - GET 
      IP - ::1
     {"timestamp":"2022-03-14T08:57:08.977Z"}
error: 
      status - 400
      message - Authorization token is required 
      url - /api/v1//users/registration/622efe1f6a7c44353457f860?firstName=Rahul&lastName=Dravid&email=rahul324@gmail.com&password=rahul@dravid 
      method - GET 
      IP - ::1
     {"timestamp":"2022-03-14T08:57:17.435Z"}
error: 
      status - 400
      message - Authorization token is required 
      url - /api/v1//users/registration/622efe1f6a7c44353457f860?firstName=Rahul&lastName=Dravid&email=rahul324@gmail.com&password=rahul@dravid 
      method - GET 
      IP - ::1
     {"timestamp":"2022-03-14T08:57:32.698Z"}
error: 
    status - 500 
    message - JsonWebTokenError: jwt malformed
    at Object.verify (C:\Windows\System32\FundooProject\fundooProject\node_modules\jsonwebtoken\verify.js:63:17)
    at _callee$ (C:\Windows\System32\FundooProject\fundooProject\src\middlewares\/auth.middleware.js:22:32)
    at tryCatch (C:\Windows\System32\FundooProject\fundooProject\node_modules\regenerator-runtime\runtime.js:63:40)
    at Generator.invoke [as _invoke] (C:\Windows\System32\FundooProject\fundooProject\node_modules\regenerator-runtime\runtime.js:294:22)
    at Generator.next (C:\Windows\System32\FundooProject\fundooProject\node_modules\regenerator-runtime\runtime.js:119:21)
    at asyncGeneratorStep (C:\Windows\System32\FundooProject\fundooProject\node_modules\@babel\runtime\helpers\asyncToGenerator.js:3:24)
    at _next (C:\Windows\System32\FundooProject\fundooProject\node_modules\@babel\runtime\helpers\asyncToGenerator.js:25:9)
    at C:\Windows\System32\FundooProject\fundooProject\node_modules\@babel\runtime\helpers\asyncToGenerator.js:32:7
    at new Promise (<anonymous>)
    at C:\Windows\System32\FundooProject\fundooProject\node_modules\@babel\runtime\helpers\asyncToGenerator.js:21:12
    at userAuth (C:\Windows\System32\FundooProject\fundooProject\src\middlewares\/auth.middleware.js:12:22)
    at Layer.handle [as handle_request] (C:\Windows\System32\FundooProject\fundooProject\node_modules\express\lib\router\layer.js:95:5)
    at next (C:\Windows\System32\FundooProject\fundooProject\node_modules\express\lib\router\route.js:137:13)
    at Route.dispatch (C:\Windows\System32\FundooProject\fundooProject\node_modules\express\lib\router\route.js:112:3)
    at Layer.handle [as handle_request] (C:\Windows\System32\FundooProject\fundooProject\node_modules\express\lib\router\layer.js:95:5)
    at C:\Windows\System32\FundooProject\fundooProject\node_modules\express\lib\router\index.js:281:22 
    url - /api/v1//users/registration/622efe1f6a7c44353457f860?firstName=Rahul&lastName=Dravid&email=rahul324@gmail.com&password=rahul@dravid 
    method - GET 
    IP - ::1
   {"timestamp":"2022-03-14T08:57:40.568Z"}
error: 
      status - 400
      message - Authorization token is required 
      url - /api/v1//users/registration/622efe1f6a7c44353457f860?firstName=Rahul&lastName=Dravid&email=rahul324@gmail.com&password=rahul@dravid 
      method - GET 
      IP - ::1
     {"timestamp":"2022-03-14T08:57:49.045Z"}
info: Server started at http://localhost:3000/api/v1/ {"timestamp":"2022-03-14T09:01:03.152Z"}
info: Connected to the database. {"timestamp":"2022-03-14T09:01:05.865Z"}
info: Server started at http://localhost:3000/api/v1/ {"timestamp":"2022-03-14T09:11:10.171Z"}
info: Server started at http://localhost:3000/api/v1/ {"timestamp":"2022-03-14T09:11:17.129Z"}
info: Connected to the database. {"timestamp":"2022-03-14T09:11:19.584Z"}
info: Server started at http://localhost:3000/api/v1/ {"timestamp":"2022-03-14T09:14:52.214Z"}
info: Connected to the database. {"timestamp":"2022-03-14T09:14:54.791Z"}
info: Server started at http://localhost:3000/api/v1/ {"timestamp":"2022-03-14T09:16:53.813Z"}
info: Connected to the database. {"timestamp":"2022-03-14T09:16:56.383Z"}
info: Server started at http://localhost:3000/api/v1/ {"timestamp":"2022-03-14T09:17:38.301Z"}
info: Connected to the database. {"timestamp":"2022-03-14T09:17:40.777Z"}
info: Server started at http://localhost:3000/api/v1/ {"timestamp":"2022-03-14T09:21:37.490Z"}
info: Connected to the database. {"timestamp":"2022-03-14T09:21:40.024Z"}
info: Server started at http://localhost:3000/api/v1/ {"timestamp":"2022-03-14T09:25:44.590Z"}
info: Connected to the database. {"timestamp":"2022-03-14T09:25:47.245Z"}
info: Server started at http://localhost:3000/api/v1/ {"timestamp":"2022-03-14T09:26:23.548Z"}
info: Connected to the database. {"timestamp":"2022-03-14T09:26:26.042Z"}
info: Server started at http://localhost:3000/api/v1/ {"timestamp":"2022-03-14T09:28:05.897Z"}
info: Connected to the database. {"timestamp":"2022-03-14T09:28:08.490Z"}
info: Server started at http://localhost:3000/api/v1/ {"timestamp":"2022-03-14T09:28:46.999Z"}
info: Server started at http://localhost:3000/api/v1/ {"timestamp":"2022-03-14T09:28:52.699Z"}
info: Connected to the database. {"timestamp":"2022-03-14T09:28:55.239Z"}
info: Server started at http://localhost:3000/api/v1/ {"timestamp":"2022-03-14T09:29:04.352Z"}
info: Connected to the database. {"timestamp":"2022-03-14T09:29:06.856Z"}
info: Server started at http://localhost:3000/api/v1/ {"timestamp":"2022-03-14T09:29:23.641Z"}
info: Connected to the database. {"timestamp":"2022-03-14T09:29:26.212Z"}
info: Server started at http://localhost:3000/api/v1/ {"timestamp":"2022-03-14T09:29:34.213Z"}
info: Connected to the database. {"timestamp":"2022-03-14T09:29:36.699Z"}
info: Server started at http://localhost:3000/api/v1/ {"timestamp":"2022-03-14T11:04:11.656Z"}
info: Server started at http://localhost:3000/api/v1/ {"timestamp":"2022-03-14T11:04:17.891Z"}
info: Connected to the database. {"timestamp":"2022-03-14T11:04:25.568Z"}
info: Server started at http://localhost:3000/api/v1/ {"timestamp":"2022-03-14T11:04:33.211Z"}
info: Connected to the database. {"timestamp":"2022-03-14T11:04:40.806Z"}
info: Server started at http://localhost:3000/api/v1/ {"timestamp":"2022-03-14T11:07:20.318Z"}
info: Connected to the database. {"timestamp":"2022-03-14T11:07:22.957Z"}
info: Server started at http://localhost:3000/api/v1/ {"timestamp":"2022-03-14T11:07:30.874Z"}
info: Connected to the database. {"timestamp":"2022-03-14T11:07:33.428Z"}
info: Server started at http://localhost:3000/api/v1/ {"timestamp":"2022-03-14T11:37:43.045Z"}
info: Connected to the database. {"timestamp":"2022-03-14T11:37:45.809Z"}
info: Server started at http://localhost:3000/api/v1/ {"timestamp":"2022-03-14T11:40:07.086Z"}
info: Connected to the database. {"timestamp":"2022-03-14T11:40:09.703Z"}
info: Server started at http://localhost:3000/api/v1/ {"timestamp":"2022-03-14T11:51:30.288Z"}
info: Connected to the database. {"timestamp":"2022-03-14T11:51:32.877Z"}
error: 
      status - 400
      message - Authorization token is required 
      url - /api/v1/users/login 
      method - GET 
      IP - ::1
     {"timestamp":"2022-03-14T11:51:52.048Z"}
info: Server started at http://localhost:3000/api/v1/ {"timestamp":"2022-03-14T11:52:36.231Z"}
info: Connected to the database. {"timestamp":"2022-03-14T11:52:38.773Z"}
info: Server started at http://localhost:3000/api/v1/ {"timestamp":"2022-03-14T11:53:07.537Z"}
info: Connected to the database. {"timestamp":"2022-03-14T11:53:10.020Z"}
info: Server started at http://localhost:3000/api/v1/ {"timestamp":"2022-03-14T11:54:13.726Z"}
info: Connected to the database. {"timestamp":"2022-03-14T11:54:16.452Z"}
info: Server started at http://localhost:3000/api/v1/ {"timestamp":"2022-03-14T12:05:33.414Z"}
info: Connected to the database. {"timestamp":"2022-03-14T12:05:36.065Z"}
