info: Server started at http://localhost:3000/api/v1/ {"timestamp":"2022-03-23T00:07:49.633Z"}
info: Connected to the database. {"timestamp":"2022-03-23T00:07:49.685Z"}
info: Server started at http://localhost:3000/api/v1/ {"timestamp":"2022-03-23T00:17:42.215Z"}
info: Connected to the database. {"timestamp":"2022-03-23T00:17:42.318Z"}
info: Server started at http://localhost:3000/api/v1/ {"timestamp":"2022-03-23T00:19:29.586Z"}
info: Connected to the database. {"timestamp":"2022-03-23T00:19:29.624Z"}
info: Server started at http://localhost:3000/api/v1/ {"timestamp":"2022-03-23T00:23:27.143Z"}
info: Connected to the database. {"timestamp":"2022-03-23T00:23:27.177Z"}
info: Server started at http://localhost:3000/api/v1/ {"timestamp":"2022-03-23T00:24:33.011Z"}
info: Connected to the database. {"timestamp":"2022-03-23T00:24:33.048Z"}
info: Server started at http://localhost:3000/api/v1/ {"timestamp":"2022-03-23T00:25:44.755Z"}
info: Connected to the database. {"timestamp":"2022-03-23T00:25:44.792Z"}
info: Server started at http://localhost:3000/api/v1/ {"timestamp":"2022-03-23T00:29:17.098Z"}
info: Connected to the database. {"timestamp":"2022-03-23T00:29:17.129Z"}
info: Server started at http://localhost:3000/api/v1/ {"timestamp":"2022-03-23T00:29:26.123Z"}
info: Connected to the database. {"timestamp":"2022-03-23T00:29:26.162Z"}
info: Server started at http://localhost:3000/api/v1/ {"timestamp":"2022-03-23T00:29:51.165Z"}
info: Connected to the database. {"timestamp":"2022-03-23T00:29:51.216Z"}
info: Server started at http://localhost:3000/api/v1/ {"timestamp":"2022-03-23T00:30:42.798Z"}
info: Connected to the database. {"timestamp":"2022-03-23T00:30:42.829Z"}
info: Server started at http://localhost:3000/api/v1/ {"timestamp":"2022-03-23T00:33:44.515Z"}
info: Connected to the database. {"timestamp":"2022-03-23T00:33:44.555Z"}
info: Server started at http://localhost:3000/api/v1/ {"timestamp":"2022-03-23T00:36:07.396Z"}
info: Connected to the database. {"timestamp":"2022-03-23T00:36:07.478Z"}
info: Server started at http://localhost:3000/api/v1/ {"timestamp":"2022-03-23T00:51:22.768Z"}
info: Connected to the database. {"timestamp":"2022-03-23T00:51:22.820Z"}
info: Server started at http://localhost:3000/api/v1/ {"timestamp":"2022-03-23T00:54:15.804Z"}
info: Connected to the database. {"timestamp":"2022-03-23T00:54:15.854Z"}
info: Server started at http://localhost:3000/api/v1/ {"timestamp":"2022-03-23T01:03:48.781Z"}
info: Connected to the database. {"timestamp":"2022-03-23T01:03:48.811Z"}
info: Server started at http://localhost:3000/api/v1/ {"timestamp":"2022-03-23T01:06:49.196Z"}
info: Connected to the database. {"timestamp":"2022-03-23T01:06:49.223Z"}
info: Server started at http://localhost:3000/api/v1/ {"timestamp":"2022-03-23T01:10:10.977Z"}
info: Connected to the database. {"timestamp":"2022-03-23T01:10:11.001Z"}
info: Server started at http://localhost:3000/api/v1/ {"timestamp":"2022-03-23T01:11:04.071Z"}
info: Connected to the database. {"timestamp":"2022-03-23T01:11:04.098Z"}
info: Server started at http://localhost:3000/api/v1/ {"timestamp":"2022-03-23T01:13:28.089Z"}
info: Connected to the database. {"timestamp":"2022-03-23T01:13:28.128Z"}
info: Server started at http://localhost:3000/api/v1/ {"timestamp":"2022-03-23T01:14:22.952Z"}
info: Connected to the database. {"timestamp":"2022-03-23T01:14:22.982Z"}
info: Server started at http://localhost:3000/api/v1/ {"timestamp":"2022-03-23T01:14:38.611Z"}
info: Connected to the database. {"timestamp":"2022-03-23T01:14:38.634Z"}
info: Server started at http://localhost:3000/api/v1/ {"timestamp":"2022-03-23T01:14:46.698Z"}
info: Connected to the database. {"timestamp":"2022-03-23T01:14:46.725Z"}
info: Server started at http://localhost:3000/api/v1/ {"timestamp":"2022-03-23T01:15:09.881Z"}
info: Connected to the database. {"timestamp":"2022-03-23T01:15:09.909Z"}
info: Server started at http://localhost:3000/api/v1/ {"timestamp":"2022-03-23T01:15:23.103Z"}
info: Connected to the database. {"timestamp":"2022-03-23T01:15:23.132Z"}
info: Server started at http://localhost:3000/api/v1/ {"timestamp":"2022-03-23T01:15:33.255Z"}
info: Connected to the database. {"timestamp":"2022-03-23T01:15:33.282Z"}
info: Server started at http://localhost:3000/api/v1/ {"timestamp":"2022-03-23T01:15:44.720Z"}
info: Connected to the database. {"timestamp":"2022-03-23T01:15:44.753Z"}
info: Server started at http://localhost:3000/api/v1/ {"timestamp":"2022-03-23T01:16:13.756Z"}
info: Connected to the database. {"timestamp":"2022-03-23T01:16:13.783Z"}
info: Server started at http://localhost:3000/api/v1/ {"timestamp":"2022-03-23T01:16:26.650Z"}
info: Connected to the database. {"timestamp":"2022-03-23T01:16:26.677Z"}
info: Server started at http://localhost:3000/api/v1/ {"timestamp":"2022-03-23T01:16:57.430Z"}
info: Connected to the database. {"timestamp":"2022-03-23T01:16:57.459Z"}
info: Server started at http://localhost:3000/api/v1/ {"timestamp":"2022-03-23T01:17:17.732Z"}
info: Connected to the database. {"timestamp":"2022-03-23T01:17:17.754Z"}
info: Server started at http://localhost:3000/api/v1/ {"timestamp":"2022-03-23T01:17:27.649Z"}
info: Connected to the database. {"timestamp":"2022-03-23T01:17:27.676Z"}
info: Server started at http://localhost:3000/api/v1/ {"timestamp":"2022-03-23T01:17:33.738Z"}
info: Connected to the database. {"timestamp":"2022-03-23T01:17:33.765Z"}
info: Server started at http://localhost:3000/api/v1/ {"timestamp":"2022-03-23T01:17:45.680Z"}
info: Connected to the database. {"timestamp":"2022-03-23T01:17:45.712Z"}
info: Server started at http://localhost:3000/api/v1/ {"timestamp":"2022-03-23T01:17:56.122Z"}
info: Connected to the database. {"timestamp":"2022-03-23T01:17:56.150Z"}
info: Server started at http://localhost:3000/api/v1/ {"timestamp":"2022-03-23T01:18:14.137Z"}
info: Connected to the database. {"timestamp":"2022-03-23T01:18:14.163Z"}
info: Server started at http://localhost:3000/api/v1/ {"timestamp":"2022-03-23T01:18:31.609Z"}
info: Connected to the database. {"timestamp":"2022-03-23T01:18:31.638Z"}
info: Server started at http://localhost:3000/api/v1/ {"timestamp":"2022-03-23T01:20:30.579Z"}
info: Connected to the database. {"timestamp":"2022-03-23T01:20:30.603Z"}
info: Server started at http://localhost:3000/api/v1/ {"timestamp":"2022-03-23T01:21:07.905Z"}
info: Connected to the database. {"timestamp":"2022-03-23T01:21:07.928Z"}
info: Server started at http://localhost:3000/api/v1/ {"timestamp":"2022-03-23T01:21:13.567Z"}
info: Connected to the database. {"timestamp":"2022-03-23T01:21:13.591Z"}
info: Server started at http://localhost:3000/api/v1/ {"timestamp":"2022-03-23T01:21:23.129Z"}
info: Connected to the database. {"timestamp":"2022-03-23T01:21:23.158Z"}
info: Server started at http://localhost:3000/api/v1/ {"timestamp":"2022-03-23T01:21:58.251Z"}
info: Connected to the database. {"timestamp":"2022-03-23T01:21:58.279Z"}
info: Server started at http://localhost:3000/api/v1/ {"timestamp":"2022-03-23T01:22:05.923Z"}
info: Connected to the database. {"timestamp":"2022-03-23T01:22:05.952Z"}
info: Server started at http://localhost:3000/api/v1/ {"timestamp":"2022-03-23T01:22:13.442Z"}
info: Connected to the database. {"timestamp":"2022-03-23T01:22:13.469Z"}
info: Server started at http://localhost:3000/api/v1/ {"timestamp":"2022-03-23T01:22:22.631Z"}
info: Connected to the database. {"timestamp":"2022-03-23T01:22:22.658Z"}
info: Server started at http://localhost:3000/api/v1/ {"timestamp":"2022-03-23T01:22:28.372Z"}
info: Connected to the database. {"timestamp":"2022-03-23T01:22:28.396Z"}
info: Server started at http://localhost:3000/api/v1/ {"timestamp":"2022-03-23T01:22:55.076Z"}
info: Connected to the database. {"timestamp":"2022-03-23T01:22:55.104Z"}
info: Server started at http://localhost:3000/api/v1/ {"timestamp":"2022-03-23T01:23:14.114Z"}
info: Connected to the database. {"timestamp":"2022-03-23T01:23:14.142Z"}
info: Server started at http://localhost:3000/api/v1/ {"timestamp":"2022-03-23T01:24:01.419Z"}
info: Connected to the database. {"timestamp":"2022-03-23T01:24:01.455Z"}
info: Server started at http://localhost:3000/api/v1/ {"timestamp":"2022-03-23T01:24:08.436Z"}
info: Connected to the database. {"timestamp":"2022-03-23T01:24:08.462Z"}
info: Server started at http://localhost:3000/api/v1/ {"timestamp":"2022-03-23T01:45:44.981Z"}
info: Connected to the database. {"timestamp":"2022-03-23T01:45:45.009Z"}
info: Server started at http://localhost:3000/api/v1/ {"timestamp":"2022-03-23T01:46:04.278Z"}
info: Connected to the database. {"timestamp":"2022-03-23T01:46:04.306Z"}
info: Server started at http://localhost:3000/api/v1/ {"timestamp":"2022-03-23T01:47:11.951Z"}
info: Connected to the database. {"timestamp":"2022-03-23T01:47:11.974Z"}
info: Server started at http://localhost:3000/api/v1/ {"timestamp":"2022-03-23T01:47:28.314Z"}
info: Connected to the database. {"timestamp":"2022-03-23T01:47:28.344Z"}
info: Server started at http://localhost:3000/api/v1/ {"timestamp":"2022-03-23T01:49:27.377Z"}
info: Connected to the database. {"timestamp":"2022-03-23T01:49:27.409Z"}
info: Server started at http://localhost:3000/api/v1/ {"timestamp":"2022-03-23T01:54:34.364Z"}
info: Connected to the database. {"timestamp":"2022-03-23T01:54:34.402Z"}
info: Server started at http://localhost:3000/api/v1/ {"timestamp":"2022-03-23T01:55:44.087Z"}
info: Connected to the database. {"timestamp":"2022-03-23T01:55:44.118Z"}
info: Server started at http://localhost:3000/api/v1/ {"timestamp":"2022-03-23T01:56:01.212Z"}
info: Connected to the database. {"timestamp":"2022-03-23T01:56:01.241Z"}
info: Server started at http://localhost:3000/api/v1/ {"timestamp":"2022-03-23T01:57:22.166Z"}
info: Connected to the database. {"timestamp":"2022-03-23T01:57:22.194Z"}
info: Server started at http://localhost:3000/api/v1/ {"timestamp":"2022-03-23T01:57:37.561Z"}
info: Connected to the database. {"timestamp":"2022-03-23T01:57:37.587Z"}
info: Server started at http://localhost:3000/api/v1/ {"timestamp":"2022-03-23T01:57:52.808Z"}
info: Connected to the database. {"timestamp":"2022-03-23T01:57:52.839Z"}
info: Server started at http://localhost:3000/api/v1/ {"timestamp":"2022-03-23T01:57:58.973Z"}
info: Connected to the database. {"timestamp":"2022-03-23T01:57:59.006Z"}
info: Server started at http://localhost:3000/api/v1/ {"timestamp":"2022-03-23T01:58:04.610Z"}
info: Connected to the database. {"timestamp":"2022-03-23T01:58:04.639Z"}
info: Server started at http://localhost:3000/api/v1/ {"timestamp":"2022-03-23T01:58:16.771Z"}
info: Connected to the database. {"timestamp":"2022-03-23T01:58:16.800Z"}
info: Server started at http://localhost:3000/api/v1/ {"timestamp":"2022-03-23T01:58:25.502Z"}
info: Connected to the database. {"timestamp":"2022-03-23T01:58:25.531Z"}
info: Server started at http://localhost:3000/api/v1/ {"timestamp":"2022-03-23T01:58:32.972Z"}
info: Connected to the database. {"timestamp":"2022-03-23T01:58:33.001Z"}
info: Server started at http://localhost:3000/api/v1/ {"timestamp":"2022-03-23T01:58:45.365Z"}
info: Connected to the database. {"timestamp":"2022-03-23T01:58:45.393Z"}
info: Server started at http://localhost:3000/api/v1/ {"timestamp":"2022-03-23T01:59:08.461Z"}
info: Connected to the database. {"timestamp":"2022-03-23T01:59:08.491Z"}
info: Server started at http://localhost:3000/api/v1/ {"timestamp":"2022-03-23T01:59:19.467Z"}
info: Connected to the database. {"timestamp":"2022-03-23T01:59:19.498Z"}
info: Server started at http://localhost:3000/api/v1/ {"timestamp":"2022-03-23T01:59:29.455Z"}
info: Connected to the database. {"timestamp":"2022-03-23T01:59:29.484Z"}
info: Server started at http://localhost:3000/api/v1/ {"timestamp":"2022-03-23T02:00:49.993Z"}
info: Connected to the database. {"timestamp":"2022-03-23T02:00:50.021Z"}
info: Server started at http://localhost:3000/api/v1/ {"timestamp":"2022-03-23T02:01:35.953Z"}
info: Connected to the database. {"timestamp":"2022-03-23T02:01:35.982Z"}
info: Server started at http://localhost:3000/api/v1/ {"timestamp":"2022-03-23T02:01:43.002Z"}
info: Connected to the database. {"timestamp":"2022-03-23T02:01:43.026Z"}
info: Server started at http://localhost:3000/api/v1/ {"timestamp":"2022-03-23T02:10:16.744Z"}
info: Connected to the database. {"timestamp":"2022-03-23T02:10:16.773Z"}
info: Server started at http://localhost:3000/api/v1/ {"timestamp":"2022-03-23T02:11:45.424Z"}
info: Connected to the database. {"timestamp":"2022-03-23T02:11:45.452Z"}
info: Server started at http://localhost:3000/api/v1/ {"timestamp":"2022-03-23T02:14:32.524Z"}
info: Connected to the database. {"timestamp":"2022-03-23T02:14:32.554Z"}
info: Server started at http://localhost:3000/api/v1/ {"timestamp":"2022-03-23T02:15:30.043Z"}
info: Connected to the database. {"timestamp":"2022-03-23T02:15:30.073Z"}
info: Server started at http://localhost:3000/api/v1/ {"timestamp":"2022-03-23T02:15:40.780Z"}
info: Connected to the database. {"timestamp":"2022-03-23T02:15:40.804Z"}
info: Server started at http://localhost:3000/api/v1/ {"timestamp":"2022-03-23T02:22:20.728Z"}
info: Connected to the database. {"timestamp":"2022-03-23T02:22:20.757Z"}
info: Server started at http://localhost:3000/api/v1/ {"timestamp":"2022-03-23T02:23:14.699Z"}
info: Connected to the database. {"timestamp":"2022-03-23T02:23:14.729Z"}
info: Server started at http://localhost:3000/api/v1/ {"timestamp":"2022-03-23T02:24:12.597Z"}
info: Connected to the database. {"timestamp":"2022-03-23T02:24:12.621Z"}
info: Server started at http://localhost:3000/api/v1/ {"timestamp":"2022-03-23T02:26:59.146Z"}
info: Connected to the database. {"timestamp":"2022-03-23T02:26:59.173Z"}
info: Server started at http://localhost:3000/api/v1/ {"timestamp":"2022-03-23T02:29:05.227Z"}
info: Connected to the database. {"timestamp":"2022-03-23T02:29:05.258Z"}
info: Server started at http://localhost:3000/api/v1/ {"timestamp":"2022-03-23T02:30:02.304Z"}
info: Connected to the database. {"timestamp":"2022-03-23T02:30:02.333Z"}
info: Server started at http://localhost:3000/api/v1/ {"timestamp":"2022-03-23T02:30:34.008Z"}
info: Connected to the database. {"timestamp":"2022-03-23T02:30:34.036Z"}
info: Server started at http://localhost:3000/api/v1/ {"timestamp":"2022-03-23T02:34:56.169Z"}
info: Connected to the database. {"timestamp":"2022-03-23T02:34:56.212Z"}
info: Server started at http://localhost:3000/api/v1/ {"timestamp":"2022-03-23T02:35:19.771Z"}
info: Connected to the database. {"timestamp":"2022-03-23T02:35:19.839Z"}
info: Server started at http://localhost:3000/api/v1/ {"timestamp":"2022-03-23T02:40:31.192Z"}
info: Connected to the database. {"timestamp":"2022-03-23T02:40:31.225Z"}
error: 
    status - 500 
    message - undefined 
    url - /api/v1/users/resetPassword 
    method - POST 
    IP - ::1
   {"timestamp":"2022-03-23T02:44:28.097Z"}
info: Server started at http://localhost:3000/api/v1/ {"timestamp":"2022-03-23T02:45:35.623Z"}
info: Connected to the database. {"timestamp":"2022-03-23T02:45:35.651Z"}
info: Server started at http://localhost:3000/api/v1/ {"timestamp":"2022-03-23T02:45:57.650Z"}
info: Connected to the database. {"timestamp":"2022-03-23T02:45:57.682Z"}
error: 
    status - 500 
    message - undefined 
    url - /api/v1/users/resetPassword 
    method - POST 
    IP - ::1
   {"timestamp":"2022-03-23T02:45:57.997Z"}
info: Server started at http://localhost:3000/api/v1/ {"timestamp":"2022-03-23T02:46:33.261Z"}
info: Connected to the database. {"timestamp":"2022-03-23T02:46:33.295Z"}
info: Server started at http://localhost:3000/api/v1/ {"timestamp":"2022-03-23T02:47:50.002Z"}
info: Connected to the database. {"timestamp":"2022-03-23T02:47:50.033Z"}
info: Server started at http://localhost:3000/api/v1/ {"timestamp":"2022-03-23T02:48:59.837Z"}
info: Connected to the database. {"timestamp":"2022-03-23T02:48:59.864Z"}
error: 
    status - 500 
    message - undefined 
    url - /api/v1/users/resetPassword 
    method - PUT 
    IP - ::1
   {"timestamp":"2022-03-23T02:49:28.756Z"}
info: Server started at http://localhost:3000/api/v1/ {"timestamp":"2022-03-23T02:50:54.912Z"}
info: Connected to the database. {"timestamp":"2022-03-23T02:50:54.948Z"}
info: Server started at http://localhost:3000/api/v1/ {"timestamp":"2022-03-23T02:51:05.112Z"}
info: Connected to the database. {"timestamp":"2022-03-23T02:51:05.142Z"}
error: 
    status - 500 
    message - undefined 
    url - /api/v1/users/resetPassword 
    method - PUT 
    IP - ::1
   {"timestamp":"2022-03-23T02:51:30.213Z"}
info: Server started at http://localhost:3000/api/v1/ {"timestamp":"2022-03-23T02:58:51.733Z"}
info: Connected to the database. {"timestamp":"2022-03-23T02:58:51.766Z"}
info: Server started at http://localhost:3000/api/v1/ {"timestamp":"2022-03-23T02:59:06.539Z"}
info: Connected to the database. {"timestamp":"2022-03-23T02:59:06.572Z"}
info: Server started at http://localhost:3000/api/v1/ {"timestamp":"2022-03-23T02:59:13.604Z"}
info: Connected to the database. {"timestamp":"2022-03-23T02:59:13.630Z"}
info: Server started at http://localhost:3000/api/v1/ {"timestamp":"2022-03-23T02:59:21.028Z"}
info: Connected to the database. {"timestamp":"2022-03-23T02:59:21.058Z"}
info: Server started at http://localhost:3000/api/v1/ {"timestamp":"2022-03-23T03:07:19.606Z"}
info: Connected to the database. {"timestamp":"2022-03-23T03:07:19.643Z"}
info: Server started at http://localhost:3000/api/v1/ {"timestamp":"2022-03-23T03:07:29.712Z"}
info: Connected to the database. {"timestamp":"2022-03-23T03:07:29.749Z"}
info: Server started at http://localhost:3000/api/v1/ {"timestamp":"2022-03-23T03:08:23.870Z"}
info: Connected to the database. {"timestamp":"2022-03-23T03:08:23.899Z"}
error: 
    status - 500 
    message - undefined 
    url - /api/v1/users/resetPassword 
    method - PUT 
    IP - ::1
   {"timestamp":"2022-03-23T03:09:23.286Z"}
info: Server started at http://localhost:3000/api/v1/ {"timestamp":"2022-03-23T03:17:00.325Z"}
info: Connected to the database. {"timestamp":"2022-03-23T03:17:00.357Z"}
info: Server started at http://localhost:3000/api/v1/ {"timestamp":"2022-03-23T03:19:21.855Z"}
info: Connected to the database. {"timestamp":"2022-03-23T03:19:21.884Z"}
info: Server started at http://localhost:3000/api/v1/ {"timestamp":"2022-03-23T03:19:36.001Z"}
info: Connected to the database. {"timestamp":"2022-03-23T03:19:36.028Z"}
info: Server started at http://localhost:3000/api/v1/ {"timestamp":"2022-03-23T03:19:58.256Z"}
info: Connected to the database. {"timestamp":"2022-03-23T03:19:58.282Z"}
info: Server started at http://localhost:3000/api/v1/ {"timestamp":"2022-03-23T03:30:25.986Z"}
info: Connected to the database. {"timestamp":"2022-03-23T03:30:26.013Z"}
info: Server started at http://localhost:3000/api/v1/ {"timestamp":"2022-03-23T03:43:25.321Z"}
info: Connected to the database. {"timestamp":"2022-03-23T03:43:25.345Z"}
info: Server started at http://localhost:3000/api/v1/ {"timestamp":"2022-03-23T03:49:23.656Z"}
info: Connected to the database. {"timestamp":"2022-03-23T03:49:23.693Z"}
info: Server started at http://localhost:3000/api/v1/ {"timestamp":"2022-03-23T03:50:45.980Z"}
info: Connected to the database. {"timestamp":"2022-03-23T03:50:46.024Z"}
info: Server started at http://localhost:3000/api/v1/ {"timestamp":"2022-03-23T03:55:19.736Z"}
info: Connected to the database. {"timestamp":"2022-03-23T03:55:19.780Z"}
info: Server started at http://localhost:3000/api/v1/ {"timestamp":"2022-03-23T03:55:51.852Z"}
info: Connected to the database. {"timestamp":"2022-03-23T03:55:51.883Z"}
info: Server started at http://localhost:3000/api/v1/ {"timestamp":"2022-03-23T03:56:05.277Z"}
info: Connected to the database. {"timestamp":"2022-03-23T03:56:05.303Z"}
info: Server started at http://localhost:3000/api/v1/ {"timestamp":"2022-03-23T03:57:23.096Z"}
info: Connected to the database. {"timestamp":"2022-03-23T03:57:23.125Z"}
info: Server started at http://localhost:3000/api/v1/ {"timestamp":"2022-03-23T03:58:44.212Z"}
info: Connected to the database. {"timestamp":"2022-03-23T03:58:44.239Z"}
info: Server started at http://localhost:3000/api/v1/ {"timestamp":"2022-03-23T03:58:52.180Z"}
info: Connected to the database. {"timestamp":"2022-03-23T03:58:52.211Z"}
info: Server started at http://localhost:3000/api/v1/ {"timestamp":"2022-03-23T03:59:01.781Z"}
info: Connected to the database. {"timestamp":"2022-03-23T03:59:01.808Z"}
info: Server started at http://localhost:3000/api/v1/ {"timestamp":"2022-03-23T03:59:13.016Z"}
info: Connected to the database. {"timestamp":"2022-03-23T03:59:13.048Z"}
info: Server started at http://localhost:3000/api/v1/ {"timestamp":"2022-03-23T03:59:23.863Z"}
info: Connected to the database. {"timestamp":"2022-03-23T03:59:23.891Z"}
info: Server started at http://localhost:3000/api/v1/ {"timestamp":"2022-03-23T03:59:45.518Z"}
info: Connected to the database. {"timestamp":"2022-03-23T03:59:45.546Z"}
info: Server started at http://localhost:3000/api/v1/ {"timestamp":"2022-03-23T04:30:28.875Z"}
info: Connected to the database. {"timestamp":"2022-03-23T04:30:28.906Z"}
info: Server started at http://localhost:3000/api/v1/ {"timestamp":"2022-03-23T04:30:51.359Z"}
info: Connected to the database. {"timestamp":"2022-03-23T04:30:51.390Z"}
info: Server started at http://localhost:3000/api/v1/ {"timestamp":"2022-03-23T04:33:36.621Z"}
info: Connected to the database. {"timestamp":"2022-03-23T04:33:36.649Z"}
info: Server started at http://localhost:3000/api/v1/ {"timestamp":"2022-03-23T04:33:44.139Z"}
info: Connected to the database. {"timestamp":"2022-03-23T04:33:44.168Z"}
info: Server started at http://localhost:3000/api/v1/ {"timestamp":"2022-03-23T04:34:25.024Z"}
info: Connected to the database. {"timestamp":"2022-03-23T04:34:25.056Z"}
info: Server started at http://localhost:3000/api/v1/ {"timestamp":"2022-03-23T04:38:48.074Z"}
info: Connected to the database. {"timestamp":"2022-03-23T04:38:48.118Z"}
info: Server started at http://localhost:3000/api/v1/ {"timestamp":"2022-03-23T04:38:54.397Z"}
info: Connected to the database. {"timestamp":"2022-03-23T04:38:54.422Z"}
info: Server started at http://localhost:3000/api/v1/ {"timestamp":"2022-03-23T04:39:26.359Z"}
info: Connected to the database. {"timestamp":"2022-03-23T04:39:26.387Z"}
info: Server started at http://localhost:3000/api/v1/ {"timestamp":"2022-03-23T04:40:02.926Z"}
info: Connected to the database. {"timestamp":"2022-03-23T04:40:03.030Z"}
info: Server started at http://localhost:3000/api/v1/ {"timestamp":"2022-03-23T04:41:25.326Z"}
info: Connected to the database. {"timestamp":"2022-03-23T04:41:25.361Z"}
info: Server started at http://localhost:3000/api/v1/ {"timestamp":"2022-03-23T04:41:50.333Z"}
info: Connected to the database. {"timestamp":"2022-03-23T04:41:50.371Z"}
info: Server started at http://localhost:3000/api/v1/ {"timestamp":"2022-03-23T04:42:50.751Z"}
info: Connected to the database. {"timestamp":"2022-03-23T04:42:50.780Z"}
info: Server started at http://localhost:3000/api/v1/ {"timestamp":"2022-03-23T04:45:10.511Z"}
info: Connected to the database. {"timestamp":"2022-03-23T04:45:10.545Z"}
info: Server started at http://localhost:3000/api/v1/ {"timestamp":"2022-03-23T04:47:33.769Z"}
info: Connected to the database. {"timestamp":"2022-03-23T04:47:33.803Z"}
error: 
    status - 500 
    message - SyntaxError: Unexpected token   in JSON at position 0
    at JSON.parse (<anonymous>)
    at createStrictSyntaxError (C:\Windows\System32\FundooProject\fundooProject\node_modules\body-parser\lib\types\json.js:158:10)
    at parse (C:\Windows\System32\FundooProject\fundooProject\node_modules\body-parser\lib\types\json.js:83:15)
    at C:\Windows\System32\FundooProject\fundooProject\node_modules\body-parser\lib\read.js:121:18
    at invokeCallback (C:\Windows\System32\FundooProject\fundooProject\node_modules\raw-body\index.js:224:16)
    at done (C:\Windows\System32\FundooProject\fundooProject\node_modules\raw-body\index.js:213:7)
    at IncomingMessage.onEnd (C:\Windows\System32\FundooProject\fundooProject\node_modules\raw-body\index.js:273:7)
    at IncomingMessage.emit (node:events:532:35)
    at IncomingMessage.emit (node:domain:475:12)
    at endReadableNT (node:internal/streams/readable:1346:12)
    at processTicksAndRejections (node:internal/process/task_queues:83:21) 
    url - /api/v1/note/6237f1c355cd1b2bfce052d1 
    method - GET 
    IP - ::1
   {"timestamp":"2022-03-23T04:50:14.762Z"}
error: 
    status - 500 
    message - SyntaxError: Unexpected token   in JSON at position 0
    at JSON.parse (<anonymous>)
    at createStrictSyntaxError (C:\Windows\System32\FundooProject\fundooProject\node_modules\body-parser\lib\types\json.js:158:10)
    at parse (C:\Windows\System32\FundooProject\fundooProject\node_modules\body-parser\lib\types\json.js:83:15)
    at C:\Windows\System32\FundooProject\fundooProject\node_modules\body-parser\lib\read.js:121:18
    at invokeCallback (C:\Windows\System32\FundooProject\fundooProject\node_modules\raw-body\index.js:224:16)
    at done (C:\Windows\System32\FundooProject\fundooProject\node_modules\raw-body\index.js:213:7)
    at IncomingMessage.onEnd (C:\Windows\System32\FundooProject\fundooProject\node_modules\raw-body\index.js:273:7)
    at IncomingMessage.emit (node:events:532:35)
    at IncomingMessage.emit (node:domain:475:12)
    at endReadableNT (node:internal/streams/readable:1346:12)
    at processTicksAndRejections (node:internal/process/task_queues:83:21) 
    url - /api/v1/note/6237f1c355cd1b2bfce052d1 
    method - GET 
    IP - ::1
   {"timestamp":"2022-03-23T04:50:49.800Z"}
error: 
    status - 500 
    message - SyntaxError: Unexpected token   in JSON at position 0
    at JSON.parse (<anonymous>)
    at createStrictSyntaxError (C:\Windows\System32\FundooProject\fundooProject\node_modules\body-parser\lib\types\json.js:158:10)
    at parse (C:\Windows\System32\FundooProject\fundooProject\node_modules\body-parser\lib\types\json.js:83:15)
    at C:\Windows\System32\FundooProject\fundooProject\node_modules\body-parser\lib\read.js:121:18
    at invokeCallback (C:\Windows\System32\FundooProject\fundooProject\node_modules\raw-body\index.js:224:16)
    at done (C:\Windows\System32\FundooProject\fundooProject\node_modules\raw-body\index.js:213:7)
    at IncomingMessage.onEnd (C:\Windows\System32\FundooProject\fundooProject\node_modules\raw-body\index.js:273:7)
    at IncomingMessage.emit (node:events:532:35)
    at IncomingMessage.emit (node:domain:475:12)
    at endReadableNT (node:internal/streams/readable:1346:12)
    at processTicksAndRejections (node:internal/process/task_queues:83:21) 
    url - /api/v1/note/6237f1c355cd1b2bfce052d1 
    method - GET 
    IP - ::1
   {"timestamp":"2022-03-23T04:52:13.022Z"}
info: Server started at http://localhost:3000/api/v1/ {"timestamp":"2022-03-23T04:54:05.804Z"}
info: Connected to the database. {"timestamp":"2022-03-23T04:54:05.839Z"}
info: Server started at http://localhost:3000/api/v1/ {"timestamp":"2022-03-23T04:54:56.017Z"}
info: Connected to the database. {"timestamp":"2022-03-23T04:54:56.047Z"}
info: Server started at http://localhost:3000/api/v1/ {"timestamp":"2022-03-23T04:56:21.779Z"}
info: Connected to the database. {"timestamp":"2022-03-23T04:56:21.813Z"}
info: Server started at http://localhost:3000/api/v1/ {"timestamp":"2022-03-23T04:57:45.225Z"}
info: Connected to the database. {"timestamp":"2022-03-23T04:57:45.260Z"}
info: Server started at http://localhost:3000/api/v1/ {"timestamp":"2022-03-23T04:58:13.080Z"}
info: Connected to the database. {"timestamp":"2022-03-23T04:58:13.115Z"}
info: Server started at http://localhost:3000/api/v1/ {"timestamp":"2022-03-23T05:02:23.032Z"}
info: Connected to the database. {"timestamp":"2022-03-23T05:02:23.066Z"}
info: Server started at http://localhost:3000/api/v1/ {"timestamp":"2022-03-23T05:02:52.085Z"}
info: Connected to the database. {"timestamp":"2022-03-23T05:02:52.123Z"}
info: Server started at http://localhost:3000/api/v1/ {"timestamp":"2022-03-23T05:03:19.498Z"}
info: Connected to the database. {"timestamp":"2022-03-23T05:03:19.537Z"}
error: 
    status - 500 
    message - SyntaxError: Unexpected token   in JSON at position 0
    at JSON.parse (<anonymous>)
    at createStrictSyntaxError (C:\Windows\System32\FundooProject\fundooProject\node_modules\body-parser\lib\types\json.js:158:10)
    at parse (C:\Windows\System32\FundooProject\fundooProject\node_modules\body-parser\lib\types\json.js:83:15)
    at C:\Windows\System32\FundooProject\fundooProject\node_modules\body-parser\lib\read.js:121:18
    at invokeCallback (C:\Windows\System32\FundooProject\fundooProject\node_modules\raw-body\index.js:224:16)
    at done (C:\Windows\System32\FundooProject\fundooProject\node_modules\raw-body\index.js:213:7)
    at IncomingMessage.onEnd (C:\Windows\System32\FundooProject\fundooProject\node_modules\raw-body\index.js:273:7)
    at IncomingMessage.emit (node:events:532:35)
    at IncomingMessage.emit (node:domain:475:12)
    at endReadableNT (node:internal/streams/readable:1346:12)
    at processTicksAndRejections (node:internal/process/task_queues:83:21) 
    url - /api/v1/note/6237f1c355cd1b2bfce052d1 
    method - GET 
    IP - ::1
   {"timestamp":"2022-03-23T05:06:44.436Z"}
error: 
    status - 500 
    message - undefined 
    url - /api/v1/note/getAll 
    method - GET 
    IP - ::1
   {"timestamp":"2022-03-23T05:07:21.675Z"}
info: Server started at http://localhost:3000/api/v1/ {"timestamp":"2022-03-23T05:08:57.378Z"}
info: Connected to the database. {"timestamp":"2022-03-23T05:08:57.432Z"}
info: Connected to the database. {"timestamp":"2022-03-23T05:09:12.574Z"}
info: Server started at http://localhost:3000/api/v1/ {"timestamp":"2022-03-23T05:09:56.209Z"}
info: Connected to the database. {"timestamp":"2022-03-23T05:09:56.243Z"}
info: Server started at http://localhost:3000/api/v1/ {"timestamp":"2022-03-23T05:11:00.591Z"}
info: Connected to the database. {"timestamp":"2022-03-23T05:11:00.623Z"}
info: Server started at http://localhost:3000/api/v1/ {"timestamp":"2022-03-23T05:12:49.817Z"}
info: Connected to the database. {"timestamp":"2022-03-23T05:12:49.859Z"}
error: 
    status - 500 
    message - undefined 
    url - /api/v1/note/getAll 
    method - GET 
    IP - ::1
   {"timestamp":"2022-03-23T05:13:41.359Z"}
info: Server started at http://localhost:3000/api/v1/ {"timestamp":"2022-03-23T05:14:51.129Z"}
info: Connected to the database. {"timestamp":"2022-03-23T05:14:51.166Z"}
info: Server started at http://localhost:3000/api/v1/ {"timestamp":"2022-03-23T05:15:07.201Z"}
info: Connected to the database. {"timestamp":"2022-03-23T05:15:07.238Z"}
info: Server started at http://localhost:3000/api/v1/ {"timestamp":"2022-03-23T05:16:59.106Z"}
info: Connected to the database. {"timestamp":"2022-03-23T05:16:59.147Z"}
info: Server started at http://localhost:3000/api/v1/ {"timestamp":"2022-03-23T05:18:38.949Z"}
info: Connected to the database. {"timestamp":"2022-03-23T05:18:38.986Z"}
error: 
    status - 500 
    message - undefined 
    url - /api/v1/note/getAll/6237f1c355cd1b2bfce052d1 
    method - GET 
    IP - ::1
   {"timestamp":"2022-03-23T05:18:44.851Z"}
info: Server started at http://localhost:3000/api/v1/ {"timestamp":"2022-03-23T05:20:48.243Z"}
info: Connected to the database. {"timestamp":"2022-03-23T05:20:48.281Z"}
info: Server started at http://localhost:3000/api/v1/ {"timestamp":"2022-03-23T05:20:59.823Z"}
info: Connected to the database. {"timestamp":"2022-03-23T05:20:59.861Z"}
info: Server started at http://localhost:3000/api/v1/ {"timestamp":"2022-03-23T05:21:12.002Z"}
info: Connected to the database. {"timestamp":"2022-03-23T05:21:12.040Z"}
info: Server started at http://localhost:3000/api/v1/ {"timestamp":"2022-03-23T05:21:22.633Z"}
info: Connected to the database. {"timestamp":"2022-03-23T05:21:22.683Z"}
info: Server started at http://localhost:3000/api/v1/ {"timestamp":"2022-03-23T05:22:04.730Z"}
info: Connected to the database. {"timestamp":"2022-03-23T05:22:04.764Z"}
info: Server started at http://localhost:3000/api/v1/ {"timestamp":"2022-03-23T05:22:12.996Z"}
info: Connected to the database. {"timestamp":"2022-03-23T05:22:13.033Z"}
info: Server started at http://localhost:3000/api/v1/ {"timestamp":"2022-03-23T05:22:22.681Z"}
info: Connected to the database. {"timestamp":"2022-03-23T05:22:22.717Z"}
info: Server started at http://localhost:3000/api/v1/ {"timestamp":"2022-03-23T05:25:07.663Z"}
info: Connected to the database. {"timestamp":"2022-03-23T05:25:07.698Z"}
info: Server started at http://localhost:3000/api/v1/ {"timestamp":"2022-03-23T05:25:31.356Z"}
info: Connected to the database. {"timestamp":"2022-03-23T05:25:31.390Z"}
info: Server started at http://localhost:3000/api/v1/ {"timestamp":"2022-03-23T05:25:41.803Z"}
info: Connected to the database. {"timestamp":"2022-03-23T05:25:41.838Z"}
info: Server started at http://localhost:3000/api/v1/ {"timestamp":"2022-03-23T05:28:01.982Z"}
info: Connected to the database. {"timestamp":"2022-03-23T05:28:02.018Z"}
info: Server started at http://localhost:3000/api/v1/ {"timestamp":"2022-03-23T05:29:13.720Z"}
info: Connected to the database. {"timestamp":"2022-03-23T05:29:13.759Z"}
info: Connected to the database. {"timestamp":"2022-03-23T05:29:17.296Z"}
info: Connected to the database. {"timestamp":"2022-03-23T05:29:33.442Z"}
info: Connected to the database. {"timestamp":"2022-03-23T05:29:48.637Z"}
info: Connected to the database. {"timestamp":"2022-03-23T05:31:05.486Z"}
info: Connected to the database. {"timestamp":"2022-03-23T05:57:51.451Z"}
info: Connected to the database. {"timestamp":"2022-03-23T06:16:26.728Z"}
info: Connected to the database. {"timestamp":"2022-03-23T06:17:04.073Z"}
info: Connected to the database. {"timestamp":"2022-03-23T06:17:05.365Z"}
info: Server started at http://localhost:3000/api/v1/ {"timestamp":"2022-03-23T06:17:16.920Z"}
info: Connected to the database. {"timestamp":"2022-03-23T06:17:16.949Z"}
info: Server started at http://localhost:3000/api/v1/ {"timestamp":"2022-03-23T06:18:52.150Z"}
info: Connected to the database. {"timestamp":"2022-03-23T06:18:52.178Z"}
info: Server started at http://localhost:3000/api/v1/ {"timestamp":"2022-03-23T06:19:15.283Z"}
info: Connected to the database. {"timestamp":"2022-03-23T06:19:15.307Z"}
info: Server started at http://localhost:3000/api/v1/ {"timestamp":"2022-03-23T06:19:28.015Z"}
info: Connected to the database. {"timestamp":"2022-03-23T06:19:28.044Z"}
info: Server started at http://localhost:3000/api/v1/ {"timestamp":"2022-03-23T06:19:44.518Z"}
info: Connected to the database. {"timestamp":"2022-03-23T06:19:44.549Z"}
info: Server started at http://localhost:3000/api/v1/ {"timestamp":"2022-03-23T06:20:06.711Z"}
info: Connected to the database. {"timestamp":"2022-03-23T06:20:06.738Z"}
info: Server started at http://localhost:3000/api/v1/ {"timestamp":"2022-03-23T06:20:14.069Z"}
info: Connected to the database. {"timestamp":"2022-03-23T06:20:14.096Z"}
info: Server started at http://localhost:3000/api/v1/ {"timestamp":"2022-03-23T06:20:24.497Z"}
info: Connected to the database. {"timestamp":"2022-03-23T06:20:24.525Z"}
info: Server started at http://localhost:3000/api/v1/ {"timestamp":"2022-03-23T06:22:52.542Z"}
info: Connected to the database. {"timestamp":"2022-03-23T06:22:52.572Z"}
info: Server started at http://localhost:3000/api/v1/ {"timestamp":"2022-03-23T06:23:03.851Z"}
info: Connected to the database. {"timestamp":"2022-03-23T06:23:03.883Z"}
info: Server started at http://localhost:3000/api/v1/ {"timestamp":"2022-03-23T06:23:43.815Z"}
info: Connected to the database. {"timestamp":"2022-03-23T06:23:43.845Z"}
info: Server started at http://localhost:3000/api/v1/ {"timestamp":"2022-03-23T06:23:50.987Z"}
info: Connected to the database. {"timestamp":"2022-03-23T06:23:51.016Z"}
info: Server started at http://localhost:3000/api/v1/ {"timestamp":"2022-03-23T06:25:10.573Z"}
info: Connected to the database. {"timestamp":"2022-03-23T06:25:10.602Z"}
info: Server started at http://localhost:3000/api/v1/ {"timestamp":"2022-03-23T06:25:19.702Z"}
info: Connected to the database. {"timestamp":"2022-03-23T06:25:19.725Z"}
info: Server started at http://localhost:3000/api/v1/ {"timestamp":"2022-03-23T06:25:27.316Z"}
info: Connected to the database. {"timestamp":"2022-03-23T06:25:27.345Z"}
info: Server started at http://localhost:3000/api/v1/ {"timestamp":"2022-03-23T06:25:44.927Z"}
info: Connected to the database. {"timestamp":"2022-03-23T06:25:44.955Z"}
info: Server started at http://localhost:3000/api/v1/ {"timestamp":"2022-03-23T06:26:18.581Z"}
info: Connected to the database. {"timestamp":"2022-03-23T06:26:18.609Z"}
info: Server started at http://localhost:3000/api/v1/ {"timestamp":"2022-03-23T06:28:18.089Z"}
info: Connected to the database. {"timestamp":"2022-03-23T06:28:18.115Z"}
info: Server started at http://localhost:3000/api/v1/ {"timestamp":"2022-03-23T06:29:45.165Z"}
info: Connected to the database. {"timestamp":"2022-03-23T06:29:45.193Z"}
info: Server started at http://localhost:3000/api/v1/ {"timestamp":"2022-03-23T06:30:19.458Z"}
info: Connected to the database. {"timestamp":"2022-03-23T06:30:19.486Z"}
info: Server started at http://localhost:3000/api/v1/ {"timestamp":"2022-03-23T06:30:26.759Z"}
info: Connected to the database. {"timestamp":"2022-03-23T06:30:26.788Z"}
info: Server started at http://localhost:3000/api/v1/ {"timestamp":"2022-03-23T06:30:54.920Z"}
info: Connected to the database. {"timestamp":"2022-03-23T06:30:54.950Z"}
info: Server started at http://localhost:3000/api/v1/ {"timestamp":"2022-03-23T06:31:14.814Z"}
info: Connected to the database. {"timestamp":"2022-03-23T06:31:14.838Z"}
info: Server started at http://localhost:3000/api/v1/ {"timestamp":"2022-03-23T06:31:32.335Z"}
info: Connected to the database. {"timestamp":"2022-03-23T06:31:32.364Z"}
info: Server started at http://localhost:3000/api/v1/ {"timestamp":"2022-03-23T06:31:49.267Z"}
info: Connected to the database. {"timestamp":"2022-03-23T06:31:49.294Z"}
info: Server started at http://localhost:3000/api/v1/ {"timestamp":"2022-03-23T06:32:19.304Z"}
info: Connected to the database. {"timestamp":"2022-03-23T06:32:19.333Z"}
info: Server started at http://localhost:3000/api/v1/ {"timestamp":"2022-03-23T06:32:44.858Z"}
info: Connected to the database. {"timestamp":"2022-03-23T06:32:44.881Z"}
info: Server started at http://localhost:3000/api/v1/ {"timestamp":"2022-03-23T06:33:07.522Z"}
info: Connected to the database. {"timestamp":"2022-03-23T06:33:07.555Z"}
info: Server started at http://localhost:3000/api/v1/ {"timestamp":"2022-03-23T06:33:17.656Z"}
info: Connected to the database. {"timestamp":"2022-03-23T06:33:17.685Z"}
info: Server started at http://localhost:3000/api/v1/ {"timestamp":"2022-03-23T06:33:52.923Z"}
info: Connected to the database. {"timestamp":"2022-03-23T06:33:52.949Z"}
info: Server started at http://localhost:3000/api/v1/ {"timestamp":"2022-03-23T06:34:02.275Z"}
info: Connected to the database. {"timestamp":"2022-03-23T06:34:02.302Z"}
error: 
    status - 500 
    message - SyntaxError: Unexpected token   in JSON at position 0
    at JSON.parse (<anonymous>)
    at createStrictSyntaxError (C:\Windows\System32\FundooProject\fundooProject\node_modules\body-parser\lib\types\json.js:158:10)
    at parse (C:\Windows\System32\FundooProject\fundooProject\node_modules\body-parser\lib\types\json.js:83:15)
    at C:\Windows\System32\FundooProject\fundooProject\node_modules\body-parser\lib\read.js:121:18
    at invokeCallback (C:\Windows\System32\FundooProject\fundooProject\node_modules\raw-body\index.js:224:16)
    at done (C:\Windows\System32\FundooProject\fundooProject\node_modules\raw-body\index.js:213:7)
    at IncomingMessage.onEnd (C:\Windows\System32\FundooProject\fundooProject\node_modules\raw-body\index.js:273:7)
    at IncomingMessage.emit (node:events:532:35)
    at IncomingMessage.emit (node:domain:475:12)
    at endReadableNT (node:internal/streams/readable:1346:12)
    at processTicksAndRejections (node:internal/process/task_queues:83:21) 
    url - /api/v1/note/isArchived/623a99a51e62f8405ca789cc 
    method - PUT 
    IP - ::1
   {"timestamp":"2022-03-23T06:38:01.519Z"}
error: 
    status - 500 
    message - SyntaxError: Unexpected token   in JSON at position 0
    at JSON.parse (<anonymous>)
    at createStrictSyntaxError (C:\Windows\System32\FundooProject\fundooProject\node_modules\body-parser\lib\types\json.js:158:10)
    at parse (C:\Windows\System32\FundooProject\fundooProject\node_modules\body-parser\lib\types\json.js:83:15)
    at C:\Windows\System32\FundooProject\fundooProject\node_modules\body-parser\lib\read.js:121:18
    at invokeCallback (C:\Windows\System32\FundooProject\fundooProject\node_modules\raw-body\index.js:224:16)
    at done (C:\Windows\System32\FundooProject\fundooProject\node_modules\raw-body\index.js:213:7)
    at IncomingMessage.onEnd (C:\Windows\System32\FundooProject\fundooProject\node_modules\raw-body\index.js:273:7)
    at IncomingMessage.emit (node:events:532:35)
    at IncomingMessage.emit (node:domain:475:12)
    at endReadableNT (node:internal/streams/readable:1346:12)
    at processTicksAndRejections (node:internal/process/task_queues:83:21) 
    url - /api/v1/note/isArchived/623a99a51e62f8405ca789cc 
    method - PUT 
    IP - ::1
   {"timestamp":"2022-03-23T06:38:07.025Z"}
info: Server started at http://localhost:3000/api/v1/ {"timestamp":"2022-03-23T06:40:27.475Z"}
info: Connected to the database. {"timestamp":"2022-03-23T06:40:27.504Z"}
info: Server started at http://localhost:3000/api/v1/ {"timestamp":"2022-03-23T06:40:36.498Z"}
info: Connected to the database. {"timestamp":"2022-03-23T06:40:36.526Z"}
info: Server started at http://localhost:3000/api/v1/ {"timestamp":"2022-03-23T06:48:07.428Z"}
info: Connected to the database. {"timestamp":"2022-03-23T06:48:07.457Z"}
info: Server started at http://localhost:3000/api/v1/ {"timestamp":"2022-03-23T06:50:05.447Z"}
info: Connected to the database. {"timestamp":"2022-03-23T06:50:05.474Z"}
info: Server started at http://localhost:3000/api/v1/ {"timestamp":"2022-03-23T06:50:16.683Z"}
info: Connected to the database. {"timestamp":"2022-03-23T06:50:16.708Z"}
info: Server started at http://localhost:3000/api/v1/ {"timestamp":"2022-03-23T06:51:25.244Z"}
info: Connected to the database. {"timestamp":"2022-03-23T06:51:25.276Z"}
info: Server started at http://localhost:3000/api/v1/ {"timestamp":"2022-03-23T06:59:05.589Z"}
info: Connected to the database. {"timestamp":"2022-03-23T06:59:05.612Z"}
info: Server started at http://localhost:3000/api/v1/ {"timestamp":"2022-03-23T06:59:27.436Z"}
info: Connected to the database. {"timestamp":"2022-03-23T06:59:27.466Z"}
info: Server started at http://localhost:3000/api/v1/ {"timestamp":"2022-03-23T06:59:41.588Z"}
info: Connected to the database. {"timestamp":"2022-03-23T06:59:41.624Z"}
info: Server started at http://localhost:3000/api/v1/ {"timestamp":"2022-03-23T06:59:49.432Z"}
info: Connected to the database. {"timestamp":"2022-03-23T06:59:49.463Z"}
info: Server started at http://localhost:3000/api/v1/ {"timestamp":"2022-03-23T07:03:34.373Z"}
info: Connected to the database. {"timestamp":"2022-03-23T07:03:34.407Z"}
info: Server started at http://localhost:3000/api/v1/ {"timestamp":"2022-03-23T07:03:45.954Z"}
info: Connected to the database. {"timestamp":"2022-03-23T07:03:45.985Z"}
info: Server started at http://localhost:3000/api/v1/ {"timestamp":"2022-03-23T07:06:23.520Z"}
info: Connected to the database. {"timestamp":"2022-03-23T07:06:23.552Z"}
error: 
    status - 500 
    message - ValidationError: "firstName" length must be at least 4 characters long 
    url - /api/v1/users/registration 
    method - POST 
    IP - ::1
   {"timestamp":"2022-03-23T07:09:41.371Z"}
info: Server started at http://localhost:3000/api/v1/ {"timestamp":"2022-03-23T07:19:00.609Z"}
info: Connected to the database. {"timestamp":"2022-03-23T07:19:00.634Z"}
info: Server started at http://localhost:3000/api/v1/ {"timestamp":"2022-03-23T07:20:02.634Z"}
info: Connected to the database. {"timestamp":"2022-03-23T07:20:02.663Z"}
info: Server started at http://localhost:3000/api/v1/ {"timestamp":"2022-03-23T07:20:23.408Z"}
info: Connected to the database. {"timestamp":"2022-03-23T07:20:23.446Z"}
info: Server started at http://localhost:3000/api/v1/ {"timestamp":"2022-03-23T07:20:30.766Z"}
info: Connected to the database. {"timestamp":"2022-03-23T07:20:30.794Z"}
info: Server started at http://localhost:3000/api/v1/ {"timestamp":"2022-03-23T11:14:30.183Z"}
info: Connected to the database. {"timestamp":"2022-03-23T11:14:30.221Z"}
