info: Server started at http://localhost:3000/api/v1/ {"timestamp":"2022-03-13T10:01:36.372Z"}
info: Connected to the database. {"timestamp":"2022-03-13T10:01:50.242Z"}
info: Server started at http://localhost:3000/api/v1/ {"timestamp":"2022-03-13T10:11:14.974Z"}
info: Connected to the database. {"timestamp":"2022-03-13T10:11:18.144Z"}
info: Server started at http://localhost:3000/api/v1/ {"timestamp":"2022-03-13T10:21:25.871Z"}
info: Connected to the database. {"timestamp":"2022-03-13T10:21:29.548Z"}
info: Server started at http://localhost:3000/api/v1/ {"timestamp":"2022-03-13T10:36:34.825Z"}
info: Connected to the database. {"timestamp":"2022-03-13T10:36:48.108Z"}
error: 
      status - 400
      message - Authorization token is required 
      url - /api/v1/users/622dca4a87f305144818e82d 
      method - GET 
      IP - ::1
     {"timestamp":"2022-03-13T10:44:42.956Z"}
error: 
      status - 400
      message - Authorization token is required 
      url - /api/v1/users/622dca4a87f305144818e82d 
      method - GET 
      IP - ::1
     {"timestamp":"2022-03-13T10:44:52.349Z"}
